0	17:29:57.854	LiveUpdate: updater - started for 'C:\Program Files (x86)\MetaTrader 4 IC Markets Global'
0	17:29:57.857	LiveUpdate: updater - start admin updater
1	17:30:00.822	LiveUpdate: updater - elevated updater start failed [1223]
0	17:30:00.825	LiveUpdate: updater - finished for 'C:\Program Files (x86)\MetaTrader 4 IC Markets Global'
0	17:29:49.964	IC Markets (SC) MT4 build 1415 started (Raw Trading Ltd)
0	17:29:49.965	Windows 10 Pro x64, UAC, 4 x Intel Core i5-5300U  @ 2.30GHz, Memory: 2574 / 8067 Mb, Disk: 6 / 53 Gb, GMT+5
0	17:29:49.965	Data Folder: C:\Users\shall\AppData\Roaming\MetaQuotes\Terminal\5D49F47D1EA1ECFC0DDC965B6D100AC5
1	17:29:58.328	'66686155': connect failed [Old version]
0	17:29:58.328	LiveUpdate: old version, try to download new one
0	17:30:04.165	LiveUpdate: old version, try to download new one
0	17:30:09.999	LiveUpdate: old version, try to download new one
0	17:30:15.875	LiveUpdate: old version, try to download new one
0	17:30:21.789	LiveUpdate: old version, try to download new one
0	17:30:32.948	LiveUpdate: old version, try to download new one
0	17:30:38.754	LiveUpdate: old version, try to download new one
0	17:30:44.547	LiveUpdate: old version, try to download new one
0	17:30:50.355	LiveUpdate: old version, try to download new one
0	17:30:56.837	LiveUpdate: old version, try to download new one
0	17:31:08.576	LiveUpdate: old version, try to download new one
0	17:31:14.918	LiveUpdate: old version, try to download new one
0	17:31:21.656	LiveUpdate: old version, try to download new one
0	17:31:28.069	LiveUpdate: old version, try to download new one
0	17:31:34.508	LiveUpdate: old version, try to download new one
0	17:31:46.210	LiveUpdate: old version, try to download new one
0	17:31:52.547	LiveUpdate: old version, try to download new one
0	17:31:59.208	LiveUpdate: old version, try to download new one
0	17:32:05.583	LiveUpdate: old version, try to download new one
0	17:32:12.037	LiveUpdate: old version, try to download new one
0	17:32:23.880	LiveUpdate: old version, try to download new one
0	17:32:29.802	LiveUpdate: old version, try to download new one
0	17:32:35.645	LiveUpdate: old version, try to download new one
0	17:32:41.676	LiveUpdate: old version, try to download new one
0	17:32:47.722	LiveUpdate: old version, try to download new one
0	17:32:58.926	LiveUpdate: old version, try to download new one
0	17:33:04.643	LiveUpdate: old version, try to download new one
0	17:33:10.386	LiveUpdate: old version, try to download new one
0	17:33:16.236	LiveUpdate: old version, try to download new one
0	17:33:22.101	LiveUpdate: old version, try to download new one
0	17:33:33.229	LiveUpdate: old version, try to download new one
0	17:33:39.026	LiveUpdate: old version, try to download new one
0	17:33:44.708	LiveUpdate: old version, try to download new one
0	17:33:50.526	LiveUpdate: old version, try to download new one
0	17:33:56.395	LiveUpdate: old version, try to download new one
0	17:34:07.476	LiveUpdate: old version, try to download new one
0	17:34:13.252	LiveUpdate: old version, try to download new one
0	17:34:19.097	LiveUpdate: old version, try to download new one
0	17:34:24.839	LiveUpdate: old version, try to download new one
0	17:34:30.653	LiveUpdate: old version, try to download new one
0	17:34:41.773	LiveUpdate: old version, try to download new one
0	17:34:47.564	LiveUpdate: old version, try to download new one
0	17:34:53.326	LiveUpdate: old version, try to download new one
0	17:34:59.332	LiveUpdate: old version, try to download new one
0	17:35:05.235	LiveUpdate: old version, try to download new one
0	17:35:16.420	LiveUpdate: old version, try to download new one
0	17:35:22.248	LiveUpdate: old version, try to download new one
0	17:35:28.023	LiveUpdate: old version, try to download new one
0	17:35:33.866	LiveUpdate: old version, try to download new one
0	17:35:39.761	LiveUpdate: old version, try to download new one
0	17:35:50.987	LiveUpdate: old version, try to download new one
0	17:35:56.797	LiveUpdate: old version, try to download new one
0	17:36:02.554	LiveUpdate: old version, try to download new one
0	17:36:08.517	LiveUpdate: old version, try to download new one
0	17:36:14.338	LiveUpdate: old version, try to download new one
0	17:36:25.529	LiveUpdate: old version, try to download new one
0	17:36:31.270	LiveUpdate: old version, try to download new one
0	17:36:37.067	LiveUpdate: old version, try to download new one
0	17:36:42.961	LiveUpdate: old version, try to download new one
0	17:36:48.819	LiveUpdate: old version, try to download new one
0	17:36:59.959	LiveUpdate: old version, try to download new one
0	17:37:05.746	LiveUpdate: old version, try to download new one
0	17:37:11.611	LiveUpdate: old version, try to download new one
0	17:37:17.592	LiveUpdate: old version, try to download new one
0	17:37:23.481	LiveUpdate: old version, try to download new one
0	17:37:34.672	LiveUpdate: old version, try to download new one
0	17:37:40.495	LiveUpdate: old version, try to download new one
0	17:37:46.387	LiveUpdate: old version, try to download new one
0	17:37:52.261	LiveUpdate: old version, try to download new one
0	17:37:58.089	LiveUpdate: old version, try to download new one
0	17:38:09.217	LiveUpdate: old version, try to download new one
0	17:38:14.995	LiveUpdate: old version, try to download new one
0	17:38:20.826	LiveUpdate: old version, try to download new one
0	17:38:26.684	LiveUpdate: old version, try to download new one
0	17:38:32.677	LiveUpdate: old version, try to download new one
0	17:38:44.012	LiveUpdate: old version, try to download new one
0	17:38:49.732	LiveUpdate: old version, try to download new one
0	17:38:55.403	LiveUpdate: old version, try to download new one
0	17:39:01.310	LiveUpdate: old version, try to download new one
0	17:39:07.170	LiveUpdate: old version, try to download new one
0	17:39:18.484	LiveUpdate: old version, try to download new one
0	17:39:24.304	LiveUpdate: old version, try to download new one
0	17:39:30.142	LiveUpdate: old version, try to download new one
0	17:39:36.029	LiveUpdate: old version, try to download new one
0	17:39:41.977	LiveUpdate: old version, try to download new one
0	17:39:53.147	LiveUpdate: old version, try to download new one
0	17:39:58.957	LiveUpdate: old version, try to download new one
0	17:40:04.678	LiveUpdate: old version, try to download new one
0	17:40:10.480	LiveUpdate: old version, try to download new one
0	17:40:16.389	LiveUpdate: old version, try to download new one
0	17:40:27.649	LiveUpdate: old version, try to download new one
0	17:40:33.449	LiveUpdate: old version, try to download new one
0	17:40:39.173	LiveUpdate: old version, try to download new one
0	17:40:45.084	LiveUpdate: old version, try to download new one
0	17:40:50.981	LiveUpdate: old version, try to download new one
0	17:41:02.211	LiveUpdate: old version, try to download new one
0	17:41:08.038	LiveUpdate: old version, try to download new one
0	17:41:13.858	LiveUpdate: old version, try to download new one
0	17:41:19.856	LiveUpdate: old version, try to download new one
0	17:41:25.788	LiveUpdate: old version, try to download new one
0	17:41:37.006	LiveUpdate: old version, try to download new one
0	17:41:42.872	LiveUpdate: old version, try to download new one
0	17:41:48.762	LiveUpdate: old version, try to download new one
0	17:41:54.668	LiveUpdate: old version, try to download new one
0	17:42:00.589	LiveUpdate: old version, try to download new one
0	17:42:11.838	LiveUpdate: old version, try to download new one
0	17:42:17.661	LiveUpdate: old version, try to download new one
0	17:42:23.488	LiveUpdate: old version, try to download new one
0	17:42:29.349	LiveUpdate: old version, try to download new one
0	17:42:35.349	LiveUpdate: old version, try to download new one
0	17:42:46.618	LiveUpdate: old version, try to download new one
0	17:42:52.461	LiveUpdate: old version, try to download new one
0	17:42:58.318	LiveUpdate: old version, try to download new one
0	17:43:04.240	LiveUpdate: old version, try to download new one
0	17:43:10.193	LiveUpdate: old version, try to download new one
0	17:43:21.473	LiveUpdate: old version, try to download new one
0	17:43:27.316	LiveUpdate: old version, try to download new one
0	17:43:33.222	LiveUpdate: old version, try to download new one
0	17:43:39.144	LiveUpdate: old version, try to download new one
0	17:43:45.065	LiveUpdate: old version, try to download new one
0	17:43:56.283	LiveUpdate: old version, try to download new one
0	17:44:02.127	LiveUpdate: old version, try to download new one
0	17:44:07.908	LiveUpdate: old version, try to download new one
0	17:44:13.876	LiveUpdate: old version, try to download new one
0	17:44:19.797	LiveUpdate: old version, try to download new one
0	17:44:31.047	LiveUpdate: old version, try to download new one
0	17:44:36.886	LiveUpdate: old version, try to download new one
0	17:44:42.745	LiveUpdate: old version, try to download new one
0	17:44:48.635	LiveUpdate: old version, try to download new one
0	17:44:54.525	LiveUpdate: old version, try to download new one
0	17:45:05.697	LiveUpdate: old version, try to download new one
0	17:45:11.522	LiveUpdate: old version, try to download new one
0	17:45:17.318	LiveUpdate: old version, try to download new one
0	17:45:23.177	LiveUpdate: old version, try to download new one
0	17:45:29.161	LiveUpdate: old version, try to download new one
0	17:45:40.379	LiveUpdate: old version, try to download new one
0	17:45:46.285	LiveUpdate: old version, try to download new one
0	17:45:52.222	LiveUpdate: old version, try to download new one
0	17:45:58.081	LiveUpdate: old version, try to download new one
0	17:46:03.971	LiveUpdate: old version, try to download new one
0	17:46:15.189	LiveUpdate: old version, try to download new one
0	17:46:20.970	LiveUpdate: old version, try to download new one
0	17:46:27.220	LiveUpdate: old version, try to download new one
0	17:46:33.110	LiveUpdate: old version, try to download new one
0	17:46:39.069	LiveUpdate: old version, try to download new one
0	17:46:50.427	LiveUpdate: old version, try to download new one
0	17:46:56.271	LiveUpdate: old version, try to download new one
0	17:47:02.145	LiveUpdate: old version, try to download new one
0	17:47:08.051	LiveUpdate: old version, try to download new one
0	17:47:13.988	LiveUpdate: old version, try to download new one
0	17:47:25.284	LiveUpdate: old version, try to download new one
0	17:47:31.128	LiveUpdate: old version, try to download new one
0	17:47:36.987	LiveUpdate: old version, try to download new one
0	17:47:42.908	LiveUpdate: old version, try to download new one
0	17:47:48.845	LiveUpdate: old version, try to download new one
0	17:48:00.110	LiveUpdate: old version, try to download new one
0	17:48:05.875	LiveUpdate: old version, try to download new one
0	17:48:11.722	LiveUpdate: old version, try to download new one
0	17:48:17.597	LiveUpdate: old version, try to download new one
0	17:48:23.550	LiveUpdate: old version, try to download new one
0	17:48:34.835	LiveUpdate: old version, try to download new one
0	17:48:40.624	LiveUpdate: old version, try to download new one
0	17:48:46.467	LiveUpdate: old version, try to download new one
0	17:48:52.295	LiveUpdate: old version, try to download new one
0	17:48:58.201	LiveUpdate: old version, try to download new one
0	17:49:09.497	LiveUpdate: old version, try to download new one
0	17:49:15.340	LiveUpdate: old version, try to download new one
0	17:49:21.152	LiveUpdate: old version, try to download new one
0	17:49:27.089	LiveUpdate: old version, try to download new one
0	17:49:33.026	LiveUpdate: old version, try to download new one
0	17:49:44.285	LiveUpdate: old version, try to download new one
0	17:49:50.128	LiveUpdate: old version, try to download new one
0	17:49:56.018	LiveUpdate: old version, try to download new one
0	17:50:01.846	LiveUpdate: old version, try to download new one
0	17:50:07.721	LiveUpdate: old version, try to download new one
0	17:50:18.929	LiveUpdate: old version, try to download new one
0	17:50:24.737	LiveUpdate: old version, try to download new one
0	17:50:30.503	LiveUpdate: old version, try to download new one
0	17:50:36.468	LiveUpdate: old version, try to download new one
0	17:50:42.389	LiveUpdate: old version, try to download new one
0	17:50:53.639	LiveUpdate: old version, try to download new one
0	17:50:59.466	LiveUpdate: old version, try to download new one
0	17:51:05.310	LiveUpdate: old version, try to download new one
0	17:51:11.153	LiveUpdate: old version, try to download new one
0	17:51:17.074	LiveUpdate: old version, try to download new one
0	17:51:28.358	LiveUpdate: old version, try to download new one
0	17:51:34.123	LiveUpdate: old version, try to download new one
0	17:51:40.052	LiveUpdate: old version, try to download new one
0	17:51:45.936	LiveUpdate: old version, try to download new one
0	17:51:51.847	LiveUpdate: old version, try to download new one
0	17:52:03.099	LiveUpdate: old version, try to download new one
0	17:52:08.923	LiveUpdate: old version, try to download new one
0	17:52:14.816	LiveUpdate: old version, try to download new one
0	17:52:20.669	LiveUpdate: old version, try to download new one
0	17:52:26.586	LiveUpdate: old version, try to download new one
0	17:52:37.771	LiveUpdate: old version, try to download new one
0	17:52:43.610	LiveUpdate: old version, try to download new one
0	17:52:49.621	LiveUpdate: old version, try to download new one
0	17:52:55.458	LiveUpdate: old version, try to download new one
0	17:53:01.356	LiveUpdate: old version, try to download new one
0	17:53:12.567	LiveUpdate: old version, try to download new one
0	17:53:18.371	LiveUpdate: old version, try to download new one
0	17:53:24.230	LiveUpdate: old version, try to download new one
0	17:53:30.130	LiveUpdate: old version, try to download new one
0	17:53:36.018	LiveUpdate: old version, try to download new one
0	17:53:47.318	LiveUpdate: old version, try to download new one
0	17:53:53.312	LiveUpdate: old version, try to download new one
0	17:53:59.107	LiveUpdate: old version, try to download new one
0	17:54:04.987	LiveUpdate: old version, try to download new one
0	17:54:10.896	LiveUpdate: old version, try to download new one
0	17:54:22.128	LiveUpdate: old version, try to download new one
2	17:54:25.068	Expert ChartObjec EURUSD,H1: loaded successfully
0	17:54:27.993	LiveUpdate: old version, try to download new one
0	17:54:33.772	LiveUpdate: old version, try to download new one
0	17:54:39.607	LiveUpdate: old version, try to download new one
0	17:54:45.517	LiveUpdate: old version, try to download new one
0	17:54:56.778	LiveUpdate: old version, try to download new one
0	17:55:02.637	LiveUpdate: old version, try to download new one
0	17:55:08.498	LiveUpdate: old version, try to download new one
0	17:55:14.373	LiveUpdate: old version, try to download new one
0	17:55:20.341	LiveUpdate: old version, try to download new one
0	17:55:31.556	LiveUpdate: old version, try to download new one
0	17:55:37.431	LiveUpdate: old version, try to download new one
0	17:55:43.360	LiveUpdate: old version, try to download new one
0	17:55:49.157	LiveUpdate: old version, try to download new one
0	17:55:54.970	LiveUpdate: old version, try to download new one
0	17:56:06.048	LiveUpdate: old version, try to download new one
0	17:56:11.863	LiveUpdate: old version, try to download new one
0	17:56:17.692	LiveUpdate: old version, try to download new one
0	17:56:23.606	LiveUpdate: old version, try to download new one
0	17:56:29.544	LiveUpdate: old version, try to download new one
0	17:56:40.808	LiveUpdate: old version, try to download new one
0	17:56:46.652	LiveUpdate: old version, try to download new one
0	17:56:52.526	LiveUpdate: old version, try to download new one
0	17:56:58.495	LiveUpdate: old version, try to download new one
0	17:57:04.448	LiveUpdate: old version, try to download new one
0	17:57:15.728	LiveUpdate: old version, try to download new one
0	17:57:21.665	LiveUpdate: old version, try to download new one
0	17:57:27.508	LiveUpdate: old version, try to download new one
0	17:57:33.461	LiveUpdate: old version, try to download new one
0	17:57:39.501	LiveUpdate: old version, try to download new one
0	17:57:50.766	LiveUpdate: old version, try to download new one
0	17:57:56.661	LiveUpdate: old version, try to download new one
0	17:58:02.516	LiveUpdate: old version, try to download new one
0	17:58:08.517	LiveUpdate: old version, try to download new one
0	17:58:14.356	LiveUpdate: old version, try to download new one
0	17:58:25.679	LiveUpdate: old version, try to download new one
0	17:58:31.585	LiveUpdate: old version, try to download new one
0	17:58:37.383	LiveUpdate: old version, try to download new one
0	17:58:43.259	LiveUpdate: old version, try to download new one
0	17:58:52.374	LiveUpdate: old version, try to download new one
0	17:59:03.675	LiveUpdate: old version, try to download new one
0	17:59:09.468	LiveUpdate: old version, try to download new one
0	17:59:15.208	LiveUpdate: old version, try to download new one
0	17:59:21.155	LiveUpdate: old version, try to download new one
0	17:59:27.061	LiveUpdate: old version, try to download new one
0	17:59:38.168	LiveUpdate: old version, try to download new one
0	17:59:43.960	LiveUpdate: old version, try to download new one
0	17:59:49.803	LiveUpdate: old version, try to download new one
0	17:59:55.664	LiveUpdate: old version, try to download new one
0	18:00:01.633	LiveUpdate: old version, try to download new one
0	18:00:12.935	LiveUpdate: old version, try to download new one
0	18:00:18.745	LiveUpdate: old version, try to download new one
0	18:00:24.559	LiveUpdate: old version, try to download new one
0	18:00:30.450	LiveUpdate: old version, try to download new one
0	18:00:36.399	LiveUpdate: old version, try to download new one
0	18:00:47.499	LiveUpdate: old version, try to download new one
0	18:00:53.276	LiveUpdate: old version, try to download new one
0	18:00:59.061	LiveUpdate: old version, try to download new one
0	18:01:04.931	LiveUpdate: old version, try to download new one
0	18:01:10.790	LiveUpdate: old version, try to download new one
0	18:01:22.020	LiveUpdate: old version, try to download new one
0	18:01:27.886	LiveUpdate: old version, try to download new one
0	18:01:33.680	LiveUpdate: old version, try to download new one
0	18:01:39.516	LiveUpdate: old version, try to download new one
0	18:01:45.355	LiveUpdate: old version, try to download new one
0	18:01:56.734	LiveUpdate: old version, try to download new one
0	18:02:02.681	LiveUpdate: old version, try to download new one
0	18:02:08.485	LiveUpdate: old version, try to download new one
0	18:02:14.436	LiveUpdate: old version, try to download new one
0	18:02:20.338	LiveUpdate: old version, try to download new one
0	18:02:31.552	LiveUpdate: old version, try to download new one
0	18:02:37.329	LiveUpdate: old version, try to download new one
0	18:02:43.143	LiveUpdate: old version, try to download new one
0	18:02:48.943	LiveUpdate: old version, try to download new one
0	18:02:54.849	LiveUpdate: old version, try to download new one
0	18:03:06.130	LiveUpdate: old version, try to download new one
0	18:03:11.909	LiveUpdate: old version, try to download new one
0	18:03:17.778	LiveUpdate: old version, try to download new one
0	18:03:23.588	LiveUpdate: old version, try to download new one
0	18:03:29.544	LiveUpdate: old version, try to download new one
0	18:03:43.811	LiveUpdate: old version, try to download new one
0	18:03:49.648	LiveUpdate: old version, try to download new one
0	18:03:55.488	LiveUpdate: old version, try to download new one
0	18:04:01.368	LiveUpdate: old version, try to download new one
0	18:04:07.269	LiveUpdate: old version, try to download new one
0	18:04:18.571	LiveUpdate: old version, try to download new one
0	18:04:24.391	LiveUpdate: old version, try to download new one
0	18:04:30.264	LiveUpdate: old version, try to download new one
0	18:04:36.362	LiveUpdate: old version, try to download new one
0	18:04:42.316	LiveUpdate: old version, try to download new one
0	18:04:53.507	LiveUpdate: old version, try to download new one
0	18:04:59.297	LiveUpdate: old version, try to download new one
0	18:05:05.135	LiveUpdate: old version, try to download new one
0	18:05:10.959	LiveUpdate: old version, try to download new one
0	18:05:16.984	LiveUpdate: old version, try to download new one
0	18:05:28.315	LiveUpdate: old version, try to download new one
0	18:05:34.120	LiveUpdate: old version, try to download new one
0	18:05:39.953	LiveUpdate: old version, try to download new one
0	18:05:45.852	LiveUpdate: old version, try to download new one
0	18:05:51.756	LiveUpdate: old version, try to download new one
0	18:06:02.959	LiveUpdate: old version, try to download new one
0	18:06:08.809	LiveUpdate: old version, try to download new one
0	18:06:14.610	LiveUpdate: old version, try to download new one
0	18:06:20.506	LiveUpdate: old version, try to download new one
0	18:06:26.435	LiveUpdate: old version, try to download new one
0	18:06:37.647	LiveUpdate: old version, try to download new one
0	18:06:43.461	LiveUpdate: old version, try to download new one
0	18:06:49.379	LiveUpdate: old version, try to download new one
0	18:06:55.232	LiveUpdate: old version, try to download new one
0	18:07:01.170	LiveUpdate: old version, try to download new one
0	18:07:12.420	LiveUpdate: old version, try to download new one
0	18:07:18.272	LiveUpdate: old version, try to download new one
0	18:07:24.091	LiveUpdate: old version, try to download new one
0	18:07:30.102	LiveUpdate: old version, try to download new one
0	18:07:35.988	LiveUpdate: old version, try to download new one
0	18:07:47.260	LiveUpdate: old version, try to download new one
0	18:07:53.099	LiveUpdate: old version, try to download new one
0	18:07:58.902	LiveUpdate: old version, try to download new one
0	18:08:04.790	LiveUpdate: old version, try to download new one
0	18:08:10.730	LiveUpdate: old version, try to download new one
0	18:08:22.025	LiveUpdate: old version, try to download new one
0	18:08:27.856	LiveUpdate: old version, try to download new one
0	18:08:33.638	LiveUpdate: old version, try to download new one
0	18:08:39.458	LiveUpdate: old version, try to download new one
0	18:08:45.335	LiveUpdate: old version, try to download new one
0	18:08:56.567	LiveUpdate: old version, try to download new one
0	18:09:02.388	LiveUpdate: old version, try to download new one
0	18:09:08.215	LiveUpdate: old version, try to download new one
0	18:09:14.170	LiveUpdate: old version, try to download new one
0	18:09:20.169	LiveUpdate: old version, try to download new one
0	18:09:31.505	LiveUpdate: old version, try to download new one
0	18:09:37.411	LiveUpdate: old version, try to download new one
0	18:09:43.357	LiveUpdate: old version, try to download new one
0	18:09:49.196	LiveUpdate: old version, try to download new one
2	18:09:54.133	Expert ChartObjec EURUSD,H1: removed
0	18:09:54.680	IC Markets (SC) MT4 build 1415 stopped
