0	19:25:12.409	IC Markets (SC) MT4 build 1415 started (Raw Trading Ltd)
0	19:25:12.425	Windows 10 Pro x64, UAC, 4 x Intel Core i5-5300U  @ 2.30GHz, Memory: 2819 / 8067 Mb, Disk: 2 / 53 Gb, GMT+5
0	19:25:12.425	Data Folder: C:\Users\shall\AppData\Roaming\MetaQuotes\Terminal\5D49F47D1EA1ECFC0DDC965B6D100AC5
2	19:25:14.674	Custom indicator RVI_application EURUSD,H1: loaded successfully
2	19:25:14.768	Custom indicator dashboard_leftside EURUSD,H1: loaded successfully
2	19:25:14.831	Custom indicator movingavg_application EURUSD,H1: loaded successfully
2	19:25:14.877	Custom indicator Trend_Line EURUSD,H1: loaded successfully
2	19:25:14.940	Expert button_application EURUSD,H1: loaded successfully
2	19:25:14.987	Custom indicator Task1 EURUSD,H1: loaded successfully
2	19:25:15.002	Expert standard_deviation_indicator EURUSD,H1: loaded successfully
2	19:25:15.065	Custom indicator Task1 EURUSD,H1: loaded successfully
2	19:25:15.081	Custom indicator ATR EURUSD,H1: loaded successfully
2	19:25:15.159	Custom indicator task2 EURUSD,H1: loaded successfully
2	19:25:15.221	Custom indicator task2 EURUSD,H1: loaded successfully
2	19:25:15.268	Custom indicator task2 EURUSD,H1: loaded successfully
2	19:25:15.362	Custom indicator task2 EURUSD,H1: loaded successfully
2	19:25:15.424	Custom indicator task2 EURUSD,H1: loaded successfully
2	19:25:15.487	Custom indicator Trend Market Sentiment EURUSD,H1: loaded successfully
2	19:25:15.549	Custom indicator Task11111 EURUSD,H1: loaded successfully
0	19:25:17.540	'66686155': login on ICMarketsSC-Demo06 through FRK_DC_D06 (ping: 255.52 ms)
0	19:25:19.771	'66686155': login datacenter on ICMarketsSC-Demo06 through FRK_DC_D06 (ping: 255.52 ms)
0	19:25:20.747	'66686155': previous successful authorization performed from 103.213.202.61
0	19:25:29.194	'66686155': auto connecting to a better access point NVir_DC_D05 (ping is 241.34 ms)
0	19:25:30.071	'66686155': login on ICMarketsSC-Demo06 through NVir_DC_D05 (ping: 241.34 ms)
0	19:25:32.024	'66686155': login datacenter on ICMarketsSC-Demo06 through NVir_DC_D05 (ping: 241.34 ms)
0	19:25:33.079	'66686155': previous successful authorization performed from 103.213.202.61
2	19:25:41.133	Custom indicator task2 EURUSD,H1: removed
2	19:25:46.982	Custom indicator task2 EURUSD,H1: removed
2	19:25:51.141	Custom indicator Task1 EURUSD,H1: removed
2	19:25:51.141	Custom indicator ATR EURUSD,H1: removed
2	19:25:55.910	Custom indicator task2 EURUSD,H1: removed
2	19:26:02.575	Custom indicator task2 EURUSD,H1: removed
2	19:26:05.350	Custom indicator Task11111 EURUSD,H1: removed
2	19:26:08.660	Custom indicator Trend Market Sentiment EURUSD,H1: removed
2	19:26:11.566	Custom indicator task2 EURUSD,H1: removed
2	19:26:19.693	Expert standard_deviation_indicator EURUSD,H1: removed
2	19:26:19.693	Custom indicator Task1 EURUSD,H1: removed
2	19:26:22.255	Custom indicator Trend Market Sentiment EURUSD,H1: loaded successfully
2	19:26:39.857	Expert button_application EURUSD,H1: removed
2	19:26:43.723	Custom indicator Trend_Line EURUSD,H1: removed
2	19:26:46.926	Custom indicator movingavg_application EURUSD,H1: removed
2	19:26:50.706	Custom indicator dashboard_leftside EURUSD,H1: removed
2	19:26:54.027	Custom indicator RVI_application EURUSD,H1: removed
1	22:42:10.952	'66686155': ping failed
1	22:42:14.872	'66686155': connect failed [No connection]
