0	14:54:56.843	Migration: copied from 'C:\Program Files (x86)\MetaTrader 4 IC Markets Global\config\terminal.ini' to 'C:\Users\shall\AppData\Roaming\MetaQuotes\Terminal\5D49F47D1EA1ECFC0DDC965B6D100AC5\config\terminal.ini'
0	14:54:56.845	Migration: copied from 'C:\Program Files (x86)\MetaTrader 4 IC Markets Global\config\ICMarketsSC-Demo01.srv' to 'C:\Users\shall\AppData\Roaming\MetaQuotes\Terminal\5D49F47D1EA1ECFC0DDC965B6D100AC5\config\ICMarketsSC-Demo01.srv'
0	14:54:56.847	Migration: copied from 'C:\Program Files (x86)\MetaTrader 4 IC Markets Global\config\ICMarketsSC-Demo02.srv' to 'C:\Users\shall\AppData\Roaming\MetaQuotes\Terminal\5D49F47D1EA1ECFC0DDC965B6D100AC5\config\ICMarketsSC-Demo02.srv'
0	14:54:56.848	Migration: copied from 'C:\Program Files (x86)\MetaTrader 4 IC Markets Global\config\ICMarketsSC-Demo03.srv' to 'C:\Users\shall\AppData\Roaming\MetaQuotes\Terminal\5D49F47D1EA1ECFC0DDC965B6D100AC5\config\ICMarketsSC-Demo03.srv'
0	14:54:56.849	Migration: copied from 'C:\Program Files (x86)\MetaTrader 4 IC Markets Global\config\ICMarketsSC-Demo04.srv' to 'C:\Users\shall\AppData\Roaming\MetaQuotes\Terminal\5D49F47D1EA1ECFC0DDC965B6D100AC5\config\ICMarketsSC-Demo04.srv'
0	14:54:56.851	Migration: copied from 'C:\Program Files (x86)\MetaTrader 4 IC Markets Global\config\ICMarketsSC-Demo06.srv' to 'C:\Users\shall\AppData\Roaming\MetaQuotes\Terminal\5D49F47D1EA1ECFC0DDC965B6D100AC5\config\ICMarketsSC-Demo06.srv'
0	14:54:56.852	Migration: copied from 'C:\Program Files (x86)\MetaTrader 4 IC Markets Global\config\ICMarketsSC-Live01.srv' to 'C:\Users\shall\AppData\Roaming\MetaQuotes\Terminal\5D49F47D1EA1ECFC0DDC965B6D100AC5\config\ICMarketsSC-Live01.srv'
0	14:54:56.853	Migration: copied from 'C:\Program Files (x86)\MetaTrader 4 IC Markets Global\config\ICMarketsSC-Live02.srv' to 'C:\Users\shall\AppData\Roaming\MetaQuotes\Terminal\5D49F47D1EA1ECFC0DDC965B6D100AC5\config\ICMarketsSC-Live02.srv'
0	14:54:56.855	Migration: copied from 'C:\Program Files (x86)\MetaTrader 4 IC Markets Global\config\ICMarketsSC-Live03.srv' to 'C:\Users\shall\AppData\Roaming\MetaQuotes\Terminal\5D49F47D1EA1ECFC0DDC965B6D100AC5\config\ICMarketsSC-Live03.srv'
0	14:54:56.857	Migration: copied from 'C:\Program Files (x86)\MetaTrader 4 IC Markets Global\config\ICMarketsSC-Live04.srv' to 'C:\Users\shall\AppData\Roaming\MetaQuotes\Terminal\5D49F47D1EA1ECFC0DDC965B6D100AC5\config\ICMarketsSC-Live04.srv'
0	14:54:56.858	Migration: copied from 'C:\Program Files (x86)\MetaTrader 4 IC Markets Global\config\ICMarketsSC-Live05.srv' to 'C:\Users\shall\AppData\Roaming\MetaQuotes\Terminal\5D49F47D1EA1ECFC0DDC965B6D100AC5\config\ICMarketsSC-Live05.srv'
0	14:54:56.859	Migration: copied from 'C:\Program Files (x86)\MetaTrader 4 IC Markets Global\config\ICMarketsSC-Live06.srv' to 'C:\Users\shall\AppData\Roaming\MetaQuotes\Terminal\5D49F47D1EA1ECFC0DDC965B6D100AC5\config\ICMarketsSC-Live06.srv'
0	14:54:56.861	Migration: copied from 'C:\Program Files (x86)\MetaTrader 4 IC Markets Global\config\ICMarketsSC-Live07.srv' to 'C:\Users\shall\AppData\Roaming\MetaQuotes\Terminal\5D49F47D1EA1ECFC0DDC965B6D100AC5\config\ICMarketsSC-Live07.srv'
0	14:54:56.862	Migration: copied from 'C:\Program Files (x86)\MetaTrader 4 IC Markets Global\config\ICMarketsSC-Live08.srv' to 'C:\Users\shall\AppData\Roaming\MetaQuotes\Terminal\5D49F47D1EA1ECFC0DDC965B6D100AC5\config\ICMarketsSC-Live08.srv'
0	14:54:56.864	Migration: copied from 'C:\Program Files (x86)\MetaTrader 4 IC Markets Global\config\ICMarketsSC-Live09.srv' to 'C:\Users\shall\AppData\Roaming\MetaQuotes\Terminal\5D49F47D1EA1ECFC0DDC965B6D100AC5\config\ICMarketsSC-Live09.srv'
0	14:54:56.865	Migration: copied from 'C:\Program Files (x86)\MetaTrader 4 IC Markets Global\config\ICMarketsSC-Live10.srv' to 'C:\Users\shall\AppData\Roaming\MetaQuotes\Terminal\5D49F47D1EA1ECFC0DDC965B6D100AC5\config\ICMarketsSC-Live10.srv'
0	14:54:56.866	Migration: copied from 'C:\Program Files (x86)\MetaTrader 4 IC Markets Global\config\ICMarketsSC-Live11.srv' to 'C:\Users\shall\AppData\Roaming\MetaQuotes\Terminal\5D49F47D1EA1ECFC0DDC965B6D100AC5\config\ICMarketsSC-Live11.srv'
0	14:54:56.868	Migration: copied from 'C:\Program Files (x86)\MetaTrader 4 IC Markets Global\config\ICMarketsSC-Live12.srv' to 'C:\Users\shall\AppData\Roaming\MetaQuotes\Terminal\5D49F47D1EA1ECFC0DDC965B6D100AC5\config\ICMarketsSC-Live12.srv'
0	14:54:56.869	Migration: copied from 'C:\Program Files (x86)\MetaTrader 4 IC Markets Global\config\ICMarketsSC-Live14.srv' to 'C:\Users\shall\AppData\Roaming\MetaQuotes\Terminal\5D49F47D1EA1ECFC0DDC965B6D100AC5\config\ICMarketsSC-Live14.srv'
0	14:54:56.871	Migration: copied from 'C:\Program Files (x86)\MetaTrader 4 IC Markets Global\config\ICMarketsSC-Live15.srv' to 'C:\Users\shall\AppData\Roaming\MetaQuotes\Terminal\5D49F47D1EA1ECFC0DDC965B6D100AC5\config\ICMarketsSC-Live15.srv'
0	14:54:56.872	Migration: copied from 'C:\Program Files (x86)\MetaTrader 4 IC Markets Global\config\ICMarketsSC-Live16.srv' to 'C:\Users\shall\AppData\Roaming\MetaQuotes\Terminal\5D49F47D1EA1ECFC0DDC965B6D100AC5\config\ICMarketsSC-Live16.srv'
0	14:54:56.874	Migration: copied from 'C:\Program Files (x86)\MetaTrader 4 IC Markets Global\config\ICMarketsSC-Live17.srv' to 'C:\Users\shall\AppData\Roaming\MetaQuotes\Terminal\5D49F47D1EA1ECFC0DDC965B6D100AC5\config\ICMarketsSC-Live17.srv'
0	14:54:56.877	Migration: copied from 'C:\Program Files (x86)\MetaTrader 4 IC Markets Global\config\ICMarketsSC-Live18.srv' to 'C:\Users\shall\AppData\Roaming\MetaQuotes\Terminal\5D49F47D1EA1ECFC0DDC965B6D100AC5\config\ICMarketsSC-Live18.srv'
0	14:54:56.878	Migration: copied from 'C:\Program Files (x86)\MetaTrader 4 IC Markets Global\config\ICMarketsSC-Live19.srv' to 'C:\Users\shall\AppData\Roaming\MetaQuotes\Terminal\5D49F47D1EA1ECFC0DDC965B6D100AC5\config\ICMarketsSC-Live19.srv'
0	14:54:56.880	Migration: copied from 'C:\Program Files (x86)\MetaTrader 4 IC Markets Global\config\ICMarketsSC-Live20.srv' to 'C:\Users\shall\AppData\Roaming\MetaQuotes\Terminal\5D49F47D1EA1ECFC0DDC965B6D100AC5\config\ICMarketsSC-Live20.srv'
0	14:54:56.881	Migration: copied from 'C:\Program Files (x86)\MetaTrader 4 IC Markets Global\config\ICMarketsSC-Live21.srv' to 'C:\Users\shall\AppData\Roaming\MetaQuotes\Terminal\5D49F47D1EA1ECFC0DDC965B6D100AC5\config\ICMarketsSC-Live21.srv'
0	14:54:56.882	Migration: copied from 'C:\Program Files (x86)\MetaTrader 4 IC Markets Global\config\ICMarketsSC-Live22.srv' to 'C:\Users\shall\AppData\Roaming\MetaQuotes\Terminal\5D49F47D1EA1ECFC0DDC965B6D100AC5\config\ICMarketsSC-Live22.srv'
0	14:54:56.883	Migration: copied from 'C:\Program Files (x86)\MetaTrader 4 IC Markets Global\config\ICMarketsSC-Live23.srv' to 'C:\Users\shall\AppData\Roaming\MetaQuotes\Terminal\5D49F47D1EA1ECFC0DDC965B6D100AC5\config\ICMarketsSC-Live23.srv'
0	14:54:56.885	Migration: copied from 'C:\Program Files (x86)\MetaTrader 4 IC Markets Global\config\ICMarketsSC-Live24.srv' to 'C:\Users\shall\AppData\Roaming\MetaQuotes\Terminal\5D49F47D1EA1ECFC0DDC965B6D100AC5\config\ICMarketsSC-Live24.srv'
0	14:54:56.886	Migration: copied from 'C:\Program Files (x86)\MetaTrader 4 IC Markets Global\config\ICMarketsSC-Live25.srv' to 'C:\Users\shall\AppData\Roaming\MetaQuotes\Terminal\5D49F47D1EA1ECFC0DDC965B6D100AC5\config\ICMarketsSC-Live25.srv'
0	14:54:56.887	Migration: copied from 'C:\Program Files (x86)\MetaTrader 4 IC Markets Global\config\ICMarketsSC-Live26.srv' to 'C:\Users\shall\AppData\Roaming\MetaQuotes\Terminal\5D49F47D1EA1ECFC0DDC965B6D100AC5\config\ICMarketsSC-Live26.srv'
0	14:54:56.889	Migration: copied from 'C:\Program Files (x86)\MetaTrader 4 IC Markets Global\config\ICMarketsSC-Live27.srv' to 'C:\Users\shall\AppData\Roaming\MetaQuotes\Terminal\5D49F47D1EA1ECFC0DDC965B6D100AC5\config\ICMarketsSC-Live27.srv'
0	14:54:56.891	Migration: copied from 'C:\Program Files (x86)\MetaTrader 4 IC Markets Global\config\ICMarketsSC-Live31.srv' to 'C:\Users\shall\AppData\Roaming\MetaQuotes\Terminal\5D49F47D1EA1ECFC0DDC965B6D100AC5\config\ICMarketsSC-Live31.srv'
0	14:54:56.893	Migration: copied from 'C:\Program Files (x86)\MetaTrader 4 IC Markets Global\config\ICMarketsSC-Live32.srv' to 'C:\Users\shall\AppData\Roaming\MetaQuotes\Terminal\5D49F47D1EA1ECFC0DDC965B6D100AC5\config\ICMarketsSC-Live32.srv'
0	14:54:56.936	Migration: copied from 'C:\Program Files (x86)\MetaTrader 4 IC Markets Global\config\ICMarketsSC-Live33.srv' to 'C:\Users\shall\AppData\Roaming\MetaQuotes\Terminal\5D49F47D1EA1ECFC0DDC965B6D100AC5\config\ICMarketsSC-Live33.srv'
0	14:54:56.938	Migration: copied from 'C:\Program Files (x86)\MetaTrader 4 IC Markets Global\config\ICMarketsSC-Live34.srv' to 'C:\Users\shall\AppData\Roaming\MetaQuotes\Terminal\5D49F47D1EA1ECFC0DDC965B6D100AC5\config\ICMarketsSC-Live34.srv'
0	14:54:56.938	Migration: config folder copied from 'C:\Program Files (x86)\MetaTrader 4 IC Markets Global' to 'C:\Users\shall\AppData\Roaming\MetaQuotes\Terminal\5D49F47D1EA1ECFC0DDC965B6D100AC5'
0	14:54:56.944	Migration: copied from 'C:\Program Files (x86)\MetaTrader 4 IC Markets Global\history\default\EURUSD240.hst' to 'C:\Users\shall\AppData\Roaming\MetaQuotes\Terminal\5D49F47D1EA1ECFC0DDC965B6D100AC5\history\default\EURUSD240.hst'
0	14:54:56.946	Migration: copied from 'C:\Program Files (x86)\MetaTrader 4 IC Markets Global\history\default\GBPUSD240.hst' to 'C:\Users\shall\AppData\Roaming\MetaQuotes\Terminal\5D49F47D1EA1ECFC0DDC965B6D100AC5\history\default\GBPUSD240.hst'
0	14:54:56.948	Migration: copied from 'C:\Program Files (x86)\MetaTrader 4 IC Markets Global\history\default\USDCHF240.hst' to 'C:\Users\shall\AppData\Roaming\MetaQuotes\Terminal\5D49F47D1EA1ECFC0DDC965B6D100AC5\history\default\USDCHF240.hst'
0	14:54:56.950	Migration: copied from 'C:\Program Files (x86)\MetaTrader 4 IC Markets Global\history\default\USDJPY240.hst' to 'C:\Users\shall\AppData\Roaming\MetaQuotes\Terminal\5D49F47D1EA1ECFC0DDC965B6D100AC5\history\default\USDJPY240.hst'
0	14:54:56.955	Migration: copied from 'C:\Program Files (x86)\MetaTrader 4 IC Markets Global\history\default\symbols.sel' to 'C:\Users\shall\AppData\Roaming\MetaQuotes\Terminal\5D49F47D1EA1ECFC0DDC965B6D100AC5\history\default\symbols.sel'
0	14:54:56.960	Migration: copied from 'C:\Program Files (x86)\MetaTrader 4 IC Markets Global\history\default\symbols.raw' to 'C:\Users\shall\AppData\Roaming\MetaQuotes\Terminal\5D49F47D1EA1ECFC0DDC965B6D100AC5\history\default\symbols.raw'
0	14:54:56.961	Migration: copied from 'C:\Program Files (x86)\MetaTrader 4 IC Markets Global\history\default\symgroups.raw' to 'C:\Users\shall\AppData\Roaming\MetaQuotes\Terminal\5D49F47D1EA1ECFC0DDC965B6D100AC5\history\default\symgroups.raw'
0	14:54:56.964	Migration: history folder copied from 'C:\Program Files (x86)\MetaTrader 4 IC Markets Global' to 'C:\Users\shall\AppData\Roaming\MetaQuotes\Terminal\5D49F47D1EA1ECFC0DDC965B6D100AC5'
0	14:54:56.966	Migration: copied from 'C:\Program Files (x86)\MetaTrader 4 IC Markets Global\history\default\EURUSD240.hst' to 'C:\Users\shall\AppData\Roaming\MetaQuotes\Terminal\5D49F47D1EA1ECFC0DDC965B6D100AC5\history\default\EURUSD240.hst'
0	14:54:56.968	Migration: copied from 'C:\Program Files (x86)\MetaTrader 4 IC Markets Global\history\default\GBPUSD240.hst' to 'C:\Users\shall\AppData\Roaming\MetaQuotes\Terminal\5D49F47D1EA1ECFC0DDC965B6D100AC5\history\default\GBPUSD240.hst'
0	14:54:56.969	Migration: copied from 'C:\Program Files (x86)\MetaTrader 4 IC Markets Global\history\default\symbols.raw' to 'C:\Users\shall\AppData\Roaming\MetaQuotes\Terminal\5D49F47D1EA1ECFC0DDC965B6D100AC5\history\default\symbols.raw'
0	14:54:56.970	Migration: copied from 'C:\Program Files (x86)\MetaTrader 4 IC Markets Global\history\default\symbols.sel' to 'C:\Users\shall\AppData\Roaming\MetaQuotes\Terminal\5D49F47D1EA1ECFC0DDC965B6D100AC5\history\default\symbols.sel'
0	14:54:56.971	Migration: copied from 'C:\Program Files (x86)\MetaTrader 4 IC Markets Global\history\default\symgroups.raw' to 'C:\Users\shall\AppData\Roaming\MetaQuotes\Terminal\5D49F47D1EA1ECFC0DDC965B6D100AC5\history\default\symgroups.raw'
0	14:54:56.974	Migration: copied from 'C:\Program Files (x86)\MetaTrader 4 IC Markets Global\history\default\USDCHF240.hst' to 'C:\Users\shall\AppData\Roaming\MetaQuotes\Terminal\5D49F47D1EA1ECFC0DDC965B6D100AC5\history\default\USDCHF240.hst'
0	14:54:56.976	Migration: copied from 'C:\Program Files (x86)\MetaTrader 4 IC Markets Global\history\default\USDJPY240.hst' to 'C:\Users\shall\AppData\Roaming\MetaQuotes\Terminal\5D49F47D1EA1ECFC0DDC965B6D100AC5\history\default\USDJPY240.hst'
0	14:54:56.978	Migration: copied from 'C:\Program Files (x86)\MetaTrader 4 IC Markets Global\history\symbolsets\forex.set' to 'C:\Users\shall\AppData\Roaming\MetaQuotes\Terminal\5D49F47D1EA1ECFC0DDC965B6D100AC5\history\symbolsets\forex.set'
0	14:54:56.979	Migration: copied from 'C:\Program Files (x86)\MetaTrader 4 IC Markets Global\history\symbolsets\forexall.set' to 'C:\Users\shall\AppData\Roaming\MetaQuotes\Terminal\5D49F47D1EA1ECFC0DDC965B6D100AC5\history\symbolsets\forexall.set'
0	14:54:56.981	Migration: copied from 'C:\Program Files (x86)\MetaTrader 4 IC Markets Global\history\mailbox\1356998400.arabic' to 'C:\Users\shall\AppData\Roaming\MetaQuotes\Terminal\5D49F47D1EA1ECFC0DDC965B6D100AC5\history\mailbox\1356998400.arabic'
0	14:54:56.982	Migration: copied from 'C:\Program Files (x86)\MetaTrader 4 IC Markets Global\history\mailbox\1356998401.bulgarian' to 'C:\Users\shall\AppData\Roaming\MetaQuotes\Terminal\5D49F47D1EA1ECFC0DDC965B6D100AC5\history\mailbox\1356998401.bulgarian'
0	14:54:56.984	Migration: copied from 'C:\Program Files (x86)\MetaTrader 4 IC Markets Global\history\mailbox\1356998402.chinese (simplified)' to 'C:\Users\shall\AppData\Roaming\MetaQuotes\Terminal\5D49F47D1EA1ECFC0DDC965B6D100AC5\history\mailbox\1356998402.chinese (simplified)'
0	14:54:56.985	Migration: copied from 'C:\Program Files (x86)\MetaTrader 4 IC Markets Global\history\mailbox\1356998403.chinese (traditional)' to 'C:\Users\shall\AppData\Roaming\MetaQuotes\Terminal\5D49F47D1EA1ECFC0DDC965B6D100AC5\history\mailbox\1356998403.chinese (traditional)'
0	14:54:56.986	Migration: copied from 'C:\Program Files (x86)\MetaTrader 4 IC Markets Global\history\mailbox\1356998404.czech' to 'C:\Users\shall\AppData\Roaming\MetaQuotes\Terminal\5D49F47D1EA1ECFC0DDC965B6D100AC5\history\mailbox\1356998404.czech'
0	14:54:56.988	Migration: copied from 'C:\Program Files (x86)\MetaTrader 4 IC Markets Global\history\mailbox\1356998405.english' to 'C:\Users\shall\AppData\Roaming\MetaQuotes\Terminal\5D49F47D1EA1ECFC0DDC965B6D100AC5\history\mailbox\1356998405.english'
0	14:54:56.990	Migration: copied from 'C:\Program Files (x86)\MetaTrader 4 IC Markets Global\history\mailbox\1356998406.french' to 'C:\Users\shall\AppData\Roaming\MetaQuotes\Terminal\5D49F47D1EA1ECFC0DDC965B6D100AC5\history\mailbox\1356998406.french'
0	14:54:56.991	Migration: copied from 'C:\Program Files (x86)\MetaTrader 4 IC Markets Global\history\mailbox\1356998407.german' to 'C:\Users\shall\AppData\Roaming\MetaQuotes\Terminal\5D49F47D1EA1ECFC0DDC965B6D100AC5\history\mailbox\1356998407.german'
0	14:54:56.992	Migration: copied from 'C:\Program Files (x86)\MetaTrader 4 IC Markets Global\history\mailbox\1356998408.greek' to 'C:\Users\shall\AppData\Roaming\MetaQuotes\Terminal\5D49F47D1EA1ECFC0DDC965B6D100AC5\history\mailbox\1356998408.greek'
0	14:54:56.993	Migration: copied from 'C:\Program Files (x86)\MetaTrader 4 IC Markets Global\history\mailbox\1356998409.hebrew' to 'C:\Users\shall\AppData\Roaming\MetaQuotes\Terminal\5D49F47D1EA1ECFC0DDC965B6D100AC5\history\mailbox\1356998409.hebrew'
0	14:54:56.995	Migration: copied from 'C:\Program Files (x86)\MetaTrader 4 IC Markets Global\history\mailbox\1356998410.hungarian' to 'C:\Users\shall\AppData\Roaming\MetaQuotes\Terminal\5D49F47D1EA1ECFC0DDC965B6D100AC5\history\mailbox\1356998410.hungarian'
0	14:54:56.996	Migration: copied from 'C:\Program Files (x86)\MetaTrader 4 IC Markets Global\history\mailbox\1356998411.indonesian' to 'C:\Users\shall\AppData\Roaming\MetaQuotes\Terminal\5D49F47D1EA1ECFC0DDC965B6D100AC5\history\mailbox\1356998411.indonesian'
0	14:54:56.997	Migration: copied from 'C:\Program Files (x86)\MetaTrader 4 IC Markets Global\history\mailbox\1356998412.italian' to 'C:\Users\shall\AppData\Roaming\MetaQuotes\Terminal\5D49F47D1EA1ECFC0DDC965B6D100AC5\history\mailbox\1356998412.italian'
0	14:54:56.999	Migration: copied from 'C:\Program Files (x86)\MetaTrader 4 IC Markets Global\history\mailbox\1356998413.japanese' to 'C:\Users\shall\AppData\Roaming\MetaQuotes\Terminal\5D49F47D1EA1ECFC0DDC965B6D100AC5\history\mailbox\1356998413.japanese'
0	14:54:57.000	Migration: copied from 'C:\Program Files (x86)\MetaTrader 4 IC Markets Global\history\mailbox\1356998414.malay' to 'C:\Users\shall\AppData\Roaming\MetaQuotes\Terminal\5D49F47D1EA1ECFC0DDC965B6D100AC5\history\mailbox\1356998414.malay'
0	14:54:57.001	Migration: copied from 'C:\Program Files (x86)\MetaTrader 4 IC Markets Global\history\mailbox\1356998415.polish' to 'C:\Users\shall\AppData\Roaming\MetaQuotes\Terminal\5D49F47D1EA1ECFC0DDC965B6D100AC5\history\mailbox\1356998415.polish'
0	14:54:57.003	Migration: copied from 'C:\Program Files (x86)\MetaTrader 4 IC Markets Global\history\mailbox\1356998416.portuguese' to 'C:\Users\shall\AppData\Roaming\MetaQuotes\Terminal\5D49F47D1EA1ECFC0DDC965B6D100AC5\history\mailbox\1356998416.portuguese'
0	14:54:57.004	Migration: copied from 'C:\Program Files (x86)\MetaTrader 4 IC Markets Global\history\mailbox\1356998417.russian' to 'C:\Users\shall\AppData\Roaming\MetaQuotes\Terminal\5D49F47D1EA1ECFC0DDC965B6D100AC5\history\mailbox\1356998417.russian'
0	14:54:57.006	Migration: copied from 'C:\Program Files (x86)\MetaTrader 4 IC Markets Global\history\mailbox\1356998418.slovenian' to 'C:\Users\shall\AppData\Roaming\MetaQuotes\Terminal\5D49F47D1EA1ECFC0DDC965B6D100AC5\history\mailbox\1356998418.slovenian'
0	14:54:57.008	Migration: copied from 'C:\Program Files (x86)\MetaTrader 4 IC Markets Global\history\mailbox\1356998419.spanish' to 'C:\Users\shall\AppData\Roaming\MetaQuotes\Terminal\5D49F47D1EA1ECFC0DDC965B6D100AC5\history\mailbox\1356998419.spanish'
0	14:54:57.010	Migration: copied from 'C:\Program Files (x86)\MetaTrader 4 IC Markets Global\history\mailbox\1356998420.tajik' to 'C:\Users\shall\AppData\Roaming\MetaQuotes\Terminal\5D49F47D1EA1ECFC0DDC965B6D100AC5\history\mailbox\1356998420.tajik'
0	14:54:57.011	Migration: copied from 'C:\Program Files (x86)\MetaTrader 4 IC Markets Global\history\mailbox\1356998421.thai' to 'C:\Users\shall\AppData\Roaming\MetaQuotes\Terminal\5D49F47D1EA1ECFC0DDC965B6D100AC5\history\mailbox\1356998421.thai'
0	14:54:57.012	Migration: copied from 'C:\Program Files (x86)\MetaTrader 4 IC Markets Global\history\mailbox\1356998422.turkish' to 'C:\Users\shall\AppData\Roaming\MetaQuotes\Terminal\5D49F47D1EA1ECFC0DDC965B6D100AC5\history\mailbox\1356998422.turkish'
0	14:54:57.014	Migration: copied from 'C:\Program Files (x86)\MetaTrader 4 IC Markets Global\history\mailbox\1356998423.uzbek' to 'C:\Users\shall\AppData\Roaming\MetaQuotes\Terminal\5D49F47D1EA1ECFC0DDC965B6D100AC5\history\mailbox\1356998423.uzbek'
0	14:54:57.015	Migration: copied from 'C:\Program Files (x86)\MetaTrader 4 IC Markets Global\history\mailbox\1356998424.vietnamese' to 'C:\Users\shall\AppData\Roaming\MetaQuotes\Terminal\5D49F47D1EA1ECFC0DDC965B6D100AC5\history\mailbox\1356998424.vietnamese'
0	14:54:57.067	Migration: copied from 'C:\Program Files (x86)\MetaTrader 4 IC Markets Global\history\mailbox\1356998425.arabic' to 'C:\Users\shall\AppData\Roaming\MetaQuotes\Terminal\5D49F47D1EA1ECFC0DDC965B6D100AC5\history\mailbox\1356998425.arabic'
0	14:54:57.068	Migration: copied from 'C:\Program Files (x86)\MetaTrader 4 IC Markets Global\history\mailbox\1356998426.bulgarian' to 'C:\Users\shall\AppData\Roaming\MetaQuotes\Terminal\5D49F47D1EA1ECFC0DDC965B6D100AC5\history\mailbox\1356998426.bulgarian'
0	14:54:57.070	Migration: copied from 'C:\Program Files (x86)\MetaTrader 4 IC Markets Global\history\mailbox\1356998427.chinese (simplified)' to 'C:\Users\shall\AppData\Roaming\MetaQuotes\Terminal\5D49F47D1EA1ECFC0DDC965B6D100AC5\history\mailbox\1356998427.chinese (simplified)'
0	14:54:57.071	Migration: copied from 'C:\Program Files (x86)\MetaTrader 4 IC Markets Global\history\mailbox\1356998428.chinese (traditional)' to 'C:\Users\shall\AppData\Roaming\MetaQuotes\Terminal\5D49F47D1EA1ECFC0DDC965B6D100AC5\history\mailbox\1356998428.chinese (traditional)'
0	14:54:57.072	Migration: copied from 'C:\Program Files (x86)\MetaTrader 4 IC Markets Global\history\mailbox\1356998429.czech' to 'C:\Users\shall\AppData\Roaming\MetaQuotes\Terminal\5D49F47D1EA1ECFC0DDC965B6D100AC5\history\mailbox\1356998429.czech'
0	14:54:57.074	Migration: copied from 'C:\Program Files (x86)\MetaTrader 4 IC Markets Global\history\mailbox\1356998430.english' to 'C:\Users\shall\AppData\Roaming\MetaQuotes\Terminal\5D49F47D1EA1ECFC0DDC965B6D100AC5\history\mailbox\1356998430.english'
0	14:54:57.077	Migration: copied from 'C:\Program Files (x86)\MetaTrader 4 IC Markets Global\history\mailbox\1356998431.french' to 'C:\Users\shall\AppData\Roaming\MetaQuotes\Terminal\5D49F47D1EA1ECFC0DDC965B6D100AC5\history\mailbox\1356998431.french'
0	14:54:57.079	Migration: copied from 'C:\Program Files (x86)\MetaTrader 4 IC Markets Global\history\mailbox\1356998432.german' to 'C:\Users\shall\AppData\Roaming\MetaQuotes\Terminal\5D49F47D1EA1ECFC0DDC965B6D100AC5\history\mailbox\1356998432.german'
0	14:54:57.082	Migration: copied from 'C:\Program Files (x86)\MetaTrader 4 IC Markets Global\history\mailbox\1356998433.greek' to 'C:\Users\shall\AppData\Roaming\MetaQuotes\Terminal\5D49F47D1EA1ECFC0DDC965B6D100AC5\history\mailbox\1356998433.greek'
0	14:54:57.084	Migration: copied from 'C:\Program Files (x86)\MetaTrader 4 IC Markets Global\history\mailbox\1356998434.hebrew' to 'C:\Users\shall\AppData\Roaming\MetaQuotes\Terminal\5D49F47D1EA1ECFC0DDC965B6D100AC5\history\mailbox\1356998434.hebrew'
0	14:54:57.086	Migration: copied from 'C:\Program Files (x86)\MetaTrader 4 IC Markets Global\history\mailbox\1356998435.hungarian' to 'C:\Users\shall\AppData\Roaming\MetaQuotes\Terminal\5D49F47D1EA1ECFC0DDC965B6D100AC5\history\mailbox\1356998435.hungarian'
0	14:54:57.088	Migration: copied from 'C:\Program Files (x86)\MetaTrader 4 IC Markets Global\history\mailbox\1356998436.indonesian' to 'C:\Users\shall\AppData\Roaming\MetaQuotes\Terminal\5D49F47D1EA1ECFC0DDC965B6D100AC5\history\mailbox\1356998436.indonesian'
0	14:54:57.093	Migration: copied from 'C:\Program Files (x86)\MetaTrader 4 IC Markets Global\history\mailbox\1356998437.italian' to 'C:\Users\shall\AppData\Roaming\MetaQuotes\Terminal\5D49F47D1EA1ECFC0DDC965B6D100AC5\history\mailbox\1356998437.italian'
0	14:54:57.096	Migration: copied from 'C:\Program Files (x86)\MetaTrader 4 IC Markets Global\history\mailbox\1356998438.japanese' to 'C:\Users\shall\AppData\Roaming\MetaQuotes\Terminal\5D49F47D1EA1ECFC0DDC965B6D100AC5\history\mailbox\1356998438.japanese'
0	14:54:57.099	Migration: copied from 'C:\Program Files (x86)\MetaTrader 4 IC Markets Global\history\mailbox\1356998439.malay' to 'C:\Users\shall\AppData\Roaming\MetaQuotes\Terminal\5D49F47D1EA1ECFC0DDC965B6D100AC5\history\mailbox\1356998439.malay'
0	14:54:57.101	Migration: copied from 'C:\Program Files (x86)\MetaTrader 4 IC Markets Global\history\mailbox\1356998440.polish' to 'C:\Users\shall\AppData\Roaming\MetaQuotes\Terminal\5D49F47D1EA1ECFC0DDC965B6D100AC5\history\mailbox\1356998440.polish'
0	14:54:57.104	Migration: copied from 'C:\Program Files (x86)\MetaTrader 4 IC Markets Global\history\mailbox\1356998441.portuguese' to 'C:\Users\shall\AppData\Roaming\MetaQuotes\Terminal\5D49F47D1EA1ECFC0DDC965B6D100AC5\history\mailbox\1356998441.portuguese'
0	14:54:57.106	Migration: copied from 'C:\Program Files (x86)\MetaTrader 4 IC Markets Global\history\mailbox\1356998442.russian' to 'C:\Users\shall\AppData\Roaming\MetaQuotes\Terminal\5D49F47D1EA1ECFC0DDC965B6D100AC5\history\mailbox\1356998442.russian'
0	14:54:57.144	Migration: copied from 'C:\Program Files (x86)\MetaTrader 4 IC Markets Global\history\mailbox\1356998443.slovenian' to 'C:\Users\shall\AppData\Roaming\MetaQuotes\Terminal\5D49F47D1EA1ECFC0DDC965B6D100AC5\history\mailbox\1356998443.slovenian'
0	14:54:57.146	Migration: copied from 'C:\Program Files (x86)\MetaTrader 4 IC Markets Global\history\mailbox\1356998444.spanish' to 'C:\Users\shall\AppData\Roaming\MetaQuotes\Terminal\5D49F47D1EA1ECFC0DDC965B6D100AC5\history\mailbox\1356998444.spanish'
0	14:54:57.147	Migration: copied from 'C:\Program Files (x86)\MetaTrader 4 IC Markets Global\history\mailbox\1356998445.tajik' to 'C:\Users\shall\AppData\Roaming\MetaQuotes\Terminal\5D49F47D1EA1ECFC0DDC965B6D100AC5\history\mailbox\1356998445.tajik'
0	14:54:57.149	Migration: copied from 'C:\Program Files (x86)\MetaTrader 4 IC Markets Global\history\mailbox\1356998446.thai' to 'C:\Users\shall\AppData\Roaming\MetaQuotes\Terminal\5D49F47D1EA1ECFC0DDC965B6D100AC5\history\mailbox\1356998446.thai'
0	14:54:57.150	Migration: copied from 'C:\Program Files (x86)\MetaTrader 4 IC Markets Global\history\mailbox\1356998447.turkish' to 'C:\Users\shall\AppData\Roaming\MetaQuotes\Terminal\5D49F47D1EA1ECFC0DDC965B6D100AC5\history\mailbox\1356998447.turkish'
0	14:54:57.152	Migration: copied from 'C:\Program Files (x86)\MetaTrader 4 IC Markets Global\history\mailbox\1356998448.uzbek' to 'C:\Users\shall\AppData\Roaming\MetaQuotes\Terminal\5D49F47D1EA1ECFC0DDC965B6D100AC5\history\mailbox\1356998448.uzbek'
0	14:54:57.153	Migration: copied from 'C:\Program Files (x86)\MetaTrader 4 IC Markets Global\history\mailbox\1356998449.vietnamese' to 'C:\Users\shall\AppData\Roaming\MetaQuotes\Terminal\5D49F47D1EA1ECFC0DDC965B6D100AC5\history\mailbox\1356998449.vietnamese'
0	14:54:57.155	Migration: copied from 'C:\Program Files (x86)\MetaTrader 4 IC Markets Global\history\mailbox\1356998450.arabic' to 'C:\Users\shall\AppData\Roaming\MetaQuotes\Terminal\5D49F47D1EA1ECFC0DDC965B6D100AC5\history\mailbox\1356998450.arabic'
0	14:54:57.157	Migration: copied from 'C:\Program Files (x86)\MetaTrader 4 IC Markets Global\history\mailbox\1356998451.bulgarian' to 'C:\Users\shall\AppData\Roaming\MetaQuotes\Terminal\5D49F47D1EA1ECFC0DDC965B6D100AC5\history\mailbox\1356998451.bulgarian'
0	14:54:57.160	Migration: copied from 'C:\Program Files (x86)\MetaTrader 4 IC Markets Global\history\mailbox\1356998452.chinese (simplified)' to 'C:\Users\shall\AppData\Roaming\MetaQuotes\Terminal\5D49F47D1EA1ECFC0DDC965B6D100AC5\history\mailbox\1356998452.chinese (simplified)'
0	14:54:57.161	Migration: copied from 'C:\Program Files (x86)\MetaTrader 4 IC Markets Global\history\mailbox\1356998453.chinese (traditional)' to 'C:\Users\shall\AppData\Roaming\MetaQuotes\Terminal\5D49F47D1EA1ECFC0DDC965B6D100AC5\history\mailbox\1356998453.chinese (traditional)'
0	14:54:57.164	Migration: copied from 'C:\Program Files (x86)\MetaTrader 4 IC Markets Global\history\mailbox\1356998454.czech' to 'C:\Users\shall\AppData\Roaming\MetaQuotes\Terminal\5D49F47D1EA1ECFC0DDC965B6D100AC5\history\mailbox\1356998454.czech'
0	14:54:57.166	Migration: copied from 'C:\Program Files (x86)\MetaTrader 4 IC Markets Global\history\mailbox\1356998455.english' to 'C:\Users\shall\AppData\Roaming\MetaQuotes\Terminal\5D49F47D1EA1ECFC0DDC965B6D100AC5\history\mailbox\1356998455.english'
0	14:54:57.167	Migration: copied from 'C:\Program Files (x86)\MetaTrader 4 IC Markets Global\history\mailbox\1356998456.french' to 'C:\Users\shall\AppData\Roaming\MetaQuotes\Terminal\5D49F47D1EA1ECFC0DDC965B6D100AC5\history\mailbox\1356998456.french'
0	14:54:57.169	Migration: copied from 'C:\Program Files (x86)\MetaTrader 4 IC Markets Global\history\mailbox\1356998457.german' to 'C:\Users\shall\AppData\Roaming\MetaQuotes\Terminal\5D49F47D1EA1ECFC0DDC965B6D100AC5\history\mailbox\1356998457.german'
0	14:54:57.171	Migration: copied from 'C:\Program Files (x86)\MetaTrader 4 IC Markets Global\history\mailbox\1356998458.greek' to 'C:\Users\shall\AppData\Roaming\MetaQuotes\Terminal\5D49F47D1EA1ECFC0DDC965B6D100AC5\history\mailbox\1356998458.greek'
0	14:54:57.220	Migration: copied from 'C:\Program Files (x86)\MetaTrader 4 IC Markets Global\history\mailbox\1356998459.hebrew' to 'C:\Users\shall\AppData\Roaming\MetaQuotes\Terminal\5D49F47D1EA1ECFC0DDC965B6D100AC5\history\mailbox\1356998459.hebrew'
0	14:54:57.221	Migration: copied from 'C:\Program Files (x86)\MetaTrader 4 IC Markets Global\history\mailbox\1356998460.hungarian' to 'C:\Users\shall\AppData\Roaming\MetaQuotes\Terminal\5D49F47D1EA1ECFC0DDC965B6D100AC5\history\mailbox\1356998460.hungarian'
0	14:54:57.223	Migration: copied from 'C:\Program Files (x86)\MetaTrader 4 IC Markets Global\history\mailbox\1356998461.indonesian' to 'C:\Users\shall\AppData\Roaming\MetaQuotes\Terminal\5D49F47D1EA1ECFC0DDC965B6D100AC5\history\mailbox\1356998461.indonesian'
0	14:54:57.226	Migration: copied from 'C:\Program Files (x86)\MetaTrader 4 IC Markets Global\history\mailbox\1356998462.italian' to 'C:\Users\shall\AppData\Roaming\MetaQuotes\Terminal\5D49F47D1EA1ECFC0DDC965B6D100AC5\history\mailbox\1356998462.italian'
0	14:54:57.228	Migration: copied from 'C:\Program Files (x86)\MetaTrader 4 IC Markets Global\history\mailbox\1356998463.japanese' to 'C:\Users\shall\AppData\Roaming\MetaQuotes\Terminal\5D49F47D1EA1ECFC0DDC965B6D100AC5\history\mailbox\1356998463.japanese'
0	14:54:57.230	Migration: copied from 'C:\Program Files (x86)\MetaTrader 4 IC Markets Global\history\mailbox\1356998464.malay' to 'C:\Users\shall\AppData\Roaming\MetaQuotes\Terminal\5D49F47D1EA1ECFC0DDC965B6D100AC5\history\mailbox\1356998464.malay'
0	14:54:57.231	Migration: copied from 'C:\Program Files (x86)\MetaTrader 4 IC Markets Global\history\mailbox\1356998465.polish' to 'C:\Users\shall\AppData\Roaming\MetaQuotes\Terminal\5D49F47D1EA1ECFC0DDC965B6D100AC5\history\mailbox\1356998465.polish'
0	14:54:57.233	Migration: copied from 'C:\Program Files (x86)\MetaTrader 4 IC Markets Global\history\mailbox\1356998466.portuguese' to 'C:\Users\shall\AppData\Roaming\MetaQuotes\Terminal\5D49F47D1EA1ECFC0DDC965B6D100AC5\history\mailbox\1356998466.portuguese'
0	14:54:57.235	Migration: copied from 'C:\Program Files (x86)\MetaTrader 4 IC Markets Global\history\mailbox\1356998467.russian' to 'C:\Users\shall\AppData\Roaming\MetaQuotes\Terminal\5D49F47D1EA1ECFC0DDC965B6D100AC5\history\mailbox\1356998467.russian'
0	14:54:57.236	Migration: copied from 'C:\Program Files (x86)\MetaTrader 4 IC Markets Global\history\mailbox\1356998468.slovenian' to 'C:\Users\shall\AppData\Roaming\MetaQuotes\Terminal\5D49F47D1EA1ECFC0DDC965B6D100AC5\history\mailbox\1356998468.slovenian'
0	14:54:57.237	Migration: copied from 'C:\Program Files (x86)\MetaTrader 4 IC Markets Global\history\mailbox\1356998469.spanish' to 'C:\Users\shall\AppData\Roaming\MetaQuotes\Terminal\5D49F47D1EA1ECFC0DDC965B6D100AC5\history\mailbox\1356998469.spanish'
0	14:54:57.239	Migration: copied from 'C:\Program Files (x86)\MetaTrader 4 IC Markets Global\history\mailbox\1356998470.tajik' to 'C:\Users\shall\AppData\Roaming\MetaQuotes\Terminal\5D49F47D1EA1ECFC0DDC965B6D100AC5\history\mailbox\1356998470.tajik'
0	14:54:57.242	Migration: copied from 'C:\Program Files (x86)\MetaTrader 4 IC Markets Global\history\mailbox\1356998471.thai' to 'C:\Users\shall\AppData\Roaming\MetaQuotes\Terminal\5D49F47D1EA1ECFC0DDC965B6D100AC5\history\mailbox\1356998471.thai'
0	14:54:57.244	Migration: copied from 'C:\Program Files (x86)\MetaTrader 4 IC Markets Global\history\mailbox\1356998472.turkish' to 'C:\Users\shall\AppData\Roaming\MetaQuotes\Terminal\5D49F47D1EA1ECFC0DDC965B6D100AC5\history\mailbox\1356998472.turkish'
0	14:54:57.245	Migration: copied from 'C:\Program Files (x86)\MetaTrader 4 IC Markets Global\history\mailbox\1356998473.uzbek' to 'C:\Users\shall\AppData\Roaming\MetaQuotes\Terminal\5D49F47D1EA1ECFC0DDC965B6D100AC5\history\mailbox\1356998473.uzbek'
0	14:54:57.247	Migration: copied from 'C:\Program Files (x86)\MetaTrader 4 IC Markets Global\history\mailbox\1356998474.vietnamese' to 'C:\Users\shall\AppData\Roaming\MetaQuotes\Terminal\5D49F47D1EA1ECFC0DDC965B6D100AC5\history\mailbox\1356998474.vietnamese'
0	14:54:57.248	Migration: copied from 'C:\Program Files (x86)\MetaTrader 4 IC Markets Global\history\mailbox\1356998475.arabic' to 'C:\Users\shall\AppData\Roaming\MetaQuotes\Terminal\5D49F47D1EA1ECFC0DDC965B6D100AC5\history\mailbox\1356998475.arabic'
0	14:54:57.298	Migration: copied from 'C:\Program Files (x86)\MetaTrader 4 IC Markets Global\history\mailbox\1356998476.bulgarian' to 'C:\Users\shall\AppData\Roaming\MetaQuotes\Terminal\5D49F47D1EA1ECFC0DDC965B6D100AC5\history\mailbox\1356998476.bulgarian'
0	14:54:57.299	Migration: copied from 'C:\Program Files (x86)\MetaTrader 4 IC Markets Global\history\mailbox\1356998477.chinese (simplified)' to 'C:\Users\shall\AppData\Roaming\MetaQuotes\Terminal\5D49F47D1EA1ECFC0DDC965B6D100AC5\history\mailbox\1356998477.chinese (simplified)'
0	14:54:57.300	Migration: copied from 'C:\Program Files (x86)\MetaTrader 4 IC Markets Global\history\mailbox\1356998478.chinese (traditional)' to 'C:\Users\shall\AppData\Roaming\MetaQuotes\Terminal\5D49F47D1EA1ECFC0DDC965B6D100AC5\history\mailbox\1356998478.chinese (traditional)'
0	14:54:57.301	Migration: copied from 'C:\Program Files (x86)\MetaTrader 4 IC Markets Global\history\mailbox\1356998479.czech' to 'C:\Users\shall\AppData\Roaming\MetaQuotes\Terminal\5D49F47D1EA1ECFC0DDC965B6D100AC5\history\mailbox\1356998479.czech'
0	14:54:57.303	Migration: copied from 'C:\Program Files (x86)\MetaTrader 4 IC Markets Global\history\mailbox\1356998480.english' to 'C:\Users\shall\AppData\Roaming\MetaQuotes\Terminal\5D49F47D1EA1ECFC0DDC965B6D100AC5\history\mailbox\1356998480.english'
0	14:54:57.304	Migration: copied from 'C:\Program Files (x86)\MetaTrader 4 IC Markets Global\history\mailbox\1356998481.french' to 'C:\Users\shall\AppData\Roaming\MetaQuotes\Terminal\5D49F47D1EA1ECFC0DDC965B6D100AC5\history\mailbox\1356998481.french'
0	14:54:57.306	Migration: copied from 'C:\Program Files (x86)\MetaTrader 4 IC Markets Global\history\mailbox\1356998482.german' to 'C:\Users\shall\AppData\Roaming\MetaQuotes\Terminal\5D49F47D1EA1ECFC0DDC965B6D100AC5\history\mailbox\1356998482.german'
0	14:54:57.308	Migration: copied from 'C:\Program Files (x86)\MetaTrader 4 IC Markets Global\history\mailbox\1356998483.greek' to 'C:\Users\shall\AppData\Roaming\MetaQuotes\Terminal\5D49F47D1EA1ECFC0DDC965B6D100AC5\history\mailbox\1356998483.greek'
0	14:54:57.309	Migration: copied from 'C:\Program Files (x86)\MetaTrader 4 IC Markets Global\history\mailbox\1356998484.hebrew' to 'C:\Users\shall\AppData\Roaming\MetaQuotes\Terminal\5D49F47D1EA1ECFC0DDC965B6D100AC5\history\mailbox\1356998484.hebrew'
0	14:54:57.311	Migration: copied from 'C:\Program Files (x86)\MetaTrader 4 IC Markets Global\history\mailbox\1356998485.hungarian' to 'C:\Users\shall\AppData\Roaming\MetaQuotes\Terminal\5D49F47D1EA1ECFC0DDC965B6D100AC5\history\mailbox\1356998485.hungarian'
0	14:54:57.313	Migration: copied from 'C:\Program Files (x86)\MetaTrader 4 IC Markets Global\history\mailbox\1356998486.indonesian' to 'C:\Users\shall\AppData\Roaming\MetaQuotes\Terminal\5D49F47D1EA1ECFC0DDC965B6D100AC5\history\mailbox\1356998486.indonesian'
0	14:54:57.314	Migration: copied from 'C:\Program Files (x86)\MetaTrader 4 IC Markets Global\history\mailbox\1356998487.italian' to 'C:\Users\shall\AppData\Roaming\MetaQuotes\Terminal\5D49F47D1EA1ECFC0DDC965B6D100AC5\history\mailbox\1356998487.italian'
0	14:54:57.315	Migration: copied from 'C:\Program Files (x86)\MetaTrader 4 IC Markets Global\history\mailbox\1356998488.japanese' to 'C:\Users\shall\AppData\Roaming\MetaQuotes\Terminal\5D49F47D1EA1ECFC0DDC965B6D100AC5\history\mailbox\1356998488.japanese'
0	14:54:57.316	Migration: copied from 'C:\Program Files (x86)\MetaTrader 4 IC Markets Global\history\mailbox\1356998489.malay' to 'C:\Users\shall\AppData\Roaming\MetaQuotes\Terminal\5D49F47D1EA1ECFC0DDC965B6D100AC5\history\mailbox\1356998489.malay'
0	14:54:57.318	Migration: copied from 'C:\Program Files (x86)\MetaTrader 4 IC Markets Global\history\mailbox\1356998490.polish' to 'C:\Users\shall\AppData\Roaming\MetaQuotes\Terminal\5D49F47D1EA1ECFC0DDC965B6D100AC5\history\mailbox\1356998490.polish'
0	14:54:57.320	Migration: copied from 'C:\Program Files (x86)\MetaTrader 4 IC Markets Global\history\mailbox\1356998491.portuguese' to 'C:\Users\shall\AppData\Roaming\MetaQuotes\Terminal\5D49F47D1EA1ECFC0DDC965B6D100AC5\history\mailbox\1356998491.portuguese'
0	14:54:57.377	Migration: copied from 'C:\Program Files (x86)\MetaTrader 4 IC Markets Global\history\mailbox\1356998492.russian' to 'C:\Users\shall\AppData\Roaming\MetaQuotes\Terminal\5D49F47D1EA1ECFC0DDC965B6D100AC5\history\mailbox\1356998492.russian'
0	14:54:57.379	Migration: copied from 'C:\Program Files (x86)\MetaTrader 4 IC Markets Global\history\mailbox\1356998493.slovenian' to 'C:\Users\shall\AppData\Roaming\MetaQuotes\Terminal\5D49F47D1EA1ECFC0DDC965B6D100AC5\history\mailbox\1356998493.slovenian'
0	14:54:57.381	Migration: copied from 'C:\Program Files (x86)\MetaTrader 4 IC Markets Global\history\mailbox\1356998494.spanish' to 'C:\Users\shall\AppData\Roaming\MetaQuotes\Terminal\5D49F47D1EA1ECFC0DDC965B6D100AC5\history\mailbox\1356998494.spanish'
0	14:54:57.384	Migration: copied from 'C:\Program Files (x86)\MetaTrader 4 IC Markets Global\history\mailbox\1356998495.tajik' to 'C:\Users\shall\AppData\Roaming\MetaQuotes\Terminal\5D49F47D1EA1ECFC0DDC965B6D100AC5\history\mailbox\1356998495.tajik'
0	14:54:57.387	Migration: copied from 'C:\Program Files (x86)\MetaTrader 4 IC Markets Global\history\mailbox\1356998496.thai' to 'C:\Users\shall\AppData\Roaming\MetaQuotes\Terminal\5D49F47D1EA1ECFC0DDC965B6D100AC5\history\mailbox\1356998496.thai'
0	14:54:57.391	Migration: copied from 'C:\Program Files (x86)\MetaTrader 4 IC Markets Global\history\mailbox\1356998497.turkish' to 'C:\Users\shall\AppData\Roaming\MetaQuotes\Terminal\5D49F47D1EA1ECFC0DDC965B6D100AC5\history\mailbox\1356998497.turkish'
0	14:54:57.394	Migration: copied from 'C:\Program Files (x86)\MetaTrader 4 IC Markets Global\history\mailbox\1356998498.uzbek' to 'C:\Users\shall\AppData\Roaming\MetaQuotes\Terminal\5D49F47D1EA1ECFC0DDC965B6D100AC5\history\mailbox\1356998498.uzbek'
0	14:54:57.397	Migration: copied from 'C:\Program Files (x86)\MetaTrader 4 IC Markets Global\history\mailbox\1356998499.vietnamese' to 'C:\Users\shall\AppData\Roaming\MetaQuotes\Terminal\5D49F47D1EA1ECFC0DDC965B6D100AC5\history\mailbox\1356998499.vietnamese'
0	14:54:57.399	Migration: copied from 'C:\Program Files (x86)\MetaTrader 4 IC Markets Global\history\mailbox\1356998500.arabic' to 'C:\Users\shall\AppData\Roaming\MetaQuotes\Terminal\5D49F47D1EA1ECFC0DDC965B6D100AC5\history\mailbox\1356998500.arabic'
0	14:54:57.402	Migration: copied from 'C:\Program Files (x86)\MetaTrader 4 IC Markets Global\history\mailbox\1356998501.bulgarian' to 'C:\Users\shall\AppData\Roaming\MetaQuotes\Terminal\5D49F47D1EA1ECFC0DDC965B6D100AC5\history\mailbox\1356998501.bulgarian'
0	14:54:57.404	Migration: copied from 'C:\Program Files (x86)\MetaTrader 4 IC Markets Global\history\mailbox\1356998502.chinese (simplified)' to 'C:\Users\shall\AppData\Roaming\MetaQuotes\Terminal\5D49F47D1EA1ECFC0DDC965B6D100AC5\history\mailbox\1356998502.chinese (simplified)'
0	14:54:57.409	Migration: copied from 'C:\Program Files (x86)\MetaTrader 4 IC Markets Global\history\mailbox\1356998503.chinese (traditional)' to 'C:\Users\shall\AppData\Roaming\MetaQuotes\Terminal\5D49F47D1EA1ECFC0DDC965B6D100AC5\history\mailbox\1356998503.chinese (traditional)'
0	14:54:57.412	Migration: copied from 'C:\Program Files (x86)\MetaTrader 4 IC Markets Global\history\mailbox\1356998504.czech' to 'C:\Users\shall\AppData\Roaming\MetaQuotes\Terminal\5D49F47D1EA1ECFC0DDC965B6D100AC5\history\mailbox\1356998504.czech'
0	14:54:57.415	Migration: copied from 'C:\Program Files (x86)\MetaTrader 4 IC Markets Global\history\mailbox\1356998505.english' to 'C:\Users\shall\AppData\Roaming\MetaQuotes\Terminal\5D49F47D1EA1ECFC0DDC965B6D100AC5\history\mailbox\1356998505.english'
0	14:54:57.418	Migration: copied from 'C:\Program Files (x86)\MetaTrader 4 IC Markets Global\history\mailbox\1356998506.french' to 'C:\Users\shall\AppData\Roaming\MetaQuotes\Terminal\5D49F47D1EA1ECFC0DDC965B6D100AC5\history\mailbox\1356998506.french'
0	14:54:57.421	Migration: copied from 'C:\Program Files (x86)\MetaTrader 4 IC Markets Global\history\mailbox\1356998507.german' to 'C:\Users\shall\AppData\Roaming\MetaQuotes\Terminal\5D49F47D1EA1ECFC0DDC965B6D100AC5\history\mailbox\1356998507.german'
0	14:54:57.451	Migration: copied from 'C:\Program Files (x86)\MetaTrader 4 IC Markets Global\history\mailbox\1356998508.greek' to 'C:\Users\shall\AppData\Roaming\MetaQuotes\Terminal\5D49F47D1EA1ECFC0DDC965B6D100AC5\history\mailbox\1356998508.greek'
0	14:54:57.453	Migration: copied from 'C:\Program Files (x86)\MetaTrader 4 IC Markets Global\history\mailbox\1356998509.hebrew' to 'C:\Users\shall\AppData\Roaming\MetaQuotes\Terminal\5D49F47D1EA1ECFC0DDC965B6D100AC5\history\mailbox\1356998509.hebrew'
0	14:54:57.457	Migration: copied from 'C:\Program Files (x86)\MetaTrader 4 IC Markets Global\history\mailbox\1356998510.hungarian' to 'C:\Users\shall\AppData\Roaming\MetaQuotes\Terminal\5D49F47D1EA1ECFC0DDC965B6D100AC5\history\mailbox\1356998510.hungarian'
0	14:54:57.460	Migration: copied from 'C:\Program Files (x86)\MetaTrader 4 IC Markets Global\history\mailbox\1356998511.indonesian' to 'C:\Users\shall\AppData\Roaming\MetaQuotes\Terminal\5D49F47D1EA1ECFC0DDC965B6D100AC5\history\mailbox\1356998511.indonesian'
0	14:54:57.462	Migration: copied from 'C:\Program Files (x86)\MetaTrader 4 IC Markets Global\history\mailbox\1356998512.italian' to 'C:\Users\shall\AppData\Roaming\MetaQuotes\Terminal\5D49F47D1EA1ECFC0DDC965B6D100AC5\history\mailbox\1356998512.italian'
0	14:54:57.465	Migration: copied from 'C:\Program Files (x86)\MetaTrader 4 IC Markets Global\history\mailbox\1356998513.japanese' to 'C:\Users\shall\AppData\Roaming\MetaQuotes\Terminal\5D49F47D1EA1ECFC0DDC965B6D100AC5\history\mailbox\1356998513.japanese'
0	14:54:57.468	Migration: copied from 'C:\Program Files (x86)\MetaTrader 4 IC Markets Global\history\mailbox\1356998514.malay' to 'C:\Users\shall\AppData\Roaming\MetaQuotes\Terminal\5D49F47D1EA1ECFC0DDC965B6D100AC5\history\mailbox\1356998514.malay'
0	14:54:57.471	Migration: copied from 'C:\Program Files (x86)\MetaTrader 4 IC Markets Global\history\mailbox\1356998515.polish' to 'C:\Users\shall\AppData\Roaming\MetaQuotes\Terminal\5D49F47D1EA1ECFC0DDC965B6D100AC5\history\mailbox\1356998515.polish'
0	14:54:57.475	Migration: copied from 'C:\Program Files (x86)\MetaTrader 4 IC Markets Global\history\mailbox\1356998516.portuguese' to 'C:\Users\shall\AppData\Roaming\MetaQuotes\Terminal\5D49F47D1EA1ECFC0DDC965B6D100AC5\history\mailbox\1356998516.portuguese'
0	14:54:57.478	Migration: copied from 'C:\Program Files (x86)\MetaTrader 4 IC Markets Global\history\mailbox\1356998517.russian' to 'C:\Users\shall\AppData\Roaming\MetaQuotes\Terminal\5D49F47D1EA1ECFC0DDC965B6D100AC5\history\mailbox\1356998517.russian'
0	14:54:57.481	Migration: copied from 'C:\Program Files (x86)\MetaTrader 4 IC Markets Global\history\mailbox\1356998518.slovenian' to 'C:\Users\shall\AppData\Roaming\MetaQuotes\Terminal\5D49F47D1EA1ECFC0DDC965B6D100AC5\history\mailbox\1356998518.slovenian'
0	14:54:57.484	Migration: copied from 'C:\Program Files (x86)\MetaTrader 4 IC Markets Global\history\mailbox\1356998519.spanish' to 'C:\Users\shall\AppData\Roaming\MetaQuotes\Terminal\5D49F47D1EA1ECFC0DDC965B6D100AC5\history\mailbox\1356998519.spanish'
0	14:54:57.487	Migration: copied from 'C:\Program Files (x86)\MetaTrader 4 IC Markets Global\history\mailbox\1356998520.tajik' to 'C:\Users\shall\AppData\Roaming\MetaQuotes\Terminal\5D49F47D1EA1ECFC0DDC965B6D100AC5\history\mailbox\1356998520.tajik'
0	14:54:57.492	Migration: copied from 'C:\Program Files (x86)\MetaTrader 4 IC Markets Global\history\mailbox\1356998521.thai' to 'C:\Users\shall\AppData\Roaming\MetaQuotes\Terminal\5D49F47D1EA1ECFC0DDC965B6D100AC5\history\mailbox\1356998521.thai'
0	14:54:57.496	Migration: copied from 'C:\Program Files (x86)\MetaTrader 4 IC Markets Global\history\mailbox\1356998522.turkish' to 'C:\Users\shall\AppData\Roaming\MetaQuotes\Terminal\5D49F47D1EA1ECFC0DDC965B6D100AC5\history\mailbox\1356998522.turkish'
0	14:54:57.499	Migration: copied from 'C:\Program Files (x86)\MetaTrader 4 IC Markets Global\history\mailbox\1356998523.uzbek' to 'C:\Users\shall\AppData\Roaming\MetaQuotes\Terminal\5D49F47D1EA1ECFC0DDC965B6D100AC5\history\mailbox\1356998523.uzbek'
0	14:54:57.502	Migration: copied from 'C:\Program Files (x86)\MetaTrader 4 IC Markets Global\history\mailbox\1356998524.vietnamese' to 'C:\Users\shall\AppData\Roaming\MetaQuotes\Terminal\5D49F47D1EA1ECFC0DDC965B6D100AC5\history\mailbox\1356998524.vietnamese'
0	14:54:57.505	Migration: copied from 'C:\Program Files (x86)\MetaTrader 4 IC Markets Global\history\mailbox\1356998525.arabic' to 'C:\Users\shall\AppData\Roaming\MetaQuotes\Terminal\5D49F47D1EA1ECFC0DDC965B6D100AC5\history\mailbox\1356998525.arabic'
0	14:54:57.508	Migration: copied from 'C:\Program Files (x86)\MetaTrader 4 IC Markets Global\history\mailbox\1356998526.bulgarian' to 'C:\Users\shall\AppData\Roaming\MetaQuotes\Terminal\5D49F47D1EA1ECFC0DDC965B6D100AC5\history\mailbox\1356998526.bulgarian'
0	14:54:57.511	Migration: copied from 'C:\Program Files (x86)\MetaTrader 4 IC Markets Global\history\mailbox\1356998527.chinese (simplified)' to 'C:\Users\shall\AppData\Roaming\MetaQuotes\Terminal\5D49F47D1EA1ECFC0DDC965B6D100AC5\history\mailbox\1356998527.chinese (simplified)'
0	14:54:57.514	Migration: copied from 'C:\Program Files (x86)\MetaTrader 4 IC Markets Global\history\mailbox\1356998528.chinese (traditional)' to 'C:\Users\shall\AppData\Roaming\MetaQuotes\Terminal\5D49F47D1EA1ECFC0DDC965B6D100AC5\history\mailbox\1356998528.chinese (traditional)'
0	14:54:57.517	Migration: copied from 'C:\Program Files (x86)\MetaTrader 4 IC Markets Global\history\mailbox\1356998529.czech' to 'C:\Users\shall\AppData\Roaming\MetaQuotes\Terminal\5D49F47D1EA1ECFC0DDC965B6D100AC5\history\mailbox\1356998529.czech'
0	14:54:57.520	Migration: copied from 'C:\Program Files (x86)\MetaTrader 4 IC Markets Global\history\mailbox\1356998530.english' to 'C:\Users\shall\AppData\Roaming\MetaQuotes\Terminal\5D49F47D1EA1ECFC0DDC965B6D100AC5\history\mailbox\1356998530.english'
0	14:54:57.524	Migration: copied from 'C:\Program Files (x86)\MetaTrader 4 IC Markets Global\history\mailbox\1356998531.french' to 'C:\Users\shall\AppData\Roaming\MetaQuotes\Terminal\5D49F47D1EA1ECFC0DDC965B6D100AC5\history\mailbox\1356998531.french'
0	14:54:57.528	Migration: copied from 'C:\Program Files (x86)\MetaTrader 4 IC Markets Global\history\mailbox\1356998532.german' to 'C:\Users\shall\AppData\Roaming\MetaQuotes\Terminal\5D49F47D1EA1ECFC0DDC965B6D100AC5\history\mailbox\1356998532.german'
0	14:54:57.531	Migration: copied from 'C:\Program Files (x86)\MetaTrader 4 IC Markets Global\history\mailbox\1356998533.greek' to 'C:\Users\shall\AppData\Roaming\MetaQuotes\Terminal\5D49F47D1EA1ECFC0DDC965B6D100AC5\history\mailbox\1356998533.greek'
0	14:54:57.533	Migration: copied from 'C:\Program Files (x86)\MetaTrader 4 IC Markets Global\history\mailbox\1356998534.hebrew' to 'C:\Users\shall\AppData\Roaming\MetaQuotes\Terminal\5D49F47D1EA1ECFC0DDC965B6D100AC5\history\mailbox\1356998534.hebrew'
0	14:54:57.536	Migration: copied from 'C:\Program Files (x86)\MetaTrader 4 IC Markets Global\history\mailbox\1356998534.hungarian' to 'C:\Users\shall\AppData\Roaming\MetaQuotes\Terminal\5D49F47D1EA1ECFC0DDC965B6D100AC5\history\mailbox\1356998534.hungarian'
0	14:54:57.540	Migration: copied from 'C:\Program Files (x86)\MetaTrader 4 IC Markets Global\history\mailbox\1356998535.italian' to 'C:\Users\shall\AppData\Roaming\MetaQuotes\Terminal\5D49F47D1EA1ECFC0DDC965B6D100AC5\history\mailbox\1356998535.italian'
0	14:54:57.543	Migration: copied from 'C:\Program Files (x86)\MetaTrader 4 IC Markets Global\history\mailbox\1356998536.indonesian' to 'C:\Users\shall\AppData\Roaming\MetaQuotes\Terminal\5D49F47D1EA1ECFC0DDC965B6D100AC5\history\mailbox\1356998536.indonesian'
0	14:54:57.547	Migration: copied from 'C:\Program Files (x86)\MetaTrader 4 IC Markets Global\history\mailbox\1356998536.japanese' to 'C:\Users\shall\AppData\Roaming\MetaQuotes\Terminal\5D49F47D1EA1ECFC0DDC965B6D100AC5\history\mailbox\1356998536.japanese'
0	14:54:57.550	Migration: copied from 'C:\Program Files (x86)\MetaTrader 4 IC Markets Global\history\mailbox\1356998537.malay' to 'C:\Users\shall\AppData\Roaming\MetaQuotes\Terminal\5D49F47D1EA1ECFC0DDC965B6D100AC5\history\mailbox\1356998537.malay'
0	14:54:57.553	Migration: copied from 'C:\Program Files (x86)\MetaTrader 4 IC Markets Global\history\mailbox\1356998538.polish' to 'C:\Users\shall\AppData\Roaming\MetaQuotes\Terminal\5D49F47D1EA1ECFC0DDC965B6D100AC5\history\mailbox\1356998538.polish'
0	14:54:57.556	Migration: copied from 'C:\Program Files (x86)\MetaTrader 4 IC Markets Global\history\mailbox\1356998539.portuguese' to 'C:\Users\shall\AppData\Roaming\MetaQuotes\Terminal\5D49F47D1EA1ECFC0DDC965B6D100AC5\history\mailbox\1356998539.portuguese'
0	14:54:57.563	Migration: copied from 'C:\Program Files (x86)\MetaTrader 4 IC Markets Global\history\mailbox\1356998540.russian' to 'C:\Users\shall\AppData\Roaming\MetaQuotes\Terminal\5D49F47D1EA1ECFC0DDC965B6D100AC5\history\mailbox\1356998540.russian'
0	14:54:57.568	Migration: copied from 'C:\Program Files (x86)\MetaTrader 4 IC Markets Global\history\mailbox\1356998541.slovenian' to 'C:\Users\shall\AppData\Roaming\MetaQuotes\Terminal\5D49F47D1EA1ECFC0DDC965B6D100AC5\history\mailbox\1356998541.slovenian'
0	14:54:57.571	Migration: copied from 'C:\Program Files (x86)\MetaTrader 4 IC Markets Global\history\mailbox\1356998542.spanish' to 'C:\Users\shall\AppData\Roaming\MetaQuotes\Terminal\5D49F47D1EA1ECFC0DDC965B6D100AC5\history\mailbox\1356998542.spanish'
0	14:54:57.574	Migration: copied from 'C:\Program Files (x86)\MetaTrader 4 IC Markets Global\history\mailbox\1356998543.tajik' to 'C:\Users\shall\AppData\Roaming\MetaQuotes\Terminal\5D49F47D1EA1ECFC0DDC965B6D100AC5\history\mailbox\1356998543.tajik'
0	14:54:57.577	Migration: copied from 'C:\Program Files (x86)\MetaTrader 4 IC Markets Global\history\mailbox\1356998544.thai' to 'C:\Users\shall\AppData\Roaming\MetaQuotes\Terminal\5D49F47D1EA1ECFC0DDC965B6D100AC5\history\mailbox\1356998544.thai'
0	14:54:57.580	Migration: copied from 'C:\Program Files (x86)\MetaTrader 4 IC Markets Global\history\mailbox\1356998545.turkish' to 'C:\Users\shall\AppData\Roaming\MetaQuotes\Terminal\5D49F47D1EA1ECFC0DDC965B6D100AC5\history\mailbox\1356998545.turkish'
0	14:54:57.583	Migration: copied from 'C:\Program Files (x86)\MetaTrader 4 IC Markets Global\history\mailbox\1356998546.uzbek' to 'C:\Users\shall\AppData\Roaming\MetaQuotes\Terminal\5D49F47D1EA1ECFC0DDC965B6D100AC5\history\mailbox\1356998546.uzbek'
0	14:54:57.586	Migration: copied from 'C:\Program Files (x86)\MetaTrader 4 IC Markets Global\history\mailbox\1356998547.vietnamese' to 'C:\Users\shall\AppData\Roaming\MetaQuotes\Terminal\5D49F47D1EA1ECFC0DDC965B6D100AC5\history\mailbox\1356998547.vietnamese'
0	14:54:57.586	Migration: mailbox folder copied from 'C:\Program Files (x86)\MetaTrader 4 IC Markets Global' to 'C:\Users\shall\AppData\Roaming\MetaQuotes\Terminal\5D49F47D1EA1ECFC0DDC965B6D100AC5'
0	14:54:57.600	Migration: copied from 'C:\Program Files (x86)\MetaTrader 4 IC Markets Global\profiles\British Pound\chart01.CHR' to 'C:\Users\shall\AppData\Roaming\MetaQuotes\Terminal\5D49F47D1EA1ECFC0DDC965B6D100AC5\profiles\British Pound\chart01.CHR'
0	14:54:57.602	Migration: copied from 'C:\Program Files (x86)\MetaTrader 4 IC Markets Global\profiles\British Pound\chart02.CHR' to 'C:\Users\shall\AppData\Roaming\MetaQuotes\Terminal\5D49F47D1EA1ECFC0DDC965B6D100AC5\profiles\British Pound\chart02.CHR'
0	14:54:57.605	Migration: copied from 'C:\Program Files (x86)\MetaTrader 4 IC Markets Global\profiles\British Pound\chart03.CHR' to 'C:\Users\shall\AppData\Roaming\MetaQuotes\Terminal\5D49F47D1EA1ECFC0DDC965B6D100AC5\profiles\British Pound\chart03.CHR'
0	14:54:57.609	Migration: copied from 'C:\Program Files (x86)\MetaTrader 4 IC Markets Global\profiles\British Pound\order.wnd' to 'C:\Users\shall\AppData\Roaming\MetaQuotes\Terminal\5D49F47D1EA1ECFC0DDC965B6D100AC5\profiles\British Pound\order.wnd'
0	14:54:57.615	Migration: copied from 'C:\Program Files (x86)\MetaTrader 4 IC Markets Global\profiles\default\chart01.CHR' to 'C:\Users\shall\AppData\Roaming\MetaQuotes\Terminal\5D49F47D1EA1ECFC0DDC965B6D100AC5\profiles\default\chart01.CHR'
0	14:54:57.617	Migration: copied from 'C:\Program Files (x86)\MetaTrader 4 IC Markets Global\profiles\default\chart02.CHR' to 'C:\Users\shall\AppData\Roaming\MetaQuotes\Terminal\5D49F47D1EA1ECFC0DDC965B6D100AC5\profiles\default\chart02.CHR'
0	14:54:57.620	Migration: copied from 'C:\Program Files (x86)\MetaTrader 4 IC Markets Global\profiles\default\chart03.CHR' to 'C:\Users\shall\AppData\Roaming\MetaQuotes\Terminal\5D49F47D1EA1ECFC0DDC965B6D100AC5\profiles\default\chart03.CHR'
0	14:54:57.623	Migration: copied from 'C:\Program Files (x86)\MetaTrader 4 IC Markets Global\profiles\default\chart04.CHR' to 'C:\Users\shall\AppData\Roaming\MetaQuotes\Terminal\5D49F47D1EA1ECFC0DDC965B6D100AC5\profiles\default\chart04.CHR'
0	14:54:57.627	Migration: copied from 'C:\Program Files (x86)\MetaTrader 4 IC Markets Global\profiles\default\order.wnd' to 'C:\Users\shall\AppData\Roaming\MetaQuotes\Terminal\5D49F47D1EA1ECFC0DDC965B6D100AC5\profiles\default\order.wnd'
0	14:54:57.633	Migration: copied from 'C:\Program Files (x86)\MetaTrader 4 IC Markets Global\profiles\Euro\chart01.CHR' to 'C:\Users\shall\AppData\Roaming\MetaQuotes\Terminal\5D49F47D1EA1ECFC0DDC965B6D100AC5\profiles\Euro\chart01.CHR'
0	14:54:57.636	Migration: copied from 'C:\Program Files (x86)\MetaTrader 4 IC Markets Global\profiles\Euro\chart02.CHR' to 'C:\Users\shall\AppData\Roaming\MetaQuotes\Terminal\5D49F47D1EA1ECFC0DDC965B6D100AC5\profiles\Euro\chart02.CHR'
0	14:54:57.638	Migration: copied from 'C:\Program Files (x86)\MetaTrader 4 IC Markets Global\profiles\Euro\chart03.CHR' to 'C:\Users\shall\AppData\Roaming\MetaQuotes\Terminal\5D49F47D1EA1ECFC0DDC965B6D100AC5\profiles\Euro\chart03.CHR'
0	14:54:57.642	Migration: copied from 'C:\Program Files (x86)\MetaTrader 4 IC Markets Global\profiles\Euro\order.wnd' to 'C:\Users\shall\AppData\Roaming\MetaQuotes\Terminal\5D49F47D1EA1ECFC0DDC965B6D100AC5\profiles\Euro\order.wnd'
0	14:54:57.645	Migration: copied from 'C:\Program Files (x86)\MetaTrader 4 IC Markets Global\profiles\lastprofile.ini' to 'C:\Users\shall\AppData\Roaming\MetaQuotes\Terminal\5D49F47D1EA1ECFC0DDC965B6D100AC5\profiles\lastprofile.ini'
0	14:54:57.666	Migration: copied from 'C:\Program Files (x86)\MetaTrader 4 IC Markets Global\profiles\Market Overview\chart01.CHR' to 'C:\Users\shall\AppData\Roaming\MetaQuotes\Terminal\5D49F47D1EA1ECFC0DDC965B6D100AC5\profiles\Market Overview\chart01.CHR'
0	14:54:57.669	Migration: copied from 'C:\Program Files (x86)\MetaTrader 4 IC Markets Global\profiles\Market Overview\chart02.CHR' to 'C:\Users\shall\AppData\Roaming\MetaQuotes\Terminal\5D49F47D1EA1ECFC0DDC965B6D100AC5\profiles\Market Overview\chart02.CHR'
0	14:54:57.671	Migration: copied from 'C:\Program Files (x86)\MetaTrader 4 IC Markets Global\profiles\Market Overview\chart03.CHR' to 'C:\Users\shall\AppData\Roaming\MetaQuotes\Terminal\5D49F47D1EA1ECFC0DDC965B6D100AC5\profiles\Market Overview\chart03.CHR'
0	14:54:57.675	Migration: copied from 'C:\Program Files (x86)\MetaTrader 4 IC Markets Global\profiles\Market Overview\chart04.CHR' to 'C:\Users\shall\AppData\Roaming\MetaQuotes\Terminal\5D49F47D1EA1ECFC0DDC965B6D100AC5\profiles\Market Overview\chart04.CHR'
0	14:54:57.679	Migration: copied from 'C:\Program Files (x86)\MetaTrader 4 IC Markets Global\profiles\Market Overview\order.wnd' to 'C:\Users\shall\AppData\Roaming\MetaQuotes\Terminal\5D49F47D1EA1ECFC0DDC965B6D100AC5\profiles\Market Overview\order.wnd'
0	14:54:57.683	Migration: copied from 'C:\Program Files (x86)\MetaTrader 4 IC Markets Global\profiles\Swiss Franc\chart01.CHR' to 'C:\Users\shall\AppData\Roaming\MetaQuotes\Terminal\5D49F47D1EA1ECFC0DDC965B6D100AC5\profiles\Swiss Franc\chart01.CHR'
0	14:54:57.686	Migration: copied from 'C:\Program Files (x86)\MetaTrader 4 IC Markets Global\profiles\Swiss Franc\chart02.CHR' to 'C:\Users\shall\AppData\Roaming\MetaQuotes\Terminal\5D49F47D1EA1ECFC0DDC965B6D100AC5\profiles\Swiss Franc\chart02.CHR'
0	14:54:57.691	Migration: copied from 'C:\Program Files (x86)\MetaTrader 4 IC Markets Global\profiles\Swiss Franc\chart03.CHR' to 'C:\Users\shall\AppData\Roaming\MetaQuotes\Terminal\5D49F47D1EA1ECFC0DDC965B6D100AC5\profiles\Swiss Franc\chart03.CHR'
0	14:54:57.696	Migration: copied from 'C:\Program Files (x86)\MetaTrader 4 IC Markets Global\profiles\Swiss Franc\order.wnd' to 'C:\Users\shall\AppData\Roaming\MetaQuotes\Terminal\5D49F47D1EA1ECFC0DDC965B6D100AC5\profiles\Swiss Franc\order.wnd'
0	14:54:57.697	Migration: profiles folder copied from 'C:\Program Files (x86)\MetaTrader 4 IC Markets Global' to 'C:\Users\shall\AppData\Roaming\MetaQuotes\Terminal\5D49F47D1EA1ECFC0DDC965B6D100AC5'
0	14:54:57.753	Migration: copied from 'C:\Program Files (x86)\MetaTrader 4 IC Markets Global\templates\ADX.tpl' to 'C:\Users\shall\AppData\Roaming\MetaQuotes\Terminal\5D49F47D1EA1ECFC0DDC965B6D100AC5\templates\ADX.tpl'
0	14:54:57.758	Migration: copied from 'C:\Program Files (x86)\MetaTrader 4 IC Markets Global\templates\BollingerBands.tpl' to 'C:\Users\shall\AppData\Roaming\MetaQuotes\Terminal\5D49F47D1EA1ECFC0DDC965B6D100AC5\templates\BollingerBands.tpl'
0	14:54:57.761	Migration: copied from 'C:\Program Files (x86)\MetaTrader 4 IC Markets Global\templates\Layers.tpl' to 'C:\Users\shall\AppData\Roaming\MetaQuotes\Terminal\5D49F47D1EA1ECFC0DDC965B6D100AC5\templates\Layers.tpl'
0	14:54:57.764	Migration: copied from 'C:\Program Files (x86)\MetaTrader 4 IC Markets Global\templates\Momentum.tpl' to 'C:\Users\shall\AppData\Roaming\MetaQuotes\Terminal\5D49F47D1EA1ECFC0DDC965B6D100AC5\templates\Momentum.tpl'
0	14:54:57.767	Migration: copied from 'C:\Program Files (x86)\MetaTrader 4 IC Markets Global\templates\OptimizationReport.htm' to 'C:\Users\shall\AppData\Roaming\MetaQuotes\Terminal\5D49F47D1EA1ECFC0DDC965B6D100AC5\templates\OptimizationReport.htm'
0	14:54:57.770	Migration: copied from 'C:\Program Files (x86)\MetaTrader 4 IC Markets Global\templates\Popular.tpl' to 'C:\Users\shall\AppData\Roaming\MetaQuotes\Terminal\5D49F47D1EA1ECFC0DDC965B6D100AC5\templates\Popular.tpl'
0	14:54:57.773	Migration: copied from 'C:\Program Files (x86)\MetaTrader 4 IC Markets Global\templates\statement.htm' to 'C:\Users\shall\AppData\Roaming\MetaQuotes\Terminal\5D49F47D1EA1ECFC0DDC965B6D100AC5\templates\statement.htm'
0	14:54:57.776	Migration: copied from 'C:\Program Files (x86)\MetaTrader 4 IC Markets Global\templates\StatementDetailed.htm' to 'C:\Users\shall\AppData\Roaming\MetaQuotes\Terminal\5D49F47D1EA1ECFC0DDC965B6D100AC5\templates\StatementDetailed.htm'
0	14:54:57.778	Migration: copied from 'C:\Program Files (x86)\MetaTrader 4 IC Markets Global\templates\strategytester.htm' to 'C:\Users\shall\AppData\Roaming\MetaQuotes\Terminal\5D49F47D1EA1ECFC0DDC965B6D100AC5\templates\strategytester.htm'
0	14:54:57.781	Migration: copied from 'C:\Program Files (x86)\MetaTrader 4 IC Markets Global\templates\Volume.tpl' to 'C:\Users\shall\AppData\Roaming\MetaQuotes\Terminal\5D49F47D1EA1ECFC0DDC965B6D100AC5\templates\Volume.tpl'
0	14:54:57.783	Migration: copied from 'C:\Program Files (x86)\MetaTrader 4 IC Markets Global\templates\Williams.tpl' to 'C:\Users\shall\AppData\Roaming\MetaQuotes\Terminal\5D49F47D1EA1ECFC0DDC965B6D100AC5\templates\Williams.tpl'
0	14:54:57.783	Migration: templates folder copied from 'C:\Program Files (x86)\MetaTrader 4 IC Markets Global' to 'C:\Users\shall\AppData\Roaming\MetaQuotes\Terminal\5D49F47D1EA1ECFC0DDC965B6D100AC5'
0	14:54:57.917	Migration: data to 'C:\Users\shall\AppData\Roaming\MetaQuotes\Terminal\5D49F47D1EA1ECFC0DDC965B6D100AC5' migration started
0	14:54:57.920	Migration: data migration finished, no virtual folder
0	14:54:57.925	LiveUpdate: update C:\Users\shall\AppData\Roaming\MetaQuotes\Terminal\5D49F47D1EA1ECFC0DDC965B6D100AC5\MQL4 folder started
0	14:54:58.554	LiveUpdate: update C:\Users\shall\AppData\Roaming\MetaQuotes\Terminal\5D49F47D1EA1ECFC0DDC965B6D100AC5\MQL4 folder finished
0	14:54:59.747	IC Markets (SC) MT4 build 1415 started (Raw Trading Ltd)
0	14:54:59.748	Windows 10 Pro x64, UAC, 4 x Intel Core i5-5300U  @ 2.30GHz, Memory: 2847 / 8067 Mb, Disk: 1 / 53 Gb, GMT+5
0	14:54:59.748	Data Folder: C:\Users\shall\AppData\Roaming\MetaQuotes\Terminal\5D49F47D1EA1ECFC0DDC965B6D100AC5
0	14:55:02.330	Sources recompilation started
0	14:55:15.340	Sources recompilation finished (28 compiled in 13000 msec)
0	14:56:46.600	'66686155': login on ICMarketsSC-Demo06 through 18.166.187.118 (ping: 313.39 ms)
0	14:56:50.228	'66686155': previous successful authorization performed from 122.181.212.180
0	14:56:57.650	'66686155': auto connecting to a better access point LD_DC_D06 (ping is 223.49 ms)
0	14:56:58.468	'66686155': login on ICMarketsSC-Demo06 through LD_DC_D06 (ping: 223.49 ms)
0	14:57:00.114	'66686155': login datacenter on ICMarketsSC-Demo06 through LD_DC_D06 (ping: 223.49 ms)
0	14:57:01.068	'66686155': previous successful authorization performed from 122.181.212.180
2	15:09:16.889	Custom indicator RVI_application EURUSD,H1: loaded successfully
2	15:09:42.391	Custom indicator dashboard_creation EURUSD,H1: loaded successfully
2	15:09:51.625	Custom indicator dashboard_leftside EURUSD,H1: loaded successfully
2	15:09:56.482	Custom indicator dashboard_leftside EURUSD,H1: removed
2	15:10:04.564	Custom indicator dashboard_leftside EURUSD,H1: loaded successfully
2	15:10:19.063	Custom indicator movingavg_application EURUSD,H1: loaded successfully
2	15:10:21.048	Custom indicator movingavg_application EURUSD,H1: removed
2	15:10:27.517	Custom indicator movingavg_application EURUSD,H1: loaded successfully
2	15:10:49.708	Custom indicator movingavg_application EURUSD,H1: loaded successfully
2	15:10:56.386	Custom indicator movingavg_application EURUSD,H1: removed
2	15:23:14.131	Custom indicator dashboard_creation EURUSD,H1: removed
2	15:23:14.146	Custom indicator dashboard_creation EURUSD,H1: loaded successfully
2	15:24:48.448	Custom indicator dashboard_creation EURUSD,H1: removed
2	15:24:48.464	Custom indicator dashboard_creation EURUSD,H1: loaded successfully
2	15:25:04.432	Custom indicator dashboard_creation EURUSD,H1: removed
2	15:25:04.447	Custom indicator dashboard_creation EURUSD,H1: loaded successfully
2	15:33:53.523	Custom indicator dashboard_creation EURUSD,H1: removed
2	15:33:53.539	Custom indicator dashboard_creation EURUSD,H1: loaded successfully
2	15:38:35.515	Custom indicator dashboard_creation EURUSD,H1: removed
2	15:38:35.530	Custom indicator dashboard_creation EURUSD,H1: loaded successfully
2	15:51:31.237	Custom indicator dashboard_creation EURUSD,H1: removed
2	17:06:06.013	Custom indicator Trend_Line EURUSD,H1: loaded successfully
2	17:26:48.548	Custom indicator Button_application EURUSD,H1: loaded successfully
3	17:26:48.548	Expert 'Button_application' is not custom indicator and will be removed
2	17:26:48.548	Custom indicator Button_application EURUSD,H1: removed
2	17:26:55.247	Custom indicator Button_application EURUSD,H1: loaded successfully
3	17:26:55.247	Expert 'Button_application' is not custom indicator and will be removed
2	17:26:55.247	Custom indicator Button_application EURUSD,H1: removed
2	17:26:56.184	Custom indicator Button_application EURUSD,H1: loaded successfully
3	17:26:56.184	Expert 'Button_application' is not custom indicator and will be removed
2	17:26:56.184	Custom indicator Button_application EURUSD,H1: removed
2	17:26:57.278	Custom indicator Button_application EURUSD,H1: loaded successfully
3	17:26:57.278	Expert 'Button_application' is not custom indicator and will be removed
2	17:26:57.293	Custom indicator Button_application EURUSD,H1: removed
2	17:26:59.590	Custom indicator Button_application EURUSD,H1: loaded successfully
3	17:26:59.590	Expert 'Button_application' is not custom indicator and will be removed
2	17:26:59.590	Custom indicator Button_application EURUSD,H1: removed
2	17:27:04.054	Custom indicator Button_application EURUSD,H1: loaded successfully
3	17:27:04.054	Expert 'Button_application' is not custom indicator and will be removed
2	17:27:04.054	Custom indicator Button_application EURUSD,H1: removed
2	17:27:13.952	Custom indicator Button_application EURUSD,H1: loaded successfully
3	17:27:13.952	Expert 'Button_application' is not custom indicator and will be removed
2	17:27:13.952	Custom indicator Button_application EURUSD,H1: removed
2	17:27:28.717	Custom indicator Button_application EURUSD,H1: loaded successfully
3	17:27:28.717	Expert 'Button_application' is not custom indicator and will be removed
2	17:27:28.717	Custom indicator Button_application EURUSD,H1: removed
2	17:31:15.254	Custom indicator Button_application EURUSD,H1: loaded successfully
3	17:31:15.254	Expert 'Button_application' is not custom indicator and will be removed
2	17:31:15.257	Custom indicator Button_application EURUSD,H1: removed
2	17:31:40.205	Custom indicator Button_application EURUSD,H1: loaded successfully
3	17:31:40.205	Expert 'Button_application' is not custom indicator and will be removed
2	17:31:40.205	Custom indicator Button_application EURUSD,H1: removed
2	17:39:36.294	Custom indicator Button_application EURUSD,H1: loaded successfully
3	17:39:36.294	Expert 'Button_application' is not custom indicator and will be removed
2	17:39:36.294	Custom indicator Button_application EURUSD,H1: removed
2	17:40:24.243	Expert button_application EURUSD,H1: loaded successfully
0	17:40:42.804	'66686155': one click trading has been disabled
0	17:42:18.080	'66686155': order sell market 1.01 EURUSD sl: 0.00000 tp: 0.00000
0	17:42:18.433	'66686155': order was opened : #245003195 sell 1.01 EURUSD at 1.06995 sl: 0.00000 tp: 0.00000
0	17:42:20.302	Trades: use MetaTrader VPS Hosting Service to speed up the execution: 12.57 ms via 'MQL5 Ashburn DC2 02' instead of 223.49 ms
0	17:42:26.555	'66686155': order buy market 1.01 EURUSD sl: 0.00000 tp: 0.00000
0	17:42:26.930	'66686155': order was opened : #245003207 buy 1.01 EURUSD at 1.07004 sl: 0.00000 tp: 0.00000
0	17:42:39.014	'66686155': order sell market 1.01 EURUSD sl: 0.00000 tp: 0.00000
0	17:42:39.374	'66686155': order was opened : #245003217 sell 1.01 EURUSD at 1.06992 sl: 0.00000 tp: 0.00000
2	17:42:53.516	Expert button_application EURUSD,H1: removed
2	17:42:53.547	Expert button_application EURUSD,H1: loaded successfully
2	17:43:01.675	Expert button_application EURUSD,H1: removed
0	17:43:10.559	'66686155': order sell market 1.00 EURUSD sl: 0.00000 tp: 0.00000
0	17:43:10.974	'66686155': order was opened : #245003267 sell 1.00 EURUSD at 1.06995 sl: 0.00000 tp: 0.00000
0	17:43:18.206	'66686155': order buy market 1.00 EURUSD sl: 0.00000 tp: 0.00000
0	17:43:18.581	'66686155': order was opened : #245003273 buy 1.00 EURUSD at 1.06995 sl: 0.00000 tp: 0.00000
2	17:43:57.185	Expert button_application EURUSD,H1: loaded successfully
0	17:44:34.682	'66686155': close order #245003353 sell 1.00 EURUSD at 1.06998 sl: 0.00000 tp: 0.00000 at price 0.00000
0	17:44:35.064	'66686155': order #245003353 sell 1.00 EURUSD at 1.06998 sl: 0.00000 tp: 0.00000 closed at price 1.07011
2	17:53:35.035	Expert button_application EURUSD,H1: removed
2	17:53:35.067	Expert button_application EURUSD,H1: loaded successfully
2	17:53:35.098	Expert button_application USDCHF,H1: loaded successfully
2	18:31:44.887	Expert button_application USDCHF,H1: removed
2	18:31:48.544	Custom indicator RVI_application EURUSD,H1: removed
2	18:31:48.544	Custom indicator dashboard_leftside EURUSD,H1: removed
2	18:31:48.559	Custom indicator movingavg_application EURUSD,H1: removed
2	18:31:48.559	Custom indicator Trend_Line EURUSD,H1: removed
2	18:31:48.575	Expert button_application EURUSD,H1: removed
0	18:31:48.981	IC Markets (SC) MT4 build 1415 stopped
