0	10:00:23.061	IC Markets (SC) MT4 build 1415 started (Raw Trading Ltd)
0	10:00:23.061	Windows 10 Pro x64, UAC, 4 x Intel Core i5-5300U  @ 2.30GHz, Memory: 4005 / 8067 Mb, Disk: 7 / 53 Gb, GMT+5
0	10:00:23.061	Data Folder: C:\Users\shall\AppData\Roaming\MetaQuotes\Terminal\5D49F47D1EA1ECFC0DDC965B6D100AC5
2	10:00:26.248	Expert ChartObjec EURUSD,H1: loaded successfully
0	10:00:27.811	LiveUpdate: updater - started for 'C:\Program Files (x86)\MetaTrader 4 IC Markets Global'
0	10:00:27.811	LiveUpdate: updater - start admin updater
1	10:00:30.733	LiveUpdate: updater - elevated updater start failed [1223]
0	10:00:30.733	LiveUpdate: updater - finished for 'C:\Program Files (x86)\MetaTrader 4 IC Markets Global'
1	10:00:28.395	'66686155': connect failed [Old version]
0	10:00:28.395	LiveUpdate: old version, try to download new one
0	10:00:34.339	LiveUpdate: old version, try to download new one
0	10:00:40.396	LiveUpdate: old version, try to download new one
0	10:00:46.637	LiveUpdate: old version, try to download new one
0	10:00:57.996	LiveUpdate: old version, try to download new one
0	10:01:03.948	LiveUpdate: old version, try to download new one
0	10:01:09.979	LiveUpdate: old version, try to download new one
0	10:01:16.010	LiveUpdate: old version, try to download new one
0	10:01:22.057	LiveUpdate: old version, try to download new one
0	10:01:33.446	LiveUpdate: old version, try to download new one
0	10:01:39.399	LiveUpdate: old version, try to download new one
0	10:01:45.399	LiveUpdate: old version, try to download new one
0	10:01:51.461	LiveUpdate: old version, try to download new one
0	10:01:57.464	LiveUpdate: old version, try to download new one
0	10:02:08.776	LiveUpdate: old version, try to download new one
0	10:02:14.744	LiveUpdate: old version, try to download new one
0	10:02:20.728	LiveUpdate: old version, try to download new one
0	10:02:26.665	LiveUpdate: old version, try to download new one
0	10:02:32.649	LiveUpdate: old version, try to download new one
0	10:02:44.086	LiveUpdate: old version, try to download new one
0	10:02:50.117	LiveUpdate: old version, try to download new one
0	10:02:56.069	LiveUpdate: old version, try to download new one
0	10:03:02.100	LiveUpdate: old version, try to download new one
0	10:03:08.147	LiveUpdate: old version, try to download new one
0	10:03:19.661	LiveUpdate: old version, try to download new one
0	10:03:25.583	LiveUpdate: old version, try to download new one
0	10:03:31.614	LiveUpdate: old version, try to download new one
0	10:03:37.879	LiveUpdate: old version, try to download new one
0	10:03:44.082	LiveUpdate: old version, try to download new one
0	10:03:55.790	LiveUpdate: old version, try to download new one
0	10:04:01.899	LiveUpdate: old version, try to download new one
0	10:04:07.976	LiveUpdate: old version, try to download new one
0	10:04:14.085	LiveUpdate: old version, try to download new one
0	10:04:20.132	LiveUpdate: old version, try to download new one
0	10:04:31.506	LiveUpdate: old version, try to download new one
0	10:04:37.474	LiveUpdate: old version, try to download new one
0	10:04:43.484	LiveUpdate: old version, try to download new one
0	10:04:49.546	LiveUpdate: old version, try to download new one
0	10:04:55.670	LiveUpdate: old version, try to download new one
0	10:05:07.045	LiveUpdate: old version, try to download new one
0	10:05:12.982	LiveUpdate: old version, try to download new one
0	10:05:19.122	LiveUpdate: old version, try to download new one
0	10:05:25.215	LiveUpdate: old version, try to download new one
0	10:05:31.293	LiveUpdate: old version, try to download new one
0	10:05:42.886	LiveUpdate: old version, try to download new one
0	10:05:48.823	LiveUpdate: old version, try to download new one
0	10:05:54.776	LiveUpdate: old version, try to download new one
0	10:06:00.729	LiveUpdate: old version, try to download new one
0	10:06:06.868	LiveUpdate: old version, try to download new one
0	10:06:18.307	LiveUpdate: old version, try to download new one
0	10:06:24.385	LiveUpdate: old version, try to download new one
0	10:06:30.353	LiveUpdate: old version, try to download new one
0	10:06:36.431	LiveUpdate: old version, try to download new one
0	10:06:42.477	LiveUpdate: old version, try to download new one
0	10:06:53.773	LiveUpdate: old version, try to download new one
0	10:06:59.679	LiveUpdate: old version, try to download new one
0	10:07:05.610	LiveUpdate: old version, try to download new one
0	10:07:11.563	LiveUpdate: old version, try to download new one
0	10:07:17.546	LiveUpdate: old version, try to download new one
0	10:07:28.905	LiveUpdate: old version, try to download new one
0	10:07:34.920	LiveUpdate: old version, try to download new one
0	10:07:40.810	LiveUpdate: old version, try to download new one
0	10:07:46.873	LiveUpdate: old version, try to download new one
0	10:07:52.935	LiveUpdate: old version, try to download new one
0	10:08:04.309	LiveUpdate: old version, try to download new one
0	10:08:10.246	LiveUpdate: old version, try to download new one
0	10:08:16.386	LiveUpdate: old version, try to download new one
0	10:08:22.433	LiveUpdate: old version, try to download new one
0	10:08:28.558	LiveUpdate: old version, try to download new one
0	10:08:39.932	LiveUpdate: old version, try to download new one
0	10:08:45.963	LiveUpdate: old version, try to download new one
0	10:08:51.884	LiveUpdate: old version, try to download new one
0	10:08:57.884	LiveUpdate: old version, try to download new one
0	10:09:04.008	LiveUpdate: old version, try to download new one
0	10:09:15.461	LiveUpdate: old version, try to download new one
0	10:09:21.398	LiveUpdate: old version, try to download new one
0	10:09:27.319	LiveUpdate: old version, try to download new one
0	10:09:33.376	LiveUpdate: old version, try to download new one
0	10:09:39.532	LiveUpdate: old version, try to download new one
0	10:09:50.984	LiveUpdate: old version, try to download new one
0	10:09:56.921	LiveUpdate: old version, try to download new one
0	10:10:02.952	LiveUpdate: old version, try to download new one
0	10:10:09.329	LiveUpdate: old version, try to download new one
0	10:10:15.382	LiveUpdate: old version, try to download new one
0	10:10:26.771	LiveUpdate: old version, try to download new one
0	10:10:32.610	LiveUpdate: old version, try to download new one
0	10:10:38.604	LiveUpdate: old version, try to download new one
0	10:10:44.662	LiveUpdate: old version, try to download new one
0	10:10:50.682	LiveUpdate: old version, try to download new one
0	10:11:02.164	LiveUpdate: old version, try to download new one
0	10:11:08.190	LiveUpdate: old version, try to download new one
0	10:11:14.027	LiveUpdate: old version, try to download new one
0	10:11:19.968	LiveUpdate: old version, try to download new one
0	10:11:26.024	LiveUpdate: old version, try to download new one
0	10:11:37.379	LiveUpdate: old version, try to download new one
0	10:11:43.374	LiveUpdate: old version, try to download new one
0	10:11:49.239	LiveUpdate: old version, try to download new one
0	10:11:55.316	LiveUpdate: old version, try to download new one
0	10:12:01.347	LiveUpdate: old version, try to download new one
0	10:12:12.815	LiveUpdate: old version, try to download new one
0	10:12:18.745	LiveUpdate: old version, try to download new one
0	10:12:24.693	LiveUpdate: old version, try to download new one
0	10:12:30.878	LiveUpdate: old version, try to download new one
0	10:12:36.987	LiveUpdate: old version, try to download new one
0	10:12:48.251	LiveUpdate: old version, try to download new one
0	10:12:54.188	LiveUpdate: old version, try to download new one
0	10:13:00.322	LiveUpdate: old version, try to download new one
0	10:13:06.374	LiveUpdate: old version, try to download new one
0	10:13:12.405	LiveUpdate: old version, try to download new one
0	10:13:23.670	LiveUpdate: old version, try to download new one
0	10:13:29.610	LiveUpdate: old version, try to download new one
0	10:13:35.514	LiveUpdate: old version, try to download new one
0	10:13:41.592	LiveUpdate: old version, try to download new one
0	10:13:47.607	LiveUpdate: old version, try to download new one
0	10:13:58.997	LiveUpdate: old version, try to download new one
0	10:14:04.970	LiveUpdate: old version, try to download new one
0	10:14:10.860	LiveUpdate: old version, try to download new one
0	10:14:16.828	LiveUpdate: old version, try to download new one
0	10:14:22.812	LiveUpdate: old version, try to download new one
0	10:14:34.126	LiveUpdate: old version, try to download new one
0	10:14:40.182	LiveUpdate: old version, try to download new one
0	10:14:46.286	LiveUpdate: old version, try to download new one
0	10:14:52.459	LiveUpdate: old version, try to download new one
0	10:14:58.495	LiveUpdate: old version, try to download new one
0	10:15:09.814	LiveUpdate: old version, try to download new one
0	10:15:15.840	LiveUpdate: old version, try to download new one
0	10:15:21.814	LiveUpdate: old version, try to download new one
0	10:15:27.880	LiveUpdate: old version, try to download new one
0	10:15:33.834	LiveUpdate: old version, try to download new one
0	10:15:45.391	LiveUpdate: old version, try to download new one
0	10:15:51.443	LiveUpdate: old version, try to download new one
0	10:15:57.495	LiveUpdate: old version, try to download new one
0	10:16:03.638	LiveUpdate: old version, try to download new one
0	10:16:09.597	LiveUpdate: old version, try to download new one
0	10:16:21.170	LiveUpdate: old version, try to download new one
0	10:16:27.180	LiveUpdate: old version, try to download new one
0	10:16:33.118	LiveUpdate: old version, try to download new one
0	10:16:39.154	LiveUpdate: old version, try to download new one
0	10:16:45.209	LiveUpdate: old version, try to download new one
0	10:16:56.481	LiveUpdate: old version, try to download new one
0	10:17:02.510	LiveUpdate: old version, try to download new one
0	10:17:08.447	LiveUpdate: old version, try to download new one
0	10:17:14.384	LiveUpdate: old version, try to download new one
0	10:17:20.431	LiveUpdate: old version, try to download new one
0	10:17:31.961	LiveUpdate: old version, try to download new one
0	10:17:37.867	LiveUpdate: old version, try to download new one
0	10:17:43.882	LiveUpdate: old version, try to download new one
0	10:17:49.866	LiveUpdate: old version, try to download new one
0	10:17:55.975	LiveUpdate: old version, try to download new one
0	10:18:07.318	LiveUpdate: old version, try to download new one
0	10:18:13.380	LiveUpdate: old version, try to download new one
0	10:18:19.411	LiveUpdate: old version, try to download new one
0	10:18:25.364	LiveUpdate: old version, try to download new one
0	10:18:31.489	LiveUpdate: old version, try to download new one
0	10:18:43.110	LiveUpdate: old version, try to download new one
0	10:18:49.000	LiveUpdate: old version, try to download new one
0	10:18:54.937	LiveUpdate: old version, try to download new one
0	10:19:00.984	LiveUpdate: old version, try to download new one
0	10:19:06.952	LiveUpdate: old version, try to download new one
0	10:19:18.281	LiveUpdate: old version, try to download new one
0	10:19:24.265	LiveUpdate: old version, try to download new one
0	10:19:30.170	LiveUpdate: old version, try to download new one
0	10:19:36.232	LiveUpdate: old version, try to download new one
0	10:19:42.451	LiveUpdate: old version, try to download new one
0	10:19:53.822	LiveUpdate: old version, try to download new one
0	10:19:59.884	LiveUpdate: old version, try to download new one
0	10:20:05.806	LiveUpdate: old version, try to download new one
0	10:20:11.837	LiveUpdate: old version, try to download new one
0	10:20:17.883	LiveUpdate: old version, try to download new one
0	10:20:29.250	LiveUpdate: old version, try to download new one
0	10:20:35.198	LiveUpdate: old version, try to download new one
0	10:20:41.229	LiveUpdate: old version, try to download new one
0	10:20:47.178	LiveUpdate: old version, try to download new one
0	10:20:53.221	LiveUpdate: old version, try to download new one
0	10:21:04.688	LiveUpdate: old version, try to download new one
0	10:21:10.626	LiveUpdate: old version, try to download new one
0	10:21:16.590	LiveUpdate: old version, try to download new one
0	10:21:22.606	LiveUpdate: old version, try to download new one
0	10:21:28.902	LiveUpdate: old version, try to download new one
0	10:21:40.214	LiveUpdate: old version, try to download new one
0	10:21:46.204	LiveUpdate: old version, try to download new one
0	10:21:52.314	LiveUpdate: old version, try to download new one
0	10:21:58.236	LiveUpdate: old version, try to download new one
0	10:22:04.282	LiveUpdate: old version, try to download new one
0	10:22:15.540	LiveUpdate: old version, try to download new one
0	10:22:21.477	LiveUpdate: old version, try to download new one
0	10:22:27.477	LiveUpdate: old version, try to download new one
0	10:22:33.600	LiveUpdate: old version, try to download new one
0	10:22:39.553	LiveUpdate: old version, try to download new one
0	10:22:50.958	LiveUpdate: old version, try to download new one
0	10:22:56.926	LiveUpdate: old version, try to download new one
0	10:23:02.864	LiveUpdate: old version, try to download new one
0	10:23:08.785	LiveUpdate: old version, try to download new one
0	10:23:14.847	LiveUpdate: old version, try to download new one
0	10:23:26.409	LiveUpdate: old version, try to download new one
0	10:23:32.362	LiveUpdate: old version, try to download new one
0	10:23:38.291	LiveUpdate: old version, try to download new one
0	10:23:44.322	LiveUpdate: old version, try to download new one
0	10:23:50.499	LiveUpdate: old version, try to download new one
0	10:24:01.942	LiveUpdate: old version, try to download new one
0	10:24:07.880	LiveUpdate: old version, try to download new one
0	10:24:14.082	LiveUpdate: old version, try to download new one
0	10:24:20.269	LiveUpdate: old version, try to download new one
0	10:24:26.316	LiveUpdate: old version, try to download new one
0	10:24:37.695	LiveUpdate: old version, try to download new one
0	10:24:43.617	LiveUpdate: old version, try to download new one
0	10:24:49.663	LiveUpdate: old version, try to download new one
0	10:24:55.913	LiveUpdate: old version, try to download new one
0	10:25:02.053	LiveUpdate: old version, try to download new one
0	10:25:13.436	LiveUpdate: old version, try to download new one
0	10:25:19.358	LiveUpdate: old version, try to download new one
0	10:25:25.570	LiveUpdate: old version, try to download new one
0	10:25:31.546	LiveUpdate: old version, try to download new one
0	10:25:37.526	LiveUpdate: old version, try to download new one
0	10:25:48.838	LiveUpdate: old version, try to download new one
0	10:25:54.885	LiveUpdate: old version, try to download new one
0	10:26:00.927	LiveUpdate: old version, try to download new one
0	10:26:06.793	LiveUpdate: old version, try to download new one
0	10:26:12.662	LiveUpdate: old version, try to download new one
0	10:26:23.875	LiveUpdate: old version, try to download new one
0	10:26:29.914	LiveUpdate: old version, try to download new one
0	10:26:35.891	LiveUpdate: old version, try to download new one
0	10:26:41.997	LiveUpdate: old version, try to download new one
0	10:26:48.075	LiveUpdate: old version, try to download new one
0	10:26:59.285	LiveUpdate: old version, try to download new one
0	10:27:05.252	LiveUpdate: old version, try to download new one
0	10:27:11.074	LiveUpdate: old version, try to download new one
0	10:27:17.053	LiveUpdate: old version, try to download new one
0	10:27:23.184	LiveUpdate: old version, try to download new one
0	10:27:34.936	LiveUpdate: old version, try to download new one
0	10:27:40.880	LiveUpdate: old version, try to download new one
0	10:27:47.175	LiveUpdate: old version, try to download new one
0	10:27:53.457	LiveUpdate: old version, try to download new one
0	10:27:59.568	LiveUpdate: old version, try to download new one
0	10:28:10.973	LiveUpdate: old version, try to download new one
0	10:28:17.126	LiveUpdate: old version, try to download new one
0	10:28:22.960	LiveUpdate: old version, try to download new one
0	10:28:28.890	LiveUpdate: old version, try to download new one
0	10:28:34.943	LiveUpdate: old version, try to download new one
0	10:28:46.259	LiveUpdate: old version, try to download new one
0	10:28:52.333	LiveUpdate: old version, try to download new one
0	10:28:58.347	LiveUpdate: old version, try to download new one
0	10:29:04.439	LiveUpdate: old version, try to download new one
0	10:29:10.518	LiveUpdate: old version, try to download new one
0	10:29:21.828	LiveUpdate: old version, try to download new one
0	10:29:27.891	LiveUpdate: old version, try to download new one
0	10:29:34.182	LiveUpdate: old version, try to download new one
0	10:29:40.273	LiveUpdate: old version, try to download new one
0	10:29:46.318	LiveUpdate: old version, try to download new one
0	10:29:57.684	LiveUpdate: old version, try to download new one
0	10:30:03.615	LiveUpdate: old version, try to download new one
0	10:30:09.522	LiveUpdate: old version, try to download new one
0	10:30:15.491	LiveUpdate: old version, try to download new one
0	10:30:21.530	LiveUpdate: old version, try to download new one
0	10:30:32.902	LiveUpdate: old version, try to download new one
0	10:30:38.774	LiveUpdate: old version, try to download new one
0	10:30:44.693	LiveUpdate: old version, try to download new one
0	10:30:50.777	LiveUpdate: old version, try to download new one
0	10:30:56.767	LiveUpdate: old version, try to download new one
0	10:31:08.026	LiveUpdate: old version, try to download new one
0	10:31:13.935	LiveUpdate: old version, try to download new one
0	10:31:19.888	LiveUpdate: old version, try to download new one
0	10:31:25.953	LiveUpdate: old version, try to download new one
0	10:31:31.984	LiveUpdate: old version, try to download new one
0	10:31:43.359	LiveUpdate: old version, try to download new one
0	10:31:49.388	LiveUpdate: old version, try to download new one
0	10:31:55.269	LiveUpdate: old version, try to download new one
0	10:32:01.253	LiveUpdate: old version, try to download new one
0	10:32:07.196	LiveUpdate: old version, try to download new one
0	10:32:18.586	LiveUpdate: old version, try to download new one
0	10:32:24.584	LiveUpdate: old version, try to download new one
0	10:32:30.663	LiveUpdate: old version, try to download new one
2	10:32:33.865	Expert ChartObjec EURUSD,H1: removed
0	10:32:34.287	IC Markets (SC) MT4 build 1415 stopped
