1	09:14:09.735	MQL5.community: authorization failed
0	09:14:20.890	'66686155': login on ICMarketsSC-Demo06 through HK_DC_D06 (ping: n/a)
0	09:14:23.183	'66686155': login datacenter on ICMarketsSC-Demo06 through HK_DC_D06 (ping: n/a)
0	09:14:25.279	'66686155': previous successful authorization performed from 117.246.127.197
0	09:14:30.956	'66686155': auto connecting to a better access point LD_DC_D06 (ping is 227.48 ms)
0	09:14:31.737	'66686155': login on ICMarketsSC-Demo06 through LD_DC_D06 (ping: 227.48 ms)
0	09:14:33.554	'66686155': login datacenter on ICMarketsSC-Demo06 through LD_DC_D06 (ping: 227.48 ms)
0	09:14:35.165	'66686155': previous successful authorization performed from 103.213.202.61
2	09:16:03.650	Custom indicator Mob1_loop EURUSD,H1: removed
2	09:16:03.659	Custom indicator Mob1_loop EURUSD,H1: loaded successfully
2	09:32:59.203	Custom indicator Mob_loop EURUSD,H1: removed
2	09:32:59.218	Custom indicator Mob_loop EURUSD,H1: loaded successfully
2	09:32:59.247	Custom indicator Mob1_loop EURUSD,H1: removed
2	09:32:59.263	Custom indicator Mob1_loop EURUSD,H1: loaded successfully
2	09:33:21.217	Custom indicator Mob1_loop EURUSD,H1: loaded successfully
2	09:35:22.309	Custom indicator Mob1_loop EURUSD,H1: removed
2	09:35:22.325	Custom indicator Mob1_loop EURUSD,H1: loaded successfully
2	09:35:22.356	Custom indicator Mob1_loop EURUSD,H1: removed
2	09:35:22.371	Custom indicator Mob1_loop EURUSD,H1: loaded successfully
2	09:35:51.788	Custom indicator Mob1_loop EURUSD,H1: loaded successfully
2	09:53:40.500	Custom indicator MobIndicator EURUSD,H1: removed
2	09:53:40.516	Custom indicator MobIndicator EURUSD,H1: loaded successfully
2	09:53:49.830	Custom indicator MobIndicator EURUSD,H1: removed
2	09:53:49.846	Custom indicator MobIndicator EURUSD,H1: loaded successfully
2	09:54:54.730	Custom indicator MobIndicator EURUSD,H1: removed
2	09:54:54.746	Custom indicator MobIndicator EURUSD,H1: loaded successfully
2	09:55:34.563	Custom indicator MobIndicator EURUSD,H1: removed
2	09:55:34.579	Custom indicator MobIndicator EURUSD,H1: loaded successfully
2	09:55:48.311	Custom indicator MobIndicator EURUSD,H1: removed
2	09:55:48.327	Custom indicator MobIndicator EURUSD,H1: loaded successfully
2	10:02:20.246	Custom indicator Mob1_loop EURUSD,H1: removed
2	10:02:20.261	Custom indicator Mob1_loop EURUSD,H1: loaded successfully
2	10:02:20.277	Custom indicator Mob1_loop EURUSD,H1: removed
2	10:02:20.293	Custom indicator Mob1_loop EURUSD,H1: loaded successfully
2	10:02:20.308	Custom indicator Mob1_loop EURUSD,H1: removed
2	10:02:20.324	Custom indicator Mob1_loop EURUSD,H1: loaded successfully
2	10:03:27.019	Custom indicator Mob1_loop EURUSD,H1: loaded successfully
2	10:03:36.846	Custom indicator Mob1_loop EURUSD,H1: removed
2	10:03:55.905	Custom indicator Mob1_loop EURUSD,H1: removed
2	10:03:55.905	Custom indicator Mob1_loop EURUSD,H1: loaded successfully
2	10:03:55.952	Custom indicator Mob1_loop EURUSD,H1: removed
2	10:03:55.952	Custom indicator Mob1_loop EURUSD,H1: loaded successfully
2	10:03:55.999	Custom indicator Mob1_loop EURUSD,H1: removed
2	10:03:55.999	Custom indicator Mob1_loop EURUSD,H1: loaded successfully
2	10:04:13.984	Custom indicator Mob1_loop EURUSD,H1: removed
2	10:04:14.335	Custom indicator Bulls EURUSD,H1: removed
2	10:04:14.341	Custom indicator Bears EURUSD,H1: removed
2	10:04:14.350	Custom indicator Momentum EURUSD,H1: removed
2	10:04:14.370	Custom indicator Mob EURUSD,H1: removed
2	10:04:14.375	Custom indicator Mob1_loop EURUSD,H1: removed
2	10:04:14.384	Custom indicator Mob_loop EURUSD,H1: removed
2	10:04:14.400	Custom indicator MobIndicator EURUSD,H1: removed
2	10:04:14.415	Custom indicator Mob1_loop EURUSD,H1: removed
0	10:04:18.098	IC Markets (SC) MT4 build 1420 stopped
0	10:04:18.712	IC Markets (SC) MT4 build 1420 started (Raw Trading Ltd)
0	10:04:18.712	Windows 10 Pro x64, UAC, 4 x Intel Core i5-5300U  @ 2.30GHz, Memory: 3394 / 8067 Mb, Disk: 3 / 53 Gb, GMT+5
0	10:04:18.712	Data Folder: C:\Users\shall\AppData\Roaming\MetaQuotes\Terminal\5D49F47D1EA1ECFC0DDC965B6D100AC5
2	10:04:20.509	Custom indicator Bulls EURUSD,H1: loaded successfully
2	10:04:20.540	Custom indicator Bears EURUSD,H1: loaded successfully
2	10:04:20.556	Custom indicator Momentum EURUSD,H1: loaded successfully
2	10:04:20.665	Custom indicator Mob1_loop EURUSD,H1: loaded successfully
2	10:04:20.759	Custom indicator MobIndicator EURUSD,H1: loaded successfully
2	10:04:20.837	Custom indicator Mob1_loop EURUSD,H1: loaded successfully
0	10:04:26.893	'66686155': login on ICMarketsSC-Demo06 through LD_DC_D06 (ping: 227.48 ms)
0	10:04:29.151	'66686155': login datacenter on ICMarketsSC-Demo06 through LD_DC_D06 (ping: 227.48 ms)
0	10:04:30.143	'66686155': previous successful authorization performed from 103.213.202.61
2	10:04:45.436	Custom indicator Mob1_loop EURUSD,H1: loaded successfully
2	10:04:50.733	Custom indicator Mob1_loop EURUSD,H1: removed
2	10:05:07.842	Custom indicator Bulls EURUSD,H1: removed
2	10:05:07.858	Custom indicator Bears EURUSD,H1: removed
2	10:05:07.858	Custom indicator Momentum EURUSD,H1: removed
2	10:05:07.873	Custom indicator Mob1_loop EURUSD,H1: removed
2	10:05:07.889	Custom indicator MobIndicator EURUSD,H1: removed
2	10:05:07.889	Custom indicator Mob1_loop EURUSD,H1: removed
0	10:05:08.684	IC Markets (SC) MT4 build 1420 stopped
0	10:05:43.406	IC Markets (SC) MT4 build 1420 started (Raw Trading Ltd)
0	10:05:43.406	Windows 10 Pro x64, UAC, 4 x Intel Core i5-5300U  @ 2.30GHz, Memory: 3426 / 8067 Mb, Disk: 3 / 53 Gb, GMT+5
0	10:05:43.406	Data Folder: C:\Users\shall\AppData\Roaming\MetaQuotes\Terminal\5D49F47D1EA1ECFC0DDC965B6D100AC5
2	10:05:44.956	Custom indicator Bulls EURUSD,H1: loaded successfully
2	10:05:44.972	Custom indicator Bears EURUSD,H1: loaded successfully
2	10:05:44.988	Custom indicator Momentum EURUSD,H1: loaded successfully
2	10:05:45.066	Custom indicator Mob1_loop EURUSD,H1: loaded successfully
2	10:05:45.144	Custom indicator MobIndicator EURUSD,H1: loaded successfully
2	10:05:45.206	Custom indicator Mob1_loop EURUSD,H1: loaded successfully
0	10:05:50.911	'66686155': login on ICMarketsSC-Demo06 through LD_DC_D06 (ping: 227.48 ms)
0	10:05:53.079	'66686155': login datacenter on ICMarketsSC-Demo06 through LD_DC_D06 (ping: 227.48 ms)
0	10:05:54.076	'66686155': previous successful authorization performed from 103.213.202.61
2	10:06:29.558	Custom indicator Mob1_loop EURUSD,H1: loaded successfully
2	10:07:26.889	Custom indicator Mob1_loop EURUSD,H1: removed
2	10:07:31.920	Custom indicator Mob1_loop EURUSD,H1: removed
2	10:07:34.272	Custom indicator MobIndicator EURUSD,H1: removed
2	10:07:36.855	Custom indicator Mob1_loop EURUSD,H1: removed
2	10:07:52.076	Custom indicator Mob1_loop EURUSD,H1: loaded successfully
2	10:15:31.000	Custom indicator Mob1_loop EURUSD,H1: loaded successfully
2	10:20:07.797	Custom indicator MobIndicator EURUSD,H1: loaded successfully
2	10:26:28.518	Custom indicator MobIndicator EURUSD,H1: removed
2	10:26:28.536	Custom indicator MobIndicator EURUSD,H1: loaded successfully
2	10:26:53.081	Custom indicator MobIndicator GBPUSD,H1: loaded successfully
2	10:30:56.758	Custom indicator Mob1_loop EURUSD,H1: removed
2	10:30:56.762	Custom indicator Mob1_loop EURUSD,H1: removed
2	11:03:56.718	Custom indicator Mob1_loop AUDCHF,H1: loaded successfully
2	11:09:40.386	Custom indicator Mob1_loop AUDCHF,H1: removed
2	11:09:40.405	Custom indicator Mob1_loop AUDCHF,H1: loaded successfully
2	11:10:04.561	Custom indicator Mob1_loop EURUSD,H1: loaded successfully
0	11:47:31.698	Sources recompilation started
2	11:47:33.087	Custom indicator MobIndicator EURUSD,H1: removed
2	11:47:33.102	Custom indicator MobIndicator EURUSD,H1: loaded successfully
2	11:47:33.133	Custom indicator MobIndicator GBPUSD,H1: removed
2	11:47:33.149	Custom indicator MobIndicator GBPUSD,H1: loaded successfully
2	11:47:43.594	Custom indicator MobIndicator EURUSD,H1: removed
2	11:47:43.610	Custom indicator MobIndicator EURUSD,H1: loaded successfully
2	11:47:43.656	Custom indicator MobIndicator GBPUSD,H1: removed
2	11:47:43.672	Custom indicator MobIndicator GBPUSD,H1: loaded successfully
2	11:47:58.112	Custom indicator MobIndicator EURUSD,H1: loaded successfully
2	11:55:32.939	Custom indicator MobIndicator EURUSD,H1: removed
2	11:55:34.885	Custom indicator MobIndicator GBPUSD,H1: removed
2	11:55:38.853	Custom indicator Mob1_loop AUDCHF,H1: removed
2	11:55:41.693	Custom indicator MobIndicator EURUSD,H1: removed
2	11:56:03.084	Custom indicator Mob1_loop EURUSD,H1: removed
2	11:56:28.720	Custom indicator MobIndicator21 EURUSD,H1: loaded successfully
2	12:12:42.433	Custom indicator shallu_mob EURUSD,H1: loaded successfully
2	12:15:24.380	Custom indicator shallu_mob EURUSD,H1: removed
2	12:15:24.396	Custom indicator shallu_mob EURUSD,H1: loaded successfully
2	12:15:31.425	Custom indicator shallu_mob EURUSD,H1: removed
2	12:15:44.969	Custom indicator shallu_mob EURUSD,H1: loaded successfully
2	12:20:33.996	Custom indicator shallu_mob EURUSD,H1: removed
2	12:20:34.012	Custom indicator shallu_mob EURUSD,H1: loaded successfully
2	12:20:45.346	Custom indicator shallu_mob EURUSD,H1: loaded successfully
2	12:21:06.218	Custom indicator shallu_mob EURUSD,H1: removed
2	12:21:12.977	Custom indicator MobIndicator21 EURUSD,H1: removed
2	12:26:57.350	Custom indicator MobIndicator21 EURUSD,H1: loaded successfully
2	12:32:33.387	Custom indicator MobIndicator21 EURUSD,H1: removed
2	12:32:33.396	Custom indicator MobIndicator21 EURUSD,H1: loaded successfully
2	12:32:41.165	Custom indicator MobIndicator21 EURUSD,H1: removed
2	12:32:44.595	Custom indicator shallu_mob EURUSD,H1: removed
2	12:32:55.801	Custom indicator MobIndicator21 EURUSD,H1: loaded successfully
2	12:36:09.364	Custom indicator MobIndicator21 EURUSD,H1: removed
2	12:36:09.381	Custom indicator MobIndicator21 EURUSD,H1: loaded successfully
2	12:36:18.650	Custom indicator MobIndicator21 EURUSD,H1: removed
2	12:36:28.637	Custom indicator MobIndicator21 EURUSD,H1: loaded successfully
2	12:37:25.795	Custom indicator MobIndicator21 EURUSD,H1: removed
2	12:37:25.803	Custom indicator MobIndicator21 EURUSD,H1: loaded successfully
2	12:39:34.258	Custom indicator MobIndicator21 EURUSD,H1: removed
2	12:40:09.959	Custom indicator MobIndicator21 EURUSD,H1: loaded successfully
2	12:40:29.005	Custom indicator MobIndicator21 EURUSD,H1: removed
2	12:40:29.023	Custom indicator MobIndicator21 EURUSD,H1: loaded successfully
2	12:41:24.140	Custom indicator MobIndicator21 EURUSD,H1: removed
2	12:41:24.155	Custom indicator MobIndicator21 EURUSD,H1: loaded successfully
2	12:45:37.602	Custom indicator MobIndicator21 EURUSD,H1: removed
2	12:45:55.399	Custom indicator shallu_mob EURUSD,H1: loaded successfully
2	12:46:32.717	Custom indicator shallu_mob EURUSD,H1: removed
2	12:46:32.732	Custom indicator shallu_mob EURUSD,H1: loaded successfully
2	12:46:56.219	Custom indicator shallu_mob EURUSD,H1: loaded successfully
2	13:01:56.879	Custom indicator shallu_mob EURUSD,H1: removed
2	13:01:59.801	Custom indicator shallu_mob EURUSD,H1: removed
2	13:02:10.242	Custom indicator MobIndicator EURUSD,H1: loaded successfully
2	13:16:27.615	Custom indicator shallu_mob EURUSD,H1: loaded successfully
2	13:19:51.036	Custom indicator MobIndicator21 EURUSD,H1: loaded successfully
2	13:21:31.266	Custom indicator MobIndicator21 EURUSD,H1: removed
2	13:21:31.281	Custom indicator MobIndicator21 EURUSD,H1: loaded successfully
2	13:21:44.882	Custom indicator MobIndicator21 EURUSD,H1: loaded successfully
2	13:23:30.389	Custom indicator MobIndicator21 EURUSD,H1: removed
2	13:23:30.404	Custom indicator MobIndicator21 EURUSD,H1: loaded successfully
2	13:23:30.451	Custom indicator MobIndicator21 EURUSD,H1: removed
2	13:23:30.467	Custom indicator MobIndicator21 EURUSD,H1: loaded successfully
2	13:23:55.557	Custom indicator MobIndicator21 EURUSD,H1: loaded successfully
2	13:24:25.685	Custom indicator MobIndicator21 EURUSD,H1: removed
2	13:24:25.700	Custom indicator MobIndicator21 EURUSD,H1: loaded successfully
2	13:24:25.794	Custom indicator MobIndicator21 EURUSD,H1: removed
2	13:24:25.810	Custom indicator MobIndicator21 EURUSD,H1: loaded successfully
2	13:24:25.841	Custom indicator MobIndicator21 EURUSD,H1: removed
2	13:24:25.856	Custom indicator MobIndicator21 EURUSD,H1: loaded successfully
2	13:24:37.336	Custom indicator MobIndicator21 EURUSD,H1: loaded successfully
2	13:25:39.785	Custom indicator MobIndicator21 EURUSD,H1: removed
2	13:25:39.801	Custom indicator MobIndicator21 EURUSD,H1: loaded successfully
2	13:25:39.832	Custom indicator MobIndicator21 EURUSD,H1: removed
2	13:25:39.848	Custom indicator MobIndicator21 EURUSD,H1: loaded successfully
2	13:25:39.926	Custom indicator MobIndicator21 EURUSD,H1: removed
2	13:25:39.941	Custom indicator MobIndicator21 EURUSD,H1: loaded successfully
2	13:25:39.988	Custom indicator MobIndicator21 EURUSD,H1: removed
2	13:25:40.004	Custom indicator MobIndicator21 EURUSD,H1: loaded successfully
2	13:25:49.146	Custom indicator MobIndicator21 EURUSD,H1: loaded successfully
2	13:26:13.483	Custom indicator MobIndicator21 EURUSD,H1: removed
2	13:26:13.483	Custom indicator MobIndicator21 EURUSD,H1: loaded successfully
2	13:26:13.529	Custom indicator MobIndicator21 EURUSD,H1: removed
2	13:26:13.545	Custom indicator MobIndicator21 EURUSD,H1: loaded successfully
2	13:26:13.576	Custom indicator MobIndicator21 EURUSD,H1: removed
2	13:26:13.592	Custom indicator MobIndicator21 EURUSD,H1: loaded successfully
2	13:26:13.654	Custom indicator MobIndicator21 EURUSD,H1: removed
2	13:26:13.670	Custom indicator MobIndicator21 EURUSD,H1: loaded successfully
2	13:26:13.701	Custom indicator MobIndicator21 EURUSD,H1: removed
2	13:26:13.717	Custom indicator MobIndicator21 EURUSD,H1: loaded successfully
2	13:26:25.292	Custom indicator MobIndicator21 EURUSD,H1: loaded successfully
2	13:26:55.073	Custom indicator MobIndicator21 EURUSD,H1: removed
2	13:26:55.088	Custom indicator MobIndicator21 EURUSD,H1: loaded successfully
2	13:26:55.120	Custom indicator MobIndicator21 EURUSD,H1: removed
2	13:26:55.135	Custom indicator MobIndicator21 EURUSD,H1: loaded successfully
2	13:26:55.182	Custom indicator MobIndicator21 EURUSD,H1: removed
2	13:26:55.198	Custom indicator MobIndicator21 EURUSD,H1: loaded successfully
2	13:26:55.229	Custom indicator MobIndicator21 EURUSD,H1: removed
2	13:26:55.245	Custom indicator MobIndicator21 EURUSD,H1: loaded successfully
2	13:26:55.307	Custom indicator MobIndicator21 EURUSD,H1: removed
2	13:26:55.323	Custom indicator MobIndicator21 EURUSD,H1: loaded successfully
2	13:26:55.354	Custom indicator MobIndicator21 EURUSD,H1: removed
2	13:26:55.370	Custom indicator MobIndicator21 EURUSD,H1: loaded successfully
2	13:27:07.713	Custom indicator MobIndicator21 EURUSD,H1: loaded successfully
1	14:04:48.562	'66686155': ping failed
0	14:04:50.472	'66686155': login on ICMarketsSC-Demo06 through NVir_DC_D05 (ping: 235.74 ms)
0	14:04:52.770	'66686155': login datacenter on ICMarketsSC-Demo06 through NVir_DC_D05 (ping: 235.74 ms)
0	14:04:54.393	'66686155': previous successful authorization performed from 103.213.202.61
0	14:05:00.792	'66686155': auto connecting to a better access point LD_DC_D06 (ping is 242.13 ms)
0	14:05:01.635	'66686155': login on ICMarketsSC-Demo06 through LD_DC_D06 (ping: 242.13 ms)
0	14:05:03.604	'66686155': login datacenter on ICMarketsSC-Demo06 through LD_DC_D06 (ping: 242.13 ms)
0	14:05:04.674	'66686155': previous successful authorization performed from 103.213.202.61
2	14:05:50.809	Custom indicator MobIndicator21 EURUSD,H1: removed
2	14:05:50.824	Custom indicator MobIndicator21 EURUSD,H1: loaded successfully
2	14:05:50.856	Custom indicator MobIndicator21 EURUSD,H1: removed
2	14:05:50.871	Custom indicator MobIndicator21 EURUSD,H1: loaded successfully
2	14:05:50.918	Custom indicator MobIndicator21 EURUSD,H1: removed
2	14:05:50.934	Custom indicator MobIndicator21 EURUSD,H1: loaded successfully
2	14:05:50.981	Custom indicator MobIndicator21 EURUSD,H1: removed
2	14:05:50.996	Custom indicator MobIndicator21 EURUSD,H1: loaded successfully
2	14:05:51.027	Custom indicator MobIndicator21 EURUSD,H1: removed
2	14:05:51.043	Custom indicator MobIndicator21 EURUSD,H1: loaded successfully
2	14:05:51.168	Custom indicator MobIndicator21 EURUSD,H1: removed
2	14:05:51.199	Custom indicator MobIndicator21 EURUSD,H1: loaded successfully
2	14:05:51.277	Custom indicator MobIndicator21 EURUSD,H1: removed
2	14:05:51.309	Custom indicator MobIndicator21 EURUSD,H1: loaded successfully
2	14:21:28.322	Custom indicator MobIndicator21 EURUSD,H1: removed
2	14:21:28.338	Custom indicator MobIndicator21 EURUSD,H1: loaded successfully
2	14:21:28.400	Custom indicator MobIndicator21 EURUSD,H1: removed
2	14:21:28.416	Custom indicator MobIndicator21 EURUSD,H1: loaded successfully
2	14:21:28.463	Custom indicator MobIndicator21 EURUSD,H1: removed
2	14:21:28.478	Custom indicator MobIndicator21 EURUSD,H1: loaded successfully
2	14:21:28.525	Custom indicator MobIndicator21 EURUSD,H1: removed
2	14:21:28.541	Custom indicator MobIndicator21 EURUSD,H1: loaded successfully
2	14:21:28.603	Custom indicator MobIndicator21 EURUSD,H1: removed
2	14:21:28.619	Custom indicator MobIndicator21 EURUSD,H1: loaded successfully
2	14:21:28.728	Custom indicator MobIndicator21 EURUSD,H1: removed
2	14:21:28.744	Custom indicator MobIndicator21 EURUSD,H1: loaded successfully
2	14:21:28.791	Custom indicator MobIndicator21 EURUSD,H1: removed
2	14:21:28.806	Custom indicator MobIndicator21 EURUSD,H1: loaded successfully
2	14:21:28.869	Custom indicator MobIndicator EURUSD,H1: removed
2	14:21:28.884	Custom indicator MobIndicator EURUSD,H1: loaded successfully
2	14:23:49.295	Custom indicator MobIndicator EURUSD,H1: removed
2	14:23:49.310	Custom indicator MobIndicator EURUSD,H1: loaded successfully
2	14:24:01.454	Custom indicator MobIndicator EURUSD,H1: removed
2	14:24:01.470	Custom indicator MobIndicator EURUSD,H1: loaded successfully
2	14:29:04.825	Custom indicator MobIndicator21 EURUSD,H1: removed
2	14:29:07.008	Custom indicator MobIndicator21 EURUSD,H1: removed
2	14:29:09.883	Custom indicator MobIndicator21 EURUSD,H1: removed
2	14:29:11.936	Custom indicator MobIndicator21 EURUSD,H1: removed
2	14:29:14.301	Custom indicator MobIndicator21 EURUSD,H1: removed
2	14:29:17.828	Custom indicator MobIndicator21 EURUSD,H1: removed
2	14:29:20.718	Custom indicator MobIndicator21 EURUSD,H1: removed
2	14:29:22.920	Custom indicator shallu_mob EURUSD,H1: removed
2	14:29:25.560	Custom indicator MobIndicator EURUSD,H1: removed
2	14:29:36.859	Custom indicator MobIndicator EURUSD,H1: loaded successfully
2	14:30:40.091	Custom indicator MobIndicator EURUSD,H1: removed
2	14:30:40.110	Custom indicator MobIndicator EURUSD,H1: loaded successfully
2	14:32:29.068	Custom indicator MobIndicator EURUSD,H1: removed
2	14:32:29.087	Custom indicator MobIndicator EURUSD,H1: loaded successfully
2	14:32:41.560	Custom indicator MobIndicator EURUSD,H1: removed
2	14:33:02.297	Custom indicator MobIndicator EURUSD,H1: loaded successfully
2	14:33:25.230	Custom indicator MobIndicator EURUSD,H1: removed
2	14:33:53.399	Custom indicator MobIndicator EURUSD,H1: loaded successfully
2	14:34:19.838	Custom indicator MobIndicator EURUSD,H1: removed
2	14:34:19.853	Custom indicator MobIndicator EURUSD,H1: loaded successfully
2	14:34:29.278	Custom indicator MobIndicator EURUSD,H1: removed
2	14:34:35.889	Custom indicator MobIndicator EURUSD,H1: loaded successfully
2	14:34:59.716	Custom indicator Bears EURUSD,H1: loaded successfully
2	14:35:12.728	Custom indicator Bulls EURUSD,H1: loaded successfully
2	14:42:02.015	Custom indicator MobIndicator EURUSD,H1: removed
2	14:42:02.031	Custom indicator MobIndicator EURUSD,H1: loaded successfully
2	14:42:23.918	Custom indicator MobIndicator EURUSD,H1: removed
2	14:42:23.934	Custom indicator MobIndicator EURUSD,H1: loaded successfully
2	14:42:49.876	Custom indicator MobIndicator GBPUSD,H1: loaded successfully
2	14:43:34.257	Custom indicator MobIndicator GBPUSD,H1: removed
2	14:43:34.289	Custom indicator MobIndicator GBPUSD,H1: loaded successfully
2	14:43:34.363	Custom indicator MobIndicator EURUSD,H1: removed
2	14:43:34.379	Custom indicator MobIndicator EURUSD,H1: loaded successfully
2	14:47:18.718	Custom indicator MobIndicator21 EURUSD,H1: loaded successfully
2	15:17:05.361	Custom indicator MobIndicator21 EURUSD,H1: removed
2	15:17:05.377	Custom indicator MobIndicator21 EURUSD,H1: loaded successfully
2	15:17:15.911	Custom indicator MobIndicator21 AUDCHF,H1: loaded successfully
2	15:18:44.644	Custom indicator MobIndicator GBPUSD,H1: removed
2	15:18:44.659	Custom indicator MobIndicator GBPUSD,H1: loaded successfully
2	15:18:44.714	Custom indicator MobIndicator EURUSD,H1: removed
2	15:18:44.766	Custom indicator MobIndicator EURUSD,H1: loaded successfully
2	15:18:57.276	Custom indicator MobIndicator USDCAD,H1: loaded successfully
2	15:21:19.559	Custom indicator MobIndicator USDCAD,H1: removed
2	15:21:19.575	Custom indicator MobIndicator USDCAD,H1: loaded successfully
2	15:21:19.606	Custom indicator MobIndicator GBPUSD,H1: removed
2	15:21:19.622	Custom indicator MobIndicator GBPUSD,H1: loaded successfully
2	15:21:19.653	Custom indicator MobIndicator EURUSD,H1: removed
2	15:21:19.669	Custom indicator MobIndicator EURUSD,H1: loaded successfully
2	15:21:39.007	Custom indicator MobIndicator AUDCHF,H1: loaded successfully
0	15:22:14.078	'66686155': delete pending order #249854158 sell limit 0.10 EURUSD at 1.07679 sl: 0.00000 tp: 0.00000
0	15:22:14.516	'66686155': pending order #249854158 was deleted
2	15:22:21.237	Custom indicator MobIndicator21 EURUSD,H1: loaded successfully
2	15:25:48.312	Custom indicator MobIndicator21 EURUSD,H1: removed
2	15:25:48.327	Custom indicator MobIndicator21 EURUSD,H1: loaded successfully
2	15:25:48.374	Custom indicator MobIndicator AUDCHF,H1: removed
2	15:25:48.390	Custom indicator MobIndicator AUDCHF,H1: loaded successfully
2	15:25:48.437	Custom indicator MobIndicator USDCAD,H1: removed
2	15:25:48.468	Custom indicator MobIndicator USDCAD,H1: loaded successfully
2	15:25:48.515	Custom indicator MobIndicator21 AUDCHF,H1: removed
2	15:25:48.546	Custom indicator MobIndicator21 AUDCHF,H1: loaded successfully
2	15:25:48.593	Custom indicator MobIndicator21 EURUSD,H1: removed
2	15:25:48.624	Custom indicator MobIndicator21 EURUSD,H1: loaded successfully
2	15:25:48.687	Custom indicator MobIndicator GBPUSD,H1: removed
2	15:25:48.702	Custom indicator MobIndicator GBPUSD,H1: loaded successfully
2	15:25:48.749	Custom indicator MobIndicator EURUSD,H1: removed
2	15:25:48.765	Custom indicator MobIndicator EURUSD,H1: loaded successfully
2	15:25:49.442	Custom indicator MobIndicator21 EURUSD,H1: removed
2	15:25:49.458	Custom indicator MobIndicator21 EURUSD,H1: loaded successfully
2	15:25:49.489	Custom indicator MobIndicator21 AUDCHF,H1: removed
2	15:25:49.505	Custom indicator MobIndicator21 AUDCHF,H1: loaded successfully
2	15:25:49.552	Custom indicator MobIndicator21 EURUSD,H1: removed
2	15:25:49.567	Custom indicator MobIndicator21 EURUSD,H1: loaded successfully
2	15:26:16.173	Custom indicator MobIndicator AUDCHF,H1: removed
2	15:26:16.188	Custom indicator MobIndicator AUDCHF,H1: loaded successfully
2	15:26:16.220	Custom indicator MobIndicator USDCAD,H1: removed
2	15:26:16.235	Custom indicator MobIndicator USDCAD,H1: loaded successfully
2	15:26:16.266	Custom indicator MobIndicator GBPUSD,H1: removed
2	15:26:16.282	Custom indicator MobIndicator GBPUSD,H1: loaded successfully
2	15:26:16.313	Custom indicator MobIndicator EURUSD,H1: removed
2	15:26:16.329	Custom indicator MobIndicator EURUSD,H1: loaded successfully
2	15:26:39.242	Custom indicator MobIndicator EURUSD,H1: loaded successfully
2	16:58:17.742	Custom indicator MobIndicator21 EURUSD,H1: removed
2	16:58:17.758	Custom indicator MobIndicator21 EURUSD,H1: loaded successfully
2	16:58:17.804	Custom indicator MobIndicator21 AUDCHF,H1: removed
2	16:58:17.820	Custom indicator MobIndicator21 AUDCHF,H1: loaded successfully
2	16:58:17.851	Custom indicator MobIndicator21 EURUSD,H1: removed
2	16:58:17.867	Custom indicator MobIndicator21 EURUSD,H1: loaded successfully
2	16:58:30.313	Custom indicator MobIndicator EURUSD,H1: loaded successfully
2	17:01:16.627	Custom indicator MobIndicator21 EURUSD,H1: removed
2	17:01:16.643	Custom indicator MobIndicator21 EURUSD,H1: loaded successfully
2	17:01:16.690	Custom indicator MobIndicator21 AUDCHF,H1: removed
2	17:01:16.690	Custom indicator MobIndicator21 AUDCHF,H1: loaded successfully
2	17:01:16.721	Custom indicator MobIndicator21 EURUSD,H1: removed
2	17:01:16.737	Custom indicator MobIndicator21 EURUSD,H1: loaded successfully
2	17:01:29.726	Custom indicator MobIndicator EURUSD,H1: loaded successfully
2	17:01:32.459	Custom indicator MobIndicator EURUSD,H1: removed
2	17:01:34.480	Custom indicator MobIndicator21 EURUSD,H1: loaded successfully
2	17:03:26.988	Custom indicator MobIndicator21 EURUSD,H1: removed
2	17:03:27.004	Custom indicator MobIndicator21 EURUSD,H1: loaded successfully
2	17:03:27.051	Custom indicator MobIndicator21 EURUSD,H1: removed
2	17:03:27.066	Custom indicator MobIndicator21 EURUSD,H1: loaded successfully
2	17:03:27.113	Custom indicator MobIndicator21 AUDCHF,H1: removed
2	17:03:27.129	Custom indicator MobIndicator21 AUDCHF,H1: loaded successfully
2	17:03:27.160	Custom indicator MobIndicator21 EURUSD,H1: removed
2	17:03:27.176	Custom indicator MobIndicator21 EURUSD,H1: loaded successfully
2	17:04:14.566	Custom indicator MobIndicator21 EURUSD,H1: removed
2	17:04:14.581	Custom indicator MobIndicator21 EURUSD,H1: loaded successfully
2	17:04:14.628	Custom indicator MobIndicator21 EURUSD,H1: removed
2	17:04:14.644	Custom indicator MobIndicator21 EURUSD,H1: loaded successfully
2	17:04:14.675	Custom indicator MobIndicator21 AUDCHF,H1: removed
2	17:04:14.691	Custom indicator MobIndicator21 AUDCHF,H1: loaded successfully
2	17:04:14.722	Custom indicator MobIndicator21 EURUSD,H1: removed
2	17:04:14.737	Custom indicator MobIndicator21 EURUSD,H1: loaded successfully
2	17:04:27.233	Custom indicator MobIndicator21 EURUSD,H1: loaded successfully
2	17:07:14.633	Custom indicator MobIndicator21 EURUSD,H1: removed
2	17:07:14.653	Custom indicator MobIndicator21 EURUSD,H1: loaded successfully
2	17:07:14.697	Custom indicator MobIndicator21 EURUSD,H1: removed
2	17:07:14.713	Custom indicator MobIndicator21 EURUSD,H1: loaded successfully
2	17:07:14.773	Custom indicator MobIndicator21 EURUSD,H1: removed
2	17:07:14.789	Custom indicator MobIndicator21 EURUSD,H1: loaded successfully
2	17:07:14.836	Custom indicator MobIndicator21 AUDCHF,H1: removed
2	17:07:14.836	Custom indicator MobIndicator21 AUDCHF,H1: loaded successfully
2	17:07:14.867	Custom indicator MobIndicator21 EURUSD,H1: removed
2	17:07:14.898	Custom indicator MobIndicator21 EURUSD,H1: loaded successfully
2	17:07:26.294	Custom indicator MobIndicator21 EURUSD,H1: removed
2	17:07:29.683	Custom indicator MobIndicator21 EURUSD,H1: removed
2	17:07:33.061	Custom indicator MobIndicator EURUSD,H1: removed
2	17:07:41.672	Custom indicator MobIndicator21 EURUSD,H1: loaded successfully
2	17:08:38.295	Custom indicator MobIndicator21 EURUSD,H1: removed
2	17:08:38.310	Custom indicator MobIndicator21 EURUSD,H1: loaded successfully
2	17:08:38.357	Custom indicator MobIndicator21 EURUSD,H1: removed
2	17:08:38.373	Custom indicator MobIndicator21 EURUSD,H1: loaded successfully
2	17:08:38.404	Custom indicator MobIndicator21 AUDCHF,H1: removed
2	17:08:38.420	Custom indicator MobIndicator21 AUDCHF,H1: loaded successfully
2	17:08:38.451	Custom indicator MobIndicator21 EURUSD,H1: removed
2	17:08:38.467	Custom indicator MobIndicator21 EURUSD,H1: loaded successfully
2	17:11:58.356	Custom indicator MobIndicator21 EURUSD,H1: removed
2	17:11:58.375	Custom indicator MobIndicator21 EURUSD,H1: loaded successfully
2	17:11:58.425	Custom indicator MobIndicator21 EURUSD,H1: removed
2	17:11:58.440	Custom indicator MobIndicator21 EURUSD,H1: loaded successfully
2	17:11:58.477	Custom indicator MobIndicator21 AUDCHF,H1: removed
2	17:11:58.492	Custom indicator MobIndicator21 AUDCHF,H1: loaded successfully
2	17:11:58.523	Custom indicator MobIndicator21 EURUSD,H1: removed
2	17:11:58.537	Custom indicator MobIndicator21 EURUSD,H1: loaded successfully
2	17:14:58.993	Custom indicator MobIndicator21 EURUSD,H1: removed
2	17:14:59.019	Custom indicator MobIndicator21 EURUSD,H1: loaded successfully
2	17:14:59.057	Custom indicator MobIndicator21 EURUSD,H1: removed
2	17:14:59.072	Custom indicator MobIndicator21 EURUSD,H1: loaded successfully
2	17:14:59.109	Custom indicator MobIndicator21 AUDCHF,H1: removed
2	17:14:59.124	Custom indicator MobIndicator21 AUDCHF,H1: loaded successfully
2	17:14:59.155	Custom indicator MobIndicator21 EURUSD,H1: removed
2	17:14:59.169	Custom indicator MobIndicator21 EURUSD,H1: loaded successfully
2	17:15:09.812	Custom indicator MobIndicator21 EURUSD,H1: removed
2	17:15:24.763	Custom indicator MobIndicator21 EURUSD,H1: loaded successfully
2	17:17:05.715	Custom indicator MobIndicator21 EURUSD,H1: removed
2	17:17:05.730	Custom indicator MobIndicator21 EURUSD,H1: loaded successfully
2	17:17:05.761	Custom indicator MobIndicator21 EURUSD,H1: removed
2	17:17:05.777	Custom indicator MobIndicator21 EURUSD,H1: loaded successfully
2	17:17:05.824	Custom indicator MobIndicator21 AUDCHF,H1: removed
2	17:17:05.824	Custom indicator MobIndicator21 AUDCHF,H1: loaded successfully
2	17:17:05.855	Custom indicator MobIndicator21 EURUSD,H1: removed
2	17:17:05.871	Custom indicator MobIndicator21 EURUSD,H1: loaded successfully
2	17:17:11.391	Custom indicator MobIndicator21 EURUSD,H1: removed
2	17:17:11.407	Custom indicator MobIndicator21 EURUSD,H1: loaded successfully
2	17:17:11.438	Custom indicator MobIndicator21 EURUSD,H1: removed
2	17:17:11.453	Custom indicator MobIndicator21 EURUSD,H1: loaded successfully
2	17:17:11.485	Custom indicator MobIndicator21 AUDCHF,H1: removed
2	17:17:11.500	Custom indicator MobIndicator21 AUDCHF,H1: loaded successfully
2	17:17:11.532	Custom indicator MobIndicator21 EURUSD,H1: removed
2	17:17:11.547	Custom indicator MobIndicator21 EURUSD,H1: loaded successfully
2	17:17:28.219	Custom indicator MobIndicator21 EURUSD,H1: removed
2	17:18:04.289	Custom indicator MobIndicator21 EURUSD,H1: loaded successfully
2	17:29:25.015	Custom indicator MobIndicator21 EURUSD,H1: removed
2	17:29:25.046	Custom indicator MobIndicator21 EURUSD,H1: loaded successfully
2	17:29:25.093	Custom indicator MobIndicator21 EURUSD,H1: removed
2	17:29:25.109	Custom indicator MobIndicator21 EURUSD,H1: loaded successfully
2	17:29:25.156	Custom indicator MobIndicator21 AUDCHF,H1: removed
2	17:29:25.171	Custom indicator MobIndicator21 AUDCHF,H1: loaded successfully
2	17:29:25.203	Custom indicator MobIndicator21 EURUSD,H1: removed
2	17:29:25.203	Custom indicator MobIndicator21 EURUSD,H1: loaded successfully
2	17:29:44.726	Custom indicator MobIndicator21 EURUSD,H1: removed
2	17:29:56.775	Custom indicator MobIndicator21 EURUSD,H1: loaded successfully
1	21:01:30.577	'66686155': ping failed
1	21:01:32.594	MQL5.community: authorization failed
