0	16:29:39.210	IC Markets (SC) MT4 build 1415 started (Raw Trading Ltd)
0	16:29:39.210	Windows 10 Pro x64, UAC, 4 x Intel Core i5-5300U  @ 2.30GHz, Memory: 1791 / 8067 Mb, Disk: 0 / 53 Gb, GMT+5
0	16:29:39.210	Data Folder: C:\Users\shall\AppData\Roaming\MetaQuotes\Terminal\5D49F47D1EA1ECFC0DDC965B6D100AC5
2	16:29:41.670	Custom indicator Anusha_Code EURUSD,H1: loaded successfully
2	16:29:41.748	Custom indicator Anusha_Code EURUSD,H1: loaded successfully
2	16:29:41.811	Custom indicator Trend_Line EURUSD,H1: loaded successfully
0	16:29:43.433	'66686155': login on ICMarketsSC-Demo06 through LD_DC_D06 (ping: 235.25 ms)
0	16:29:45.855	'66686155': login datacenter on ICMarketsSC-Demo06 through LD_DC_D06 (ping: 235.25 ms)
0	16:29:46.882	'66686155': previous successful authorization performed from 106.0.39.234
0	16:29:53.945	'66686155': ping to current access point LD_DC_D06 is 223.78 ms
2	16:29:56.091	Custom indicator syta EURUSD,H1: loaded successfully
2	16:30:39.260	Custom indicator syta EURUSD,H1: removed
2	16:30:58.098	Custom indicator syta EURUSD,H1: loaded successfully
2	17:03:56.685	Custom indicator Anusha_Code EURUSD,H1: removed
2	17:03:56.699	Custom indicator Anusha_Code EURUSD,H1: removed
2	17:03:56.710	Custom indicator Trend_Line EURUSD,H1: removed
2	17:03:56.727	Custom indicator syta EURUSD,H1: removed
0	17:03:57.166	IC Markets (SC) MT4 build 1415 stopped
0	17:16:11.659	IC Markets (SC) MT4 build 1415 started (Raw Trading Ltd)
0	17:16:11.659	Windows 10 Pro x64, UAC, 4 x Intel Core i5-5300U  @ 2.30GHz, Memory: 2096 / 8067 Mb, Disk: 0 / 53 Gb, GMT+5
0	17:16:11.659	Data Folder: C:\Users\shall\AppData\Roaming\MetaQuotes\Terminal\5D49F47D1EA1ECFC0DDC965B6D100AC5
2	17:16:13.587	Custom indicator Anusha_Code EURUSD,H1: loaded successfully
0	17:16:15.377	'66686155': login on ICMarketsSC-Demo06 through LD_DC_D06 (ping: 223.78 ms)
0	17:16:17.518	'66686155': login datacenter on ICMarketsSC-Demo06 through LD_DC_D06 (ping: 223.78 ms)
0	17:16:18.741	'66686155': previous successful authorization performed from 106.0.39.234
2	18:01:55.526	Custom indicator Anusha_Code EURUSD,H1: removed
0	18:01:56.043	IC Markets (SC) MT4 build 1415 stopped
