0	09:59:49.953	IC Markets (SC) MT4 build 1415 started (Raw Trading Ltd)
0	09:59:49.953	Windows 10 Pro x64, UAC, 4 x Intel Core i5-5300U  @ 2.30GHz, Memory: 1790 / 8067 Mb, Disk: 4 / 53 Gb, GMT+5
0	09:59:49.953	Data Folder: C:\Users\shall\AppData\Roaming\MetaQuotes\Terminal\5D49F47D1EA1ECFC0DDC965B6D100AC5
2	09:59:52.734	Expert Double Top and Bottom EURUSD,H1: loaded successfully
0	09:59:54.749	LiveUpdate: updater - started for 'C:\Program Files (x86)\MetaTrader 4 IC Markets Global'
0	09:59:54.749	LiveUpdate: updater - start admin updater
1	09:59:59.020	LiveUpdate: updater - elevated updater start failed [1223]
0	09:59:59.020	LiveUpdate: updater - finished for 'C:\Program Files (x86)\MetaTrader 4 IC Markets Global'
0	09:59:55.912	'66686155': login on ICMarketsSC-Demo06 through FRK_DC_D06 (ping: 256.75 ms)
0	09:59:58.279	'66686155': login datacenter on ICMarketsSC-Demo06 through FRK_DC_D06 (ping: 256.75 ms)
0	09:59:59.485	'66686155': previous successful authorization performed from 103.213.202.61
0	12:44:39.620	IC Markets (SC) MT4 build 1415 started (Raw Trading Ltd)
0	12:44:39.620	Windows 10 Pro x64, UAC, 4 x Intel Core i5-5300U  @ 2.30GHz, Memory: 5008 / 8067 Mb, Disk: 8 / 53 Gb, GMT+5
0	12:44:39.620	Data Folder: C:\Users\shall\AppData\Roaming\MetaQuotes\Terminal\5D49F47D1EA1ECFC0DDC965B6D100AC5
0	12:44:42.136	Sources recompilation started
0	12:44:44.292	Sources recompilation finished (1 compiled in 2516 msec)
2	12:44:45.745	Custom indicator Heatmap EURUSD,H1: loaded successfully
0	12:44:50.310	LiveUpdate: updater - started for 'C:\Program Files (x86)\MetaTrader 4 IC Markets Global'
0	12:44:50.310	LiveUpdate: updater - start admin updater
1	12:44:55.682	LiveUpdate: updater - elevated updater start failed [1223]
0	12:44:55.686	LiveUpdate: updater - finished for 'C:\Program Files (x86)\MetaTrader 4 IC Markets Global'
0	12:44:49.385	'66686155': login on ICMarketsSC-Demo06 through FRK_DC_D06 (ping: 278.46 ms)
0	12:44:51.813	'66686155': login datacenter on ICMarketsSC-Demo06 through FRK_DC_D06 (ping: 278.46 ms)
0	12:44:54.401	'66686155': previous successful authorization performed from 103.213.202.61
0	12:45:00.832	'66686155': auto connecting to a better access point LD_DC_D06 (ping is 240.06 ms)
0	12:45:01.705	'66686155': login on ICMarketsSC-Demo06 through LD_DC_D06 (ping: 240.06 ms)
0	12:45:03.672	'66686155': login datacenter on ICMarketsSC-Demo06 through LD_DC_D06 (ping: 240.06 ms)
0	12:45:05.112	'66686155': previous successful authorization performed from 103.213.202.61
2	12:48:30.574	Custom indicator BB Oscillator EURUSD,H1: loaded successfully
1	13:36:07.609	'66686155': ping failed
0	13:36:10.393	'66686155': login on ICMarketsSC-Demo06 through NVir_DC_D05 (ping: 233.79 ms)
0	13:36:12.428	'66686155': login datacenter on ICMarketsSC-Demo06 through NVir_DC_D05 (ping: 233.79 ms)
0	13:36:13.699	'66686155': previous successful authorization performed from 103.213.202.61
2	15:45:24.957	Expert StochasticRsi EURUSD,H1: loaded successfully
0	15:46:32.386	'66686155': order #248680896 buy 2.00 EURUSD at 1.08693 closed due stop-loss at price 1.08693
0	15:46:40.827	'66686155': order #248680900 buy 2.00 EURUSD at 1.08693 closed due stop-loss at price 1.08693
0	15:46:44.007	'66686155': order #248680901 buy 2.00 EURUSD at 1.08693 closed due stop-loss at price 1.08693
0	15:46:46.577	'66686155': order #248680902 buy 2.00 EURUSD at 1.08697 closed due stop-loss at price 1.08693
0	15:46:46.577	'66686155': order #248680903 buy 2.00 EURUSD at 1.08697 closed due stop-loss at price 1.08693
0	15:46:46.577	'66686155': order #248680904 buy 2.00 EURUSD at 1.08696 closed due stop-loss at price 1.08693
0	15:47:53.397	'66686155': order #248680905 buy 2.00 EURUSD at 1.08693 closed due stop-loss at price 1.08693
0	15:47:53.397	'66686155': order #248680906 buy 2.00 EURUSD at 1.08697 closed due stop-loss at price 1.08693
0	15:47:53.397	'66686155': order #248680907 buy 2.00 EURUSD at 1.08697 closed due stop-loss at price 1.08693
0	15:47:53.397	'66686155': order #248680908 buy 2.00 EURUSD at 1.08698 closed due stop-loss at price 1.08693
0	15:47:53.397	'66686155': order #248680909 buy 2.00 EURUSD at 1.08698 closed due stop-loss at price 1.08693
0	15:47:53.402	'66686155': order #248680910 buy 2.00 EURUSD at 1.08697 closed due stop-loss at price 1.08693
0	15:47:53.402	'66686155': order #248680911 buy 2.00 EURUSD at 1.08695 closed due stop-loss at price 1.08693
0	15:47:53.404	'66686155': order #248680912 buy 2.00 EURUSD at 1.08695 closed due stop-loss at price 1.08693
0	15:47:53.407	'66686155': order #248680913 buy 2.00 EURUSD at 1.08696 closed due stop-loss at price 1.08693
0	15:47:53.407	'66686155': order #248680915 buy 2.00 EURUSD at 1.08696 closed due stop-loss at price 1.08693
0	15:47:53.407	'66686155': order #248680916 buy 2.00 EURUSD at 1.08695 closed due stop-loss at price 1.08693
0	15:47:53.407	'66686155': order #248680924 buy 2.00 EURUSD at 1.08696 closed due stop-loss at price 1.08693
0	15:47:53.407	'66686155': order #248680933 buy 2.00 EURUSD at 1.08697 closed due stop-loss at price 1.08693
0	15:47:53.407	'66686155': order #248680934 buy 2.00 EURUSD at 1.08697 closed due stop-loss at price 1.08693
0	15:47:53.407	'66686155': order #248680936 buy 2.00 EURUSD at 1.08697 closed due stop-loss at price 1.08693
0	15:47:53.407	'66686155': order #248680938 buy 2.00 EURUSD at 1.08698 closed due stop-loss at price 1.08693
0	15:47:53.407	'66686155': order #248680940 buy 2.00 EURUSD at 1.08698 closed due stop-loss at price 1.08693
0	15:47:53.407	'66686155': order #248680941 buy 2.00 EURUSD at 1.08698 closed due stop-loss at price 1.08693
0	15:47:53.407	'66686155': order #248680942 buy 2.00 EURUSD at 1.08698 closed due stop-loss at price 1.08693
0	15:47:53.407	'66686155': order #248680944 buy 2.00 EURUSD at 1.08697 closed due stop-loss at price 1.08693
0	15:47:53.407	'66686155': order #248680945 buy 2.00 EURUSD at 1.08698 closed due stop-loss at price 1.08693
0	15:47:53.407	'66686155': order #248680946 buy 2.00 EURUSD at 1.08698 closed due stop-loss at price 1.08693
0	15:47:53.407	'66686155': order #248680947 buy 2.00 EURUSD at 1.08698 closed due stop-loss at price 1.08693
0	15:47:53.407	'66686155': order #248680953 buy 2.00 EURUSD at 1.08698 closed due stop-loss at price 1.08693
0	15:47:53.407	'66686155': order #248680956 buy 2.00 EURUSD at 1.08698 closed due stop-loss at price 1.08693
0	15:47:53.407	'66686155': order #248680959 buy 2.00 EURUSD at 1.08697 closed due stop-loss at price 1.08693
0	15:47:59.427	'66686155': order #248680971 buy 2.00 EURUSD at 1.08693 closed due stop-loss at price 1.08693
0	15:48:15.585	'66686155': order #248680985 buy 2.00 EURUSD at 1.08693 closed due stop-loss at price 1.08693
0	15:48:22.177	'66686155': order #248680987 buy 2.00 EURUSD at 1.08693 closed due stop-loss at price 1.08693
0	15:48:27.227	'66686155': order #248680993 buy 2.00 EURUSD at 1.08693 closed due stop-loss at price 1.08693
0	15:48:30.307	'66686155': order #248680995 buy 2.00 EURUSD at 1.08693 closed due stop-loss at price 1.08693
0	15:49:02.047	'66686155': order #248681000 buy 2.00 EURUSD at 1.08693 closed due stop-loss at price 1.08693
0	15:49:02.047	'66686155': order #248681001 buy 2.00 EURUSD at 1.08693 closed due stop-loss at price 1.08693
0	15:49:02.047	'66686155': order #248681003 buy 2.00 EURUSD at 1.08697 closed due stop-loss at price 1.08693
0	15:49:02.047	'66686155': order #248681004 buy 2.00 EURUSD at 1.08697 closed due stop-loss at price 1.08693
0	15:49:02.047	'66686155': order #248681005 buy 2.00 EURUSD at 1.08698 closed due stop-loss at price 1.08693
0	15:49:02.047	'66686155': order #248681008 buy 2.00 EURUSD at 1.08697 closed due stop-loss at price 1.08693
0	15:49:02.047	'66686155': order #248681016 buy 2.00 EURUSD at 1.08698 closed due stop-loss at price 1.08693
0	15:49:02.047	'66686155': order #248681020 buy 2.00 EURUSD at 1.08697 closed due stop-loss at price 1.08693
0	15:49:07.256	'66686155': order #248681032 buy 2.00 EURUSD at 1.08693 closed due stop-loss at price 1.08693
0	15:49:07.256	'66686155': order #248681037 buy 2.00 EURUSD at 1.08694 closed due stop-loss at price 1.08693
0	15:49:07.987	'66686155': order #248681039 buy 2.00 EURUSD at 1.08693 closed due stop-loss at price 1.08693
0	15:49:22.367	'66686155': order #248681058 buy 2.00 EURUSD at 1.08693 closed due stop-loss at price 1.08693
0	15:49:40.647	'66686155': order #248681064 buy 2.00 EURUSD at 1.08693 closed due stop-loss at price 1.08693
2	16:08:05.033	Expert StochasticRsi EURUSD,H1: removed
2	16:08:05.049	Expert StochasticRsi EURUSD,H1: loaded successfully
2	16:09:18.959	Expert StochasticRsi EURUSD,H1: removed
2	16:09:18.969	Expert StochasticRsi EURUSD,H1: loaded successfully
2	16:09:39.379	Expert StochasticRsi EURUSD,H1: removed
2	16:09:43.680	Custom indicator BB Oscillator EURUSD,H1: removed
2	16:10:11.539	Custom indicator Heatmap EURUSD,H1: removed
0	17:45:03.852	'66686155': order #248691176 buy 2.00 EURUSD at 1.08772 closed due stop-loss at price 1.08751
0	17:45:03.852	'66686155': order #248691258 buy 2.00 EURUSD at 1.08756 closed due stop-loss at price 1.08751
0	17:45:03.852	'66686155': order #248691297 buy 2.00 EURUSD at 1.08767 closed due stop-loss at price 1.08751
0	17:45:03.852	'66686155': order #248691326 buy 2.00 EURUSD at 1.08770 closed due stop-loss at price 1.08751
0	17:45:03.852	'66686155': order #248691345 buy 2.00 EURUSD at 1.08769 closed due stop-loss at price 1.08751
0	17:45:03.852	'66686155': order #248691364 buy 2.00 EURUSD at 1.08769 closed due stop-loss at price 1.08751
0	17:45:07.008	'66686155': order #248691386 buy 2.00 EURUSD at 1.08753 closed due stop-loss at price 1.08751
0	17:45:07.008	'66686155': order #248691392 buy 2.00 EURUSD at 1.08755 closed due stop-loss at price 1.08751
0	17:45:07.008	'66686155': order #248691406 buy 2.00 EURUSD at 1.08762 closed due stop-loss at price 1.08751
0	17:45:07.008	'66686155': order #248691417 buy 2.00 EURUSD at 1.08761 closed due stop-loss at price 1.08751
0	17:45:07.008	'66686155': order #248691432 buy 2.00 EURUSD at 1.08759 closed due stop-loss at price 1.08751
0	17:45:07.008	'66686155': order #248691435 buy 2.00 EURUSD at 1.08763 closed due stop-loss at price 1.08751
0	17:45:07.008	'66686155': order #248691446 buy 2.00 EURUSD at 1.08761 closed due stop-loss at price 1.08751
0	17:45:14.160	'66686155': order #248691529 buy 2.00 EURUSD at 1.08751 closed due stop-loss at price 1.08751
0	17:45:15.988	'66686155': order #248691545 buy 2.00 EURUSD at 1.08754 closed due stop-loss at price 1.08751
0	17:45:15.988	'66686155': order #248691551 buy 2.00 EURUSD at 1.08757 closed due stop-loss at price 1.08751
0	17:45:18.973	'66686155': order #248691554 buy 2.00 EURUSD at 1.08754 closed due stop-loss at price 1.08751
0	17:45:18.973	'66686155': order #248691559 buy 2.00 EURUSD at 1.08758 closed due stop-loss at price 1.08751
0	17:45:18.973	'66686155': order #248691564 buy 2.00 EURUSD at 1.08759 closed due stop-loss at price 1.08751
0	17:45:18.973	'66686155': order #248691570 buy 2.00 EURUSD at 1.08758 closed due stop-loss at price 1.08751
0	17:45:18.973	'66686155': order #248691575 buy 2.00 EURUSD at 1.08758 closed due stop-loss at price 1.08751
0	17:45:18.973	'66686155': order #248691577 buy 2.00 EURUSD at 1.08759 closed due stop-loss at price 1.08751
0	17:45:19.364	'66686155': order #248691585 buy 2.00 EURUSD at 1.08751 closed due stop-loss at price 1.08751
0	17:45:21.409	'66686155': order #248691597 buy 2.00 EURUSD at 1.08754 closed due stop-loss at price 1.08751
0	17:45:21.409	'66686155': order #248691599 buy 2.00 EURUSD at 1.08753 closed due stop-loss at price 1.08751
0	17:45:36.804	'66686155': order #248691608 buy 2.00 EURUSD at 1.08751 closed due stop-loss at price 1.08751
0	17:45:36.804	'66686155': order #248691611 buy 2.00 EURUSD at 1.08755 closed due stop-loss at price 1.08751
0	17:45:36.804	'66686155': order #248691614 buy 2.00 EURUSD at 1.08755 closed due stop-loss at price 1.08751
0	17:45:36.804	'66686155': order #248691616 buy 2.00 EURUSD at 1.08756 closed due stop-loss at price 1.08751
0	17:45:36.804	'66686155': order #248691623 buy 2.00 EURUSD at 1.08759 closed due stop-loss at price 1.08751
0	17:45:36.804	'66686155': order #248691629 buy 2.00 EURUSD at 1.08756 closed due stop-loss at price 1.08751
0	17:45:36.804	'66686155': order #248691633 buy 2.00 EURUSD at 1.08756 closed due stop-loss at price 1.08751
0	17:45:36.804	'66686155': order #248691635 buy 2.00 EURUSD at 1.08757 closed due stop-loss at price 1.08751
0	17:45:36.804	'66686155': order #248691642 buy 2.00 EURUSD at 1.08759 closed due stop-loss at price 1.08751
0	17:45:36.804	'66686155': order #248691649 buy 2.00 EURUSD at 1.08759 closed due stop-loss at price 1.08751
0	17:45:36.804	'66686155': order #248691654 buy 2.00 EURUSD at 1.08760 closed due stop-loss at price 1.08751
0	17:45:36.804	'66686155': order #248691656 buy 2.00 EURUSD at 1.08758 closed due stop-loss at price 1.08751
0	17:45:36.804	'66686155': order #248691658 buy 2.00 EURUSD at 1.08757 closed due stop-loss at price 1.08751
0	17:45:36.804	'66686155': order #248691660 buy 2.00 EURUSD at 1.08758 closed due stop-loss at price 1.08751
0	17:45:36.804	'66686155': order #248691661 buy 2.00 EURUSD at 1.08759 closed due stop-loss at price 1.08751
0	17:45:36.804	'66686155': order #248691664 buy 2.00 EURUSD at 1.08757 closed due stop-loss at price 1.08751
0	17:45:36.804	'66686155': order #248691667 buy 2.00 EURUSD at 1.08757 closed due stop-loss at price 1.08751
0	17:45:36.804	'66686155': order #248691668 buy 2.00 EURUSD at 1.08757 closed due stop-loss at price 1.08751
0	17:45:36.804	'66686155': order #248691670 buy 2.00 EURUSD at 1.08758 closed due stop-loss at price 1.08751
0	17:45:36.804	'66686155': order #248691672 buy 2.00 EURUSD at 1.08759 closed due stop-loss at price 1.08751
0	17:45:36.804	'66686155': order #248691674 buy 2.00 EURUSD at 1.08759 closed due stop-loss at price 1.08751
0	17:45:36.804	'66686155': order #248691677 buy 2.00 EURUSD at 1.08759 closed due stop-loss at price 1.08751
0	17:45:36.804	'66686155': order #248691678 buy 2.00 EURUSD at 1.08759 closed due stop-loss at price 1.08751
0	17:45:36.804	'66686155': order #248691680 buy 2.00 EURUSD at 1.08759 closed due stop-loss at price 1.08751
0	17:45:36.804	'66686155': order #248691682 buy 2.00 EURUSD at 1.08758 closed due stop-loss at price 1.08751
0	17:45:36.804	'66686155': order #248691683 buy 2.00 EURUSD at 1.08757 closed due stop-loss at price 1.08751
0	17:45:36.804	'66686155': order #248691686 buy 2.00 EURUSD at 1.08757 closed due stop-loss at price 1.08751
0	17:45:37.991	'66686155': order #248691687 buy 2.00 EURUSD at 1.08752 closed due stop-loss at price 1.08751
0	17:45:37.991	'66686155': order #248691689 buy 2.00 EURUSD at 1.08754 closed due stop-loss at price 1.08751
0	17:45:37.991	'66686155': order #248691693 buy 2.00 EURUSD at 1.08753 closed due stop-loss at price 1.08751
0	17:45:38.757	'66686155': order #248691694 buy 2.00 EURUSD at 1.08752 closed due stop-loss at price 1.08751
0	17:45:38.757	'66686155': order #248691697 buy 2.00 EURUSD at 1.08753 closed due stop-loss at price 1.08751
0	17:45:39.960	'66686155': order #248691699 buy 2.00 EURUSD at 1.08753 closed due stop-loss at price 1.08751
0	17:45:39.960	'66686155': order #248691703 buy 2.00 EURUSD at 1.08753 closed due stop-loss at price 1.08751
0	17:45:41.163	'66686155': order #248691704 buy 2.00 EURUSD at 1.08751 closed due stop-loss at price 1.08751
0	17:45:44.647	'66686155': order #248691714 buy 2.00 EURUSD at 1.08752 closed due stop-loss at price 1.08751
0	17:45:46.178	'66686155': order #248691717 buy 2.00 EURUSD at 1.08751 closed due stop-loss at price 1.08751
0	17:45:46.178	'66686155': order #248691718 buy 2.00 EURUSD at 1.08751 closed due stop-loss at price 1.08751
0	17:45:46.991	'66686155': order #248691724 buy 2.00 EURUSD at 1.08752 closed due stop-loss at price 1.08751
0	17:45:46.991	'66686155': order #248691725 buy 2.00 EURUSD at 1.08753 closed due stop-loss at price 1.08751
0	17:45:48.381	'66686155': order #248691727 buy 2.00 EURUSD at 1.08753 closed due stop-loss at price 1.08751
0	17:45:48.381	'66686155': order #248691731 buy 2.00 EURUSD at 1.08753 closed due stop-loss at price 1.08751
0	17:45:48.381	'66686155': order #248691732 buy 2.00 EURUSD at 1.08753 closed due stop-loss at price 1.08751
0	17:45:50.397	'66686155': order #248691741 buy 2.00 EURUSD at 1.08752 closed due stop-loss at price 1.08751
0	17:45:50.397	'66686155': order #248691742 buy 2.00 EURUSD at 1.08752 closed due stop-loss at price 1.08751
0	17:45:51.381	'66686155': order #248691749 buy 2.00 EURUSD at 1.08752 closed due stop-loss at price 1.08751
0	17:45:51.381	'66686155': order #248691752 buy 2.00 EURUSD at 1.08752 closed due stop-loss at price 1.08751
0	17:45:51.990	'66686155': order #248691756 buy 2.00 EURUSD at 1.08753 closed due stop-loss at price 1.08751
0	17:45:51.990	'66686155': order #248691758 buy 2.00 EURUSD at 1.08753 closed due stop-loss at price 1.08751
0	17:45:52.959	'66686155': order #248691761 buy 2.00 EURUSD at 1.08752 closed due stop-loss at price 1.08751
0	17:45:52.959	'66686155': order #248691763 buy 2.00 EURUSD at 1.08752 closed due stop-loss at price 1.08751
0	17:45:53.365	'66686155': order #248691767 buy 2.00 EURUSD at 1.08752 closed due stop-loss at price 1.08751
0	17:45:54.193	'66686155': order #248691768 buy 2.00 EURUSD at 1.08752 closed due stop-loss at price 1.08751
0	17:45:54.193	'66686155': order #248691769 buy 2.00 EURUSD at 1.08752 closed due stop-loss at price 1.08751
0	17:45:54.959	'66686155': order #248691774 buy 2.00 EURUSD at 1.08752 closed due stop-loss at price 1.08751
0	17:45:54.959	'66686155': order #248691777 buy 2.00 EURUSD at 1.08753 closed due stop-loss at price 1.08751
0	17:45:55.365	'66686155': order #248691779 buy 2.00 EURUSD at 1.08752 closed due stop-loss at price 1.08751
0	17:45:55.584	'66686155': order #248691781 buy 2.00 EURUSD at 1.08753 closed due stop-loss at price 1.08751
0	17:45:56.771	'66686155': order #248691783 buy 2.00 EURUSD at 1.08752 closed due stop-loss at price 1.08751
0	17:45:56.771	'66686155': order #248691785 buy 2.00 EURUSD at 1.08752 closed due stop-loss at price 1.08751
0	17:45:56.771	'66686155': order #248691786 buy 2.00 EURUSD at 1.08753 closed due stop-loss at price 1.08751
0	17:45:57.396	'66686155': order #248691788 buy 2.00 EURUSD at 1.08753 closed due stop-loss at price 1.08751
0	17:46:47.547	'66686155': order #248691791 buy 2.00 EURUSD at 1.08753 closed due stop-loss at price 1.08751
0	17:46:47.547	'66686155': order #248691794 buy 2.00 EURUSD at 1.08753 closed due stop-loss at price 1.08751
0	17:46:47.547	'66686155': order #248691797 buy 2.00 EURUSD at 1.08753 closed due stop-loss at price 1.08751
0	17:46:47.547	'66686155': order #248691799 buy 2.00 EURUSD at 1.08755 closed due stop-loss at price 1.08751
0	17:46:47.547	'66686155': order #248691800 buy 2.00 EURUSD at 1.08757 closed due stop-loss at price 1.08751
0	17:46:47.547	'66686155': order #248691803 buy 2.00 EURUSD at 1.08757 closed due stop-loss at price 1.08751
0	17:46:47.547	'66686155': order #248691805 buy 2.00 EURUSD at 1.08757 closed due stop-loss at price 1.08751
0	17:46:47.547	'66686155': order #248691806 buy 2.00 EURUSD at 1.08757 closed due stop-loss at price 1.08751
0	17:46:47.547	'66686155': order #248691846 buy 2.00 EURUSD at 1.08758 closed due stop-loss at price 1.08751
0	17:46:47.547	'66686155': order #248691872 buy 2.00 EURUSD at 1.08758 closed due stop-loss at price 1.08751
0	17:46:47.547	'66686155': order #248691882 buy 2.00 EURUSD at 1.08758 closed due stop-loss at price 1.08751
0	17:46:47.547	'66686155': order #248691904 buy 2.00 EURUSD at 1.08762 closed due stop-loss at price 1.08751
0	17:46:47.547	'66686155': order #248691913 buy 2.00 EURUSD at 1.08762 closed due stop-loss at price 1.08751
0	17:46:47.547	'66686155': order #248691915 buy 2.00 EURUSD at 1.08761 closed due stop-loss at price 1.08751
0	17:46:47.547	'66686155': order #248691917 buy 2.00 EURUSD at 1.08762 closed due stop-loss at price 1.08751
0	17:46:47.547	'66686155': order #248691921 buy 2.00 EURUSD at 1.08762 closed due stop-loss at price 1.08751
0	17:46:47.547	'66686155': order #248691924 buy 2.00 EURUSD at 1.08762 closed due stop-loss at price 1.08751
0	17:46:47.547	'66686155': order #248691927 buy 2.00 EURUSD at 1.08764 closed due stop-loss at price 1.08751
0	17:46:47.547	'66686155': order #248691928 buy 2.00 EURUSD at 1.08764 closed due stop-loss at price 1.08751
0	17:46:47.547	'66686155': order #248691929 buy 2.00 EURUSD at 1.08764 closed due stop-loss at price 1.08751
0	17:46:47.547	'66686155': order #248691931 buy 2.00 EURUSD at 1.08764 closed due stop-loss at price 1.08751
0	17:46:47.547	'66686155': order #248691935 buy 2.00 EURUSD at 1.08764 closed due stop-loss at price 1.08751
0	17:46:47.547	'66686155': order #248691937 buy 2.00 EURUSD at 1.08764 closed due stop-loss at price 1.08751
0	17:46:47.547	'66686155': order #248691945 buy 2.00 EURUSD at 1.08765 closed due stop-loss at price 1.08751
0	17:46:47.547	'66686155': order #248691946 buy 2.00 EURUSD at 1.08765 closed due stop-loss at price 1.08751
0	17:46:47.547	'66686155': order #248691949 buy 2.00 EURUSD at 1.08761 closed due stop-loss at price 1.08751
0	17:46:47.547	'66686155': order #248691952 buy 2.00 EURUSD at 1.08759 closed due stop-loss at price 1.08751
0	17:46:47.547	'66686155': order #248691953 buy 2.00 EURUSD at 1.08759 closed due stop-loss at price 1.08751
0	17:46:47.547	'66686155': order #248691954 buy 2.00 EURUSD at 1.08759 closed due stop-loss at price 1.08751
0	17:46:47.547	'66686155': order #248691955 buy 2.00 EURUSD at 1.08759 closed due stop-loss at price 1.08751
0	17:46:47.547	'66686155': order #248691956 buy 2.00 EURUSD at 1.08760 closed due stop-loss at price 1.08751
0	17:46:47.547	'66686155': order #248691959 buy 2.00 EURUSD at 1.08760 closed due stop-loss at price 1.08751
0	17:46:47.547	'66686155': order #248691961 buy 2.00 EURUSD at 1.08761 closed due stop-loss at price 1.08751
0	17:46:47.547	'66686155': order #248691963 buy 2.00 EURUSD at 1.08763 closed due stop-loss at price 1.08751
0	17:46:47.547	'66686155': order #248691965 buy 2.00 EURUSD at 1.08763 closed due stop-loss at price 1.08751
0	17:46:47.547	'66686155': order #248691967 buy 2.00 EURUSD at 1.08762 closed due stop-loss at price 1.08751
0	17:46:47.547	'66686155': order #248691985 buy 2.00 EURUSD at 1.08771 closed due stop-loss at price 1.08751
0	17:46:48.781	'66686155': order #248692011 buy 2.00 EURUSD at 1.08751 closed due stop-loss at price 1.08751
0	17:47:13.154	'66686155': order #248692182 buy 2.00 EURUSD at 1.08752 closed due stop-loss at price 1.08751
0	17:47:33.950	'66686155': order #248692228 buy 2.00 EURUSD at 1.08751 closed due stop-loss at price 1.08751
0	17:47:33.950	'66686155': order #248692245 buy 2.00 EURUSD at 1.08753 closed due stop-loss at price 1.08751
0	17:47:33.950	'66686155': order #248692247 buy 2.00 EURUSD at 1.08753 closed due stop-loss at price 1.08751
0	17:47:33.950	'66686155': order #248692250 buy 2.00 EURUSD at 1.08753 closed due stop-loss at price 1.08751
0	17:47:33.950	'66686155': order #248692252 buy 2.00 EURUSD at 1.08753 closed due stop-loss at price 1.08751
0	17:47:33.950	'66686155': order #248692254 buy 2.00 EURUSD at 1.08753 closed due stop-loss at price 1.08751
0	17:47:38.387	'66686155': order #248692259 buy 2.00 EURUSD at 1.08751 closed due stop-loss at price 1.08751
0	17:47:38.387	'66686155': order #248692269 buy 2.00 EURUSD at 1.08752 closed due stop-loss at price 1.08751
0	17:47:43.371	'66686155': order #248692279 buy 2.00 EURUSD at 1.08752 closed due stop-loss at price 1.08751
0	17:47:43.371	'66686155': order #248692281 buy 2.00 EURUSD at 1.08753 closed due stop-loss at price 1.08751
0	17:47:46.184	'66686155': order #248692283 buy 2.00 EURUSD at 1.08751 closed due stop-loss at price 1.08751
0	17:47:46.184	'66686155': order #248692286 buy 2.00 EURUSD at 1.08752 closed due stop-loss at price 1.08751
0	17:47:46.184	'66686155': order #248692288 buy 2.00 EURUSD at 1.08754 closed due stop-loss at price 1.08751
0	17:47:58.386	'66686155': order #248692289 buy 2.00 EURUSD at 1.08751 closed due stop-loss at price 1.08751
0	17:47:58.386	'66686155': order #248692291 buy 2.00 EURUSD at 1.08751 closed due stop-loss at price 1.08751
0	17:47:58.386	'66686155': order #248692298 buy 2.00 EURUSD at 1.08752 closed due stop-loss at price 1.08751
0	17:47:58.386	'66686155': order #248692299 buy 2.00 EURUSD at 1.08753 closed due stop-loss at price 1.08751
0	17:47:58.386	'66686155': order #248692304 buy 2.00 EURUSD at 1.08753 closed due stop-loss at price 1.08751
0	17:47:58.386	'66686155': order #248692306 buy 2.00 EURUSD at 1.08752 closed due stop-loss at price 1.08751
0	17:47:58.386	'66686155': order #248692308 buy 2.00 EURUSD at 1.08752 closed due stop-loss at price 1.08751
0	17:47:58.386	'66686155': order #248692310 buy 2.00 EURUSD at 1.08754 closed due stop-loss at price 1.08751
0	17:47:58.386	'66686155': order #248692311 buy 2.00 EURUSD at 1.08754 closed due stop-loss at price 1.08751
0	17:47:58.386	'66686155': order #248692312 buy 2.00 EURUSD at 1.08757 closed due stop-loss at price 1.08751
0	17:47:58.386	'66686155': order #248692315 buy 2.00 EURUSD at 1.08757 closed due stop-loss at price 1.08751
0	17:47:58.386	'66686155': order #248692316 buy 2.00 EURUSD at 1.08757 closed due stop-loss at price 1.08751
0	17:47:58.386	'66686155': order #248692317 buy 2.00 EURUSD at 1.08756 closed due stop-loss at price 1.08751
0	17:48:06.810	'66686155': order #248692382 buy 2.00 EURUSD at 1.08752 closed due stop-loss at price 1.08751
0	17:48:06.810	'66686155': order #248692384 buy 2.00 EURUSD at 1.08752 closed due stop-loss at price 1.08751
0	17:48:12.778	'66686155': order #248692389 buy 2.00 EURUSD at 1.08753 closed due stop-loss at price 1.08751
0	17:48:12.778	'66686155': order #248692391 buy 2.00 EURUSD at 1.08753 closed due stop-loss at price 1.08751
0	17:48:12.778	'66686155': order #248692394 buy 2.00 EURUSD at 1.08752 closed due stop-loss at price 1.08751
0	17:48:12.778	'66686155': order #248692396 buy 2.00 EURUSD at 1.08756 closed due stop-loss at price 1.08751
0	17:48:12.778	'66686155': order #248692399 buy 2.00 EURUSD at 1.08756 closed due stop-loss at price 1.08751
0	17:48:12.778	'66686155': order #248692402 buy 2.00 EURUSD at 1.08756 closed due stop-loss at price 1.08751
0	17:48:12.778	'66686155': order #248692405 buy 2.00 EURUSD at 1.08754 closed due stop-loss at price 1.08751
0	17:48:13.997	'66686155': order #248692407 buy 2.00 EURUSD at 1.08752 closed due stop-loss at price 1.08751
0	17:48:33.167	'66686155': order #248692408 buy 2.00 EURUSD at 1.08751 closed due stop-loss at price 1.08751
0	17:48:33.167	'66686155': order #248692409 buy 2.00 EURUSD at 1.08754 closed due stop-loss at price 1.08751
0	17:48:33.167	'66686155': order #248692410 buy 2.00 EURUSD at 1.08752 closed due stop-loss at price 1.08751
0	17:48:33.167	'66686155': order #248692411 buy 2.00 EURUSD at 1.08752 closed due stop-loss at price 1.08751
0	17:48:33.167	'66686155': order #248692412 buy 2.00 EURUSD at 1.08753 closed due stop-loss at price 1.08751
0	17:48:33.167	'66686155': order #248692419 buy 2.00 EURUSD at 1.08752 closed due stop-loss at price 1.08751
0	17:48:33.167	'66686155': order #248692420 buy 2.00 EURUSD at 1.08753 closed due stop-loss at price 1.08751
0	17:48:33.167	'66686155': order #248692421 buy 2.00 EURUSD at 1.08753 closed due stop-loss at price 1.08751
0	17:48:33.167	'66686155': order #248692425 buy 2.00 EURUSD at 1.08754 closed due stop-loss at price 1.08751
0	17:48:33.167	'66686155': order #248692427 buy 2.00 EURUSD at 1.08753 closed due stop-loss at price 1.08751
0	17:48:33.167	'66686155': order #248692429 buy 2.00 EURUSD at 1.08754 closed due stop-loss at price 1.08751
0	17:48:33.167	'66686155': order #248692430 buy 2.00 EURUSD at 1.08755 closed due stop-loss at price 1.08751
0	17:48:33.167	'66686155': order #248692432 buy 2.00 EURUSD at 1.08756 closed due stop-loss at price 1.08751
0	17:48:33.167	'66686155': order #248692434 buy 2.00 EURUSD at 1.08758 closed due stop-loss at price 1.08751
0	17:48:33.167	'66686155': order #248692436 buy 2.00 EURUSD at 1.08759 closed due stop-loss at price 1.08751
0	17:48:33.167	'66686155': order #248692439 buy 2.00 EURUSD at 1.08757 closed due stop-loss at price 1.08751
0	17:48:33.167	'66686155': order #248692441 buy 2.00 EURUSD at 1.08758 closed due stop-loss at price 1.08751
0	17:48:33.167	'66686155': order #248692444 buy 2.00 EURUSD at 1.08759 closed due stop-loss at price 1.08751
0	17:48:33.167	'66686155': order #248692446 buy 2.00 EURUSD at 1.08758 closed due stop-loss at price 1.08751
0	17:48:33.167	'66686155': order #248692447 buy 2.00 EURUSD at 1.08757 closed due stop-loss at price 1.08751
0	17:48:33.167	'66686155': order #248692448 buy 2.00 EURUSD at 1.08757 closed due stop-loss at price 1.08751
0	17:48:33.167	'66686155': order #248692456 buy 2.00 EURUSD at 1.08754 closed due stop-loss at price 1.08751
0	17:48:33.167	'66686155': order #248692458 buy 2.00 EURUSD at 1.08755 closed due stop-loss at price 1.08751
0	17:48:33.167	'66686155': order #248692460 buy 2.00 EURUSD at 1.08754 closed due stop-loss at price 1.08751
0	17:48:33.167	'66686155': order #248692464 buy 2.00 EURUSD at 1.08754 closed due stop-loss at price 1.08751
0	17:48:48.166	'66686155': order #248692475 buy 2.00 EURUSD at 1.08753 closed due stop-loss at price 1.08751
0	17:48:48.166	'66686155': order #248692476 buy 2.00 EURUSD at 1.08756 closed due stop-loss at price 1.08751
0	17:48:48.166	'66686155': order #248692477 buy 2.00 EURUSD at 1.08758 closed due stop-loss at price 1.08751
0	17:48:48.166	'66686155': order #248692478 buy 2.00 EURUSD at 1.08758 closed due stop-loss at price 1.08751
0	17:48:48.166	'66686155': order #248692480 buy 2.00 EURUSD at 1.08758 closed due stop-loss at price 1.08751
0	17:48:48.166	'66686155': order #248692483 buy 2.00 EURUSD at 1.08753 closed due stop-loss at price 1.08751
0	17:48:48.166	'66686155': order #248692484 buy 2.00 EURUSD at 1.08757 closed due stop-loss at price 1.08751
0	17:48:48.166	'66686155': order #248692485 buy 2.00 EURUSD at 1.08758 closed due stop-loss at price 1.08751
0	17:48:48.166	'66686155': order #248692489 buy 2.00 EURUSD at 1.08757 closed due stop-loss at price 1.08751
0	17:48:48.166	'66686155': order #248692497 buy 2.00 EURUSD at 1.08757 closed due stop-loss at price 1.08751
0	17:48:48.166	'66686155': order #248692502 buy 2.00 EURUSD at 1.08756 closed due stop-loss at price 1.08751
0	17:48:48.166	'66686155': order #248692503 buy 2.00 EURUSD at 1.08755 closed due stop-loss at price 1.08751
0	17:48:48.166	'66686155': order #248692504 buy 2.00 EURUSD at 1.08755 closed due stop-loss at price 1.08751
0	17:48:48.166	'66686155': order #248692505 buy 2.00 EURUSD at 1.08754 closed due stop-loss at price 1.08751
0	17:48:48.166	'66686155': order #248692506 buy 2.00 EURUSD at 1.08752 closed due stop-loss at price 1.08751
0	17:48:48.604	'66686155': order #248692510 buy 2.00 EURUSD at 1.08751 closed due stop-loss at price 1.08751
0	17:50:01.780	'66686155': order #248692898 buy 2.00 EURUSD at 1.08753 closed due stop-loss at price 1.08751
0	17:50:38.576	'66686155': order #248693018 buy 2.00 EURUSD at 1.08752 closed due stop-loss at price 1.08751
0	17:50:38.576	'66686155': order #248693019 buy 2.00 EURUSD at 1.08753 closed due stop-loss at price 1.08751
0	17:50:54.229	'66686155': order #248693034 buy 2.00 EURUSD at 1.08753 closed due stop-loss at price 1.08751
0	17:50:54.229	'66686155': order #248693035 buy 2.00 EURUSD at 1.08752 closed due stop-loss at price 1.08751
0	17:50:54.229	'66686155': order #248693036 buy 2.00 EURUSD at 1.08752 closed due stop-loss at price 1.08751
0	17:50:54.229	'66686155': order #248693038 buy 2.00 EURUSD at 1.08753 closed due stop-loss at price 1.08751
0	17:50:54.229	'66686155': order #248693040 buy 2.00 EURUSD at 1.08754 closed due stop-loss at price 1.08751
0	17:50:54.229	'66686155': order #248693042 buy 2.00 EURUSD at 1.08753 closed due stop-loss at price 1.08751
0	17:50:54.229	'66686155': order #248693057 buy 2.00 EURUSD at 1.08752 closed due stop-loss at price 1.08751
0	17:50:58.151	'66686155': order #248693069 buy 2.00 EURUSD at 1.08752 closed due stop-loss at price 1.08751
0	17:50:58.760	'66686155': order #248693072 buy 2.00 EURUSD at 1.08751 closed due stop-loss at price 1.08751
0	17:51:00.370	'66686155': order #248693075 buy 2.00 EURUSD at 1.08753 closed due stop-loss at price 1.08751
0	17:51:14.541	'66686155': order #248693084 buy 2.00 EURUSD at 1.08751 closed due stop-loss at price 1.08751
0	17:51:14.541	'66686155': order #248693101 buy 2.00 EURUSD at 1.08751 closed due stop-loss at price 1.08751
0	17:51:14.541	'66686155': order #248693117 buy 2.00 EURUSD at 1.08753 closed due stop-loss at price 1.08751
0	17:51:14.541	'66686155': order #248693120 buy 2.00 EURUSD at 1.08752 closed due stop-loss at price 1.08751
0	17:51:14.541	'66686155': order #248693129 buy 2.00 EURUSD at 1.08756 closed due stop-loss at price 1.08751
0	17:53:41.811	'66686155': order #248693487 buy 2.00 EURUSD at 1.08751 closed due stop-loss at price 1.08751
0	17:54:21.808	'66686155': order #248693489 buy 2.00 EURUSD at 1.08751 closed due stop-loss at price 1.08751
0	17:54:21.808	'66686155': order #248693490 buy 2.00 EURUSD at 1.08751 closed due stop-loss at price 1.08751
0	17:54:21.808	'66686155': order #248693496 buy 2.00 EURUSD at 1.08752 closed due stop-loss at price 1.08751
0	17:54:21.808	'66686155': order #248693499 buy 2.00 EURUSD at 1.08753 closed due stop-loss at price 1.08751
0	17:54:21.808	'66686155': order #248693500 buy 2.00 EURUSD at 1.08754 closed due stop-loss at price 1.08751
0	17:54:21.808	'66686155': order #248693502 buy 2.00 EURUSD at 1.08753 closed due stop-loss at price 1.08751
0	17:54:21.808	'66686155': order #248693504 buy 2.00 EURUSD at 1.08753 closed due stop-loss at price 1.08751
0	17:54:21.808	'66686155': order #248693505 buy 2.00 EURUSD at 1.08754 closed due stop-loss at price 1.08751
0	17:54:21.808	'66686155': order #248693507 buy 2.00 EURUSD at 1.08754 closed due stop-loss at price 1.08751
0	17:54:21.808	'66686155': order #248693509 buy 2.00 EURUSD at 1.08753 closed due stop-loss at price 1.08751
0	17:54:21.808	'66686155': order #248693513 buy 2.00 EURUSD at 1.08758 closed due stop-loss at price 1.08751
0	17:54:21.808	'66686155': order #248693514 buy 2.00 EURUSD at 1.08757 closed due stop-loss at price 1.08751
0	17:54:21.808	'66686155': order #248693517 buy 2.00 EURUSD at 1.08757 closed due stop-loss at price 1.08751
0	17:54:21.808	'66686155': order #248693518 buy 2.00 EURUSD at 1.08756 closed due stop-loss at price 1.08751
0	17:54:21.808	'66686155': order #248693520 buy 2.00 EURUSD at 1.08757 closed due stop-loss at price 1.08751
0	17:54:21.808	'66686155': order #248693522 buy 2.00 EURUSD at 1.08756 closed due stop-loss at price 1.08751
0	17:54:21.808	'66686155': order #248693523 buy 2.00 EURUSD at 1.08757 closed due stop-loss at price 1.08751
0	17:54:21.808	'66686155': order #248693525 buy 2.00 EURUSD at 1.08756 closed due stop-loss at price 1.08751
0	17:54:21.808	'66686155': order #248693527 buy 2.00 EURUSD at 1.08756 closed due stop-loss at price 1.08751
0	17:54:21.808	'66686155': order #248693531 buy 2.00 EURUSD at 1.08753 closed due stop-loss at price 1.08751
0	17:54:21.808	'66686155': order #248693533 buy 2.00 EURUSD at 1.08756 closed due stop-loss at price 1.08751
0	17:54:21.808	'66686155': order #248693535 buy 2.00 EURUSD at 1.08754 closed due stop-loss at price 1.08751
0	17:54:21.808	'66686155': order #248693537 buy 2.00 EURUSD at 1.08754 closed due stop-loss at price 1.08751
0	17:54:21.808	'66686155': order #248693539 buy 2.00 EURUSD at 1.08756 closed due stop-loss at price 1.08751
0	17:54:21.808	'66686155': order #248693541 buy 2.00 EURUSD at 1.08756 closed due stop-loss at price 1.08751
0	17:54:21.808	'66686155': order #248693544 buy 2.00 EURUSD at 1.08756 closed due stop-loss at price 1.08751
0	17:54:21.808	'66686155': order #248693547 buy 2.00 EURUSD at 1.08756 closed due stop-loss at price 1.08751
0	17:54:21.808	'66686155': order #248693554 buy 2.00 EURUSD at 1.08755 closed due stop-loss at price 1.08751
0	17:54:21.808	'66686155': order #248693557 buy 2.00 EURUSD at 1.08754 closed due stop-loss at price 1.08751
0	17:54:21.808	'66686155': order #248693559 buy 2.00 EURUSD at 1.08753 closed due stop-loss at price 1.08751
0	17:54:21.808	'66686155': order #248693561 buy 2.00 EURUSD at 1.08753 closed due stop-loss at price 1.08751
0	17:54:21.808	'66686155': order #248693563 buy 2.00 EURUSD at 1.08754 closed due stop-loss at price 1.08751
0	17:54:21.808	'66686155': order #248693567 buy 2.00 EURUSD at 1.08756 closed due stop-loss at price 1.08751
0	17:54:21.808	'66686155': order #248693578 buy 2.00 EURUSD at 1.08757 closed due stop-loss at price 1.08751
0	17:54:21.808	'66686155': order #248693586 buy 2.00 EURUSD at 1.08756 closed due stop-loss at price 1.08751
0	17:54:23.933	'66686155': order #248693620 buy 2.00 EURUSD at 1.08751 closed due stop-loss at price 1.08751
0	17:54:25.636	'66686155': order #248693621 buy 2.00 EURUSD at 1.08751 closed due stop-loss at price 1.08751
0	17:56:59.141	'66686155': order #248693837 buy 2.00 EURUSD at 1.08753 closed due stop-loss at price 1.08751
0	17:56:59.141	'66686155': order #248693839 buy 2.00 EURUSD at 1.08753 closed due stop-loss at price 1.08751
0	17:56:59.141	'66686155': order #248693840 buy 2.00 EURUSD at 1.08754 closed due stop-loss at price 1.08751
0	17:56:59.141	'66686155': order #248693841 buy 2.00 EURUSD at 1.08753 closed due stop-loss at price 1.08751
0	17:56:59.141	'66686155': order #248693842 buy 2.00 EURUSD at 1.08754 closed due stop-loss at price 1.08751
0	17:56:59.141	'66686155': order #248693846 buy 2.00 EURUSD at 1.08753 closed due stop-loss at price 1.08751
0	17:56:59.141	'66686155': order #248693862 buy 2.00 EURUSD at 1.08754 closed due stop-loss at price 1.08751
0	17:56:59.141	'66686155': order #248693866 buy 2.00 EURUSD at 1.08753 closed due stop-loss at price 1.08751
0	17:56:59.141	'66686155': order #248693867 buy 2.00 EURUSD at 1.08753 closed due stop-loss at price 1.08751
0	17:56:59.141	'66686155': order #248693868 buy 2.00 EURUSD at 1.08753 closed due stop-loss at price 1.08751
0	17:56:59.141	'66686155': order #248693875 buy 2.00 EURUSD at 1.08753 closed due stop-loss at price 1.08751
0	17:56:59.141	'66686155': order #248693878 buy 2.00 EURUSD at 1.08753 closed due stop-loss at price 1.08751
0	17:56:59.141	'66686155': order #248693879 buy 2.00 EURUSD at 1.08752 closed due stop-loss at price 1.08751
0	17:56:59.141	'66686155': order #248693881 buy 2.00 EURUSD at 1.08753 closed due stop-loss at price 1.08751
0	17:56:59.141	'66686155': order #248693884 buy 2.00 EURUSD at 1.08754 closed due stop-loss at price 1.08751
0	17:56:59.141	'66686155': order #248693885 buy 2.00 EURUSD at 1.08753 closed due stop-loss at price 1.08751
0	17:56:59.141	'66686155': order #248693901 buy 2.00 EURUSD at 1.08758 closed due stop-loss at price 1.08751
0	17:56:59.141	'66686155': order #248693904 buy 2.00 EURUSD at 1.08758 closed due stop-loss at price 1.08751
0	17:56:59.141	'66686155': order #248693908 buy 2.00 EURUSD at 1.08755 closed due stop-loss at price 1.08751
0	17:56:59.141	'66686155': order #248693911 buy 2.00 EURUSD at 1.08754 closed due stop-loss at price 1.08751
0	17:56:59.141	'66686155': order #248693915 buy 2.00 EURUSD at 1.08752 closed due stop-loss at price 1.08751
0	17:56:59.141	'66686155': order #248693917 buy 2.00 EURUSD at 1.08752 closed due stop-loss at price 1.08751
0	17:56:59.141	'66686155': order #248693921 buy 2.00 EURUSD at 1.08755 closed due stop-loss at price 1.08751
0	17:56:59.141	'66686155': order #248693923 buy 2.00 EURUSD at 1.08755 closed due stop-loss at price 1.08751
0	17:56:59.141	'66686155': order #248693926 buy 2.00 EURUSD at 1.08753 closed due stop-loss at price 1.08751
0	17:56:59.141	'66686155': order #248693929 buy 2.00 EURUSD at 1.08753 closed due stop-loss at price 1.08751
0	17:56:59.141	'66686155': order #248693930 buy 2.00 EURUSD at 1.08753 closed due stop-loss at price 1.08751
0	17:56:59.141	'66686155': order #248693932 buy 2.00 EURUSD at 1.08754 closed due stop-loss at price 1.08751
0	17:56:59.141	'66686155': order #248693933 buy 2.00 EURUSD at 1.08753 closed due stop-loss at price 1.08751
0	17:56:59.141	'66686155': order #248693937 buy 2.00 EURUSD at 1.08754 closed due stop-loss at price 1.08751
0	17:56:59.141	'66686155': order #248693938 buy 2.00 EURUSD at 1.08753 closed due stop-loss at price 1.08751
0	17:57:04.200	'66686155': order #248693950 buy 2.00 EURUSD at 1.08753 closed due stop-loss at price 1.08751
0	17:57:04.200	'66686155': order #248693957 buy 2.00 EURUSD at 1.08753 closed due stop-loss at price 1.08751
0	17:57:07.182	'66686155': order #248693962 buy 2.00 EURUSD at 1.08751 closed due stop-loss at price 1.08751
0	17:57:07.182	'66686155': order #248693968 buy 2.00 EURUSD at 1.08752 closed due stop-loss at price 1.08751
0	17:57:17.572	'66686155': order #248693979 buy 2.00 EURUSD at 1.08752 closed due stop-loss at price 1.08751
0	17:57:17.572	'66686155': order #248693982 buy 2.00 EURUSD at 1.08753 closed due stop-loss at price 1.08751
0	17:57:17.572	'66686155': order #248693983 buy 2.00 EURUSD at 1.08752 closed due stop-loss at price 1.08751
0	17:57:17.572	'66686155': order #248693985 buy 2.00 EURUSD at 1.08752 closed due stop-loss at price 1.08751
0	17:57:31.352	'66686155': order #248694012 buy 2.00 EURUSD at 1.08751 closed due stop-loss at price 1.08751
0	17:57:31.352	'66686155': order #248694013 buy 2.00 EURUSD at 1.08751 closed due stop-loss at price 1.08751
0	17:57:41.789	'66686155': order #248694017 buy 2.00 EURUSD at 1.08751 closed due stop-loss at price 1.08751
0	17:57:41.789	'66686155': order #248694021 buy 2.00 EURUSD at 1.08752 closed due stop-loss at price 1.08751
0	17:57:41.789	'66686155': order #248694022 buy 2.00 EURUSD at 1.08752 closed due stop-loss at price 1.08751
0	17:57:41.789	'66686155': order #248694023 buy 2.00 EURUSD at 1.08753 closed due stop-loss at price 1.08751
0	17:57:41.789	'66686155': order #248694024 buy 2.00 EURUSD at 1.08752 closed due stop-loss at price 1.08751
0	17:57:41.789	'66686155': order #248694025 buy 2.00 EURUSD at 1.08752 closed due stop-loss at price 1.08751
0	17:57:41.789	'66686155': order #248694026 buy 2.00 EURUSD at 1.08752 closed due stop-loss at price 1.08751
0	17:57:41.789	'66686155': order #248694027 buy 2.00 EURUSD at 1.08753 closed due stop-loss at price 1.08751
0	17:57:41.789	'66686155': order #248694032 buy 2.00 EURUSD at 1.08752 closed due stop-loss at price 1.08751
0	17:57:41.789	'66686155': order #248694036 buy 2.00 EURUSD at 1.08752 closed due stop-loss at price 1.08751
0	17:57:45.039	'66686155': order #248694038 buy 2.00 EURUSD at 1.08752 closed due stop-loss at price 1.08751
0	17:57:45.039	'66686155': order #248694039 buy 2.00 EURUSD at 1.08752 closed due stop-loss at price 1.08751
0	17:58:31.348	'66686155': order #248694046 buy 2.00 EURUSD at 1.08752 closed due stop-loss at price 1.08751
0	17:58:31.348	'66686155': order #248694052 buy 2.00 EURUSD at 1.08753 closed due stop-loss at price 1.08751
0	17:58:31.348	'66686155': order #248694053 buy 2.00 EURUSD at 1.08752 closed due stop-loss at price 1.08751
0	17:58:31.348	'66686155': order #248694054 buy 2.00 EURUSD at 1.08754 closed due stop-loss at price 1.08751
0	17:58:31.348	'66686155': order #248694055 buy 2.00 EURUSD at 1.08754 closed due stop-loss at price 1.08751
0	17:58:31.348	'66686155': order #248694056 buy 2.00 EURUSD at 1.08758 closed due stop-loss at price 1.08751
0	17:58:31.348	'66686155': order #248694057 buy 2.00 EURUSD at 1.08758 closed due stop-loss at price 1.08751
0	17:58:31.348	'66686155': order #248694061 buy 2.00 EURUSD at 1.08759 closed due stop-loss at price 1.08751
0	17:58:31.348	'66686155': order #248694064 buy 2.00 EURUSD at 1.08758 closed due stop-loss at price 1.08751
0	17:58:31.348	'66686155': order #248694065 buy 2.00 EURUSD at 1.08759 closed due stop-loss at price 1.08751
0	17:58:31.348	'66686155': order #248694074 buy 2.00 EURUSD at 1.08759 closed due stop-loss at price 1.08751
0	17:58:31.348	'66686155': order #248694084 buy 2.00 EURUSD at 1.08759 closed due stop-loss at price 1.08751
0	17:58:31.348	'66686155': order #248694090 buy 2.00 EURUSD at 1.08758 closed due stop-loss at price 1.08751
0	17:58:31.348	'66686155': order #248694091 buy 2.00 EURUSD at 1.08761 closed due stop-loss at price 1.08751
0	17:58:31.348	'66686155': order #248694092 buy 2.00 EURUSD at 1.08761 closed due stop-loss at price 1.08751
0	17:58:31.348	'66686155': order #248694095 buy 2.00 EURUSD at 1.08761 closed due stop-loss at price 1.08751
0	17:58:31.348	'66686155': order #248694096 buy 2.00 EURUSD at 1.08759 closed due stop-loss at price 1.08751
0	17:58:31.348	'66686155': order #248694097 buy 2.00 EURUSD at 1.08759 closed due stop-loss at price 1.08751
0	17:58:31.348	'66686155': order #248694099 buy 2.00 EURUSD at 1.08762 closed due stop-loss at price 1.08751
0	17:58:31.348	'66686155': order #248694102 buy 2.00 EURUSD at 1.08761 closed due stop-loss at price 1.08751
0	17:58:31.348	'66686155': order #248694103 buy 2.00 EURUSD at 1.08760 closed due stop-loss at price 1.08751
0	17:58:31.348	'66686155': order #248694104 buy 2.00 EURUSD at 1.08759 closed due stop-loss at price 1.08751
0	17:58:31.348	'66686155': order #248694105 buy 2.00 EURUSD at 1.08758 closed due stop-loss at price 1.08751
0	17:58:31.348	'66686155': order #248694106 buy 2.00 EURUSD at 1.08758 closed due stop-loss at price 1.08751
0	17:58:31.348	'66686155': order #248694108 buy 2.00 EURUSD at 1.08760 closed due stop-loss at price 1.08751
0	17:58:31.348	'66686155': order #248694109 buy 2.00 EURUSD at 1.08760 closed due stop-loss at price 1.08751
0	17:58:31.348	'66686155': order #248694111 buy 2.00 EURUSD at 1.08759 closed due stop-loss at price 1.08751
0	17:58:31.348	'66686155': order #248694112 buy 2.00 EURUSD at 1.08760 closed due stop-loss at price 1.08751
0	17:58:31.348	'66686155': order #248694116 buy 2.00 EURUSD at 1.08759 closed due stop-loss at price 1.08751
0	17:58:31.348	'66686155': order #248694122 buy 2.00 EURUSD at 1.08758 closed due stop-loss at price 1.08751
0	17:58:31.348	'66686155': order #248694124 buy 2.00 EURUSD at 1.08759 closed due stop-loss at price 1.08751
0	17:58:31.348	'66686155': order #248694125 buy 2.00 EURUSD at 1.08758 closed due stop-loss at price 1.08751
0	17:58:31.348	'66686155': order #248694127 buy 2.00 EURUSD at 1.08753 closed due stop-loss at price 1.08751
0	17:58:31.348	'66686155': order #248694128 buy 2.00 EURUSD at 1.08753 closed due stop-loss at price 1.08751
0	17:58:33.988	'66686155': order #248694131 buy 2.00 EURUSD at 1.08751 closed due stop-loss at price 1.08751
0	17:58:34.176	'66686155': order #248694132 buy 2.00 EURUSD at 1.08751 closed due stop-loss at price 1.08751
0	17:58:45.785	'66686155': order #248694145 buy 2.00 EURUSD at 1.08751 closed due stop-loss at price 1.08751
0	17:58:45.785	'66686155': order #248694146 buy 2.00 EURUSD at 1.08753 closed due stop-loss at price 1.08751
0	17:58:45.785	'66686155': order #248694148 buy 2.00 EURUSD at 1.08752 closed due stop-loss at price 1.08751
0	17:58:45.785	'66686155': order #248694150 buy 2.00 EURUSD at 1.08752 closed due stop-loss at price 1.08751
0	17:58:46.941	'66686155': order #248694151 buy 2.00 EURUSD at 1.08752 closed due stop-loss at price 1.08751
0	17:58:46.941	'66686155': order #248694152 buy 2.00 EURUSD at 1.08752 closed due stop-loss at price 1.08751
0	17:58:49.050	'66686155': order #248694153 buy 2.00 EURUSD at 1.08751 closed due stop-loss at price 1.08751
0	17:58:58.756	'66686155': order #248694156 buy 2.00 EURUSD at 1.08751 closed due stop-loss at price 1.08751
0	17:58:58.756	'66686155': order #248694157 buy 2.00 EURUSD at 1.08751 closed due stop-loss at price 1.08751
0	17:59:16.192	'66686155': order #248694194 buy 2.00 EURUSD at 1.08751 closed due stop-loss at price 1.08751
0	17:59:16.192	'66686155': order #248694195 buy 2.00 EURUSD at 1.08752 closed due stop-loss at price 1.08751
0	17:59:16.192	'66686155': order #248694196 buy 2.00 EURUSD at 1.08752 closed due stop-loss at price 1.08751
0	17:59:16.192	'66686155': order #248694201 buy 2.00 EURUSD at 1.08752 closed due stop-loss at price 1.08751
0	17:59:18.270	'66686155': order #248694202 buy 2.00 EURUSD at 1.08751 closed due stop-loss at price 1.08751
0	17:59:18.270	'66686155': order #248694203 buy 2.00 EURUSD at 1.08752 closed due stop-loss at price 1.08751
0	18:01:41.081	'66686155': order #248694206 buy 2.00 EURUSD at 1.08751 closed due stop-loss at price 1.08751
0	18:01:41.081	'66686155': order #248694208 buy 2.00 EURUSD at 1.08753 closed due stop-loss at price 1.08751
0	18:01:41.081	'66686155': order #248694211 buy 2.00 EURUSD at 1.08753 closed due stop-loss at price 1.08751
0	18:01:41.081	'66686155': order #248694213 buy 2.00 EURUSD at 1.08753 closed due stop-loss at price 1.08751
0	18:01:41.081	'66686155': order #248694220 buy 2.00 EURUSD at 1.08753 closed due stop-loss at price 1.08751
0	18:01:41.081	'66686155': order #248694221 buy 2.00 EURUSD at 1.08753 closed due stop-loss at price 1.08751
0	18:01:41.081	'66686155': order #248694222 buy 2.00 EURUSD at 1.08753 closed due stop-loss at price 1.08751
0	18:01:41.081	'66686155': order #248694224 buy 2.00 EURUSD at 1.08753 closed due stop-loss at price 1.08751
0	18:01:41.081	'66686155': order #248694237 buy 2.00 EURUSD at 1.08756 closed due stop-loss at price 1.08751
0	18:01:41.081	'66686155': order #248694247 buy 2.00 EURUSD at 1.08756 closed due stop-loss at price 1.08751
0	18:01:41.081	'66686155': order #248694253 buy 2.00 EURUSD at 1.08755 closed due stop-loss at price 1.08751
0	18:01:41.081	'66686155': order #248694254 buy 2.00 EURUSD at 1.08756 closed due stop-loss at price 1.08751
0	18:01:41.081	'66686155': order #248694256 buy 2.00 EURUSD at 1.08758 closed due stop-loss at price 1.08751
0	18:01:41.081	'66686155': order #248694257 buy 2.00 EURUSD at 1.08758 closed due stop-loss at price 1.08751
0	18:01:41.081	'66686155': order #248694260 buy 2.00 EURUSD at 1.08759 closed due stop-loss at price 1.08751
0	18:01:41.081	'66686155': order #248694262 buy 2.00 EURUSD at 1.08760 closed due stop-loss at price 1.08751
0	18:01:41.081	'66686155': order #248694263 buy 2.00 EURUSD at 1.08759 closed due stop-loss at price 1.08751
0	18:01:41.081	'66686155': order #248694264 buy 2.00 EURUSD at 1.08759 closed due stop-loss at price 1.08751
0	18:01:41.081	'66686155': order #248694265 buy 2.00 EURUSD at 1.08759 closed due stop-loss at price 1.08751
0	18:01:41.081	'66686155': order #248694266 buy 2.00 EURUSD at 1.08759 closed due stop-loss at price 1.08751
0	18:01:41.081	'66686155': order #248694270 buy 2.00 EURUSD at 1.08758 closed due stop-loss at price 1.08751
0	18:01:41.081	'66686155': order #248694273 buy 2.00 EURUSD at 1.08759 closed due stop-loss at price 1.08751
0	18:01:41.081	'66686155': order #248694274 buy 2.00 EURUSD at 1.08759 closed due stop-loss at price 1.08751
0	18:01:41.081	'66686155': order #248694275 buy 2.00 EURUSD at 1.08758 closed due stop-loss at price 1.08751
0	18:01:41.081	'66686155': order #248694276 buy 2.00 EURUSD at 1.08759 closed due stop-loss at price 1.08751
0	18:01:41.081	'66686155': order #248694277 buy 2.00 EURUSD at 1.08758 closed due stop-loss at price 1.08751
0	18:01:41.081	'66686155': order #248694278 buy 2.00 EURUSD at 1.08759 closed due stop-loss at price 1.08751
0	18:01:41.081	'66686155': order #248694281 buy 2.00 EURUSD at 1.08758 closed due stop-loss at price 1.08751
0	18:01:41.081	'66686155': order #248694284 buy 2.00 EURUSD at 1.08758 closed due stop-loss at price 1.08751
0	18:01:41.081	'66686155': order #248694286 buy 2.00 EURUSD at 1.08759 closed due stop-loss at price 1.08751
0	18:01:41.081	'66686155': order #248694287 buy 2.00 EURUSD at 1.08758 closed due stop-loss at price 1.08751
0	18:01:41.081	'66686155': order #248694288 buy 2.00 EURUSD at 1.08758 closed due stop-loss at price 1.08751
0	18:01:41.081	'66686155': order #248694292 buy 2.00 EURUSD at 1.08754 closed due stop-loss at price 1.08751
0	18:01:41.081	'66686155': order #248694297 buy 2.00 EURUSD at 1.08759 closed due stop-loss at price 1.08751
0	18:05:23.799	'66686155': order #248695134 buy 2.00 EURUSD at 1.08755 closed due stop-loss at price 1.08751
0	18:05:23.799	'66686155': order #248695135 buy 2.00 EURUSD at 1.08753 closed due stop-loss at price 1.08751
0	18:07:56.367	'66686155': order #248695140 buy 2.00 EURUSD at 1.08753 closed due stop-loss at price 1.08751
0	18:07:56.367	'66686155': order #248695141 buy 2.00 EURUSD at 1.08755 closed due stop-loss at price 1.08751
0	18:07:56.367	'66686155': order #248695142 buy 2.00 EURUSD at 1.08755 closed due stop-loss at price 1.08751
0	18:07:56.367	'66686155': order #248695144 buy 2.00 EURUSD at 1.08756 closed due stop-loss at price 1.08751
0	18:07:56.367	'66686155': order #248695145 buy 2.00 EURUSD at 1.08756 closed due stop-loss at price 1.08751
0	18:07:56.367	'66686155': order #248695149 buy 2.00 EURUSD at 1.08756 closed due stop-loss at price 1.08751
0	18:07:56.367	'66686155': order #248695150 buy 2.00 EURUSD at 1.08756 closed due stop-loss at price 1.08751
0	18:07:56.367	'66686155': order #248695151 buy 2.00 EURUSD at 1.08757 closed due stop-loss at price 1.08751
0	18:07:56.367	'66686155': order #248695153 buy 2.00 EURUSD at 1.08760 closed due stop-loss at price 1.08751
0	18:07:56.367	'66686155': order #248695155 buy 2.00 EURUSD at 1.08760 closed due stop-loss at price 1.08751
0	18:07:56.367	'66686155': order #248695156 buy 2.00 EURUSD at 1.08761 closed due stop-loss at price 1.08751
0	18:07:56.367	'66686155': order #248695158 buy 2.00 EURUSD at 1.08760 closed due stop-loss at price 1.08751
0	18:07:56.367	'66686155': order #248695160 buy 2.00 EURUSD at 1.08759 closed due stop-loss at price 1.08751
0	18:07:56.367	'66686155': order #248695161 buy 2.00 EURUSD at 1.08760 closed due stop-loss at price 1.08751
0	18:07:56.367	'66686155': order #248695163 buy 2.00 EURUSD at 1.08760 closed due stop-loss at price 1.08751
0	18:07:56.367	'66686155': order #248695168 buy 2.00 EURUSD at 1.08764 closed due stop-loss at price 1.08751
0	18:07:56.367	'66686155': order #248695177 buy 2.00 EURUSD at 1.08764 closed due stop-loss at price 1.08751
0	18:07:56.367	'66686155': order #248695179 buy 2.00 EURUSD at 1.08764 closed due stop-loss at price 1.08751
0	18:07:56.367	'66686155': order #248695181 buy 2.00 EURUSD at 1.08763 closed due stop-loss at price 1.08751
0	18:07:56.367	'66686155': order #248695182 buy 2.00 EURUSD at 1.08763 closed due stop-loss at price 1.08751
0	18:07:56.367	'66686155': order #248695184 buy 2.00 EURUSD at 1.08764 closed due stop-loss at price 1.08751
0	18:07:56.367	'66686155': order #248695185 buy 2.00 EURUSD at 1.08764 closed due stop-loss at price 1.08751
0	18:07:56.367	'66686155': order #248695190 buy 2.00 EURUSD at 1.08763 closed due stop-loss at price 1.08751
0	18:07:56.367	'66686155': order #248695191 buy 2.00 EURUSD at 1.08761 closed due stop-loss at price 1.08751
0	18:07:56.367	'66686155': order #248695193 buy 2.00 EURUSD at 1.08762 closed due stop-loss at price 1.08751
0	18:07:56.367	'66686155': order #248695195 buy 2.00 EURUSD at 1.08762 closed due stop-loss at price 1.08751
0	18:07:56.367	'66686155': order #248695197 buy 2.00 EURUSD at 1.08762 closed due stop-loss at price 1.08751
0	18:07:56.367	'66686155': order #248695199 buy 2.00 EURUSD at 1.08760 closed due stop-loss at price 1.08751
0	18:07:56.367	'66686155': order #248695200 buy 2.00 EURUSD at 1.08759 closed due stop-loss at price 1.08751
0	18:07:56.367	'66686155': order #248695201 buy 2.00 EURUSD at 1.08759 closed due stop-loss at price 1.08751
0	18:07:56.367	'66686155': order #248695209 buy 2.00 EURUSD at 1.08762 closed due stop-loss at price 1.08751
0	18:07:56.367	'66686155': order #248695210 buy 2.00 EURUSD at 1.08762 closed due stop-loss at price 1.08751
0	18:07:56.367	'66686155': order #248695212 buy 2.00 EURUSD at 1.08760 closed due stop-loss at price 1.08751
0	18:08:03.882	'66686155': order #248695440 buy 2.00 EURUSD at 1.08751 closed due stop-loss at price 1.08751
0	18:08:22.616	'66686155': order #248695452 buy 2.00 EURUSD at 1.08754 closed due stop-loss at price 1.08751
0	18:08:22.616	'66686155': order #248695455 buy 2.00 EURUSD at 1.08755 closed due stop-loss at price 1.08751
0	18:08:22.616	'66686155': order #248695457 buy 2.00 EURUSD at 1.08754 closed due stop-loss at price 1.08751
0	18:08:22.616	'66686155': order #248695458 buy 2.00 EURUSD at 1.08754 closed due stop-loss at price 1.08751
0	18:08:22.616	'66686155': order #248695459 buy 2.00 EURUSD at 1.08754 closed due stop-loss at price 1.08751
0	18:08:22.616	'66686155': order #248695460 buy 2.00 EURUSD at 1.08753 closed due stop-loss at price 1.08751
0	18:08:22.616	'66686155': order #248695464 buy 2.00 EURUSD at 1.08754 closed due stop-loss at price 1.08751
0	18:08:22.616	'66686155': order #248695466 buy 2.00 EURUSD at 1.08753 closed due stop-loss at price 1.08751
0	18:08:22.616	'66686155': order #248695467 buy 2.00 EURUSD at 1.08753 closed due stop-loss at price 1.08751
0	18:08:22.616	'66686155': order #248695478 buy 2.00 EURUSD at 1.08754 closed due stop-loss at price 1.08751
0	18:08:27.209	'66686155': order #248695483 buy 2.00 EURUSD at 1.08752 closed due stop-loss at price 1.08751
0	18:08:27.209	'66686155': order #248695484 buy 2.00 EURUSD at 1.08752 closed due stop-loss at price 1.08751
0	18:08:29.334	'66686155': order #248695486 buy 2.00 EURUSD at 1.08752 closed due stop-loss at price 1.08751
0	18:08:29.334	'66686155': order #248695487 buy 2.00 EURUSD at 1.08752 closed due stop-loss at price 1.08751
0	18:08:35.818	'66686155': order #248695488 buy 2.00 EURUSD at 1.08752 closed due stop-loss at price 1.08751
0	18:08:35.818	'66686155': order #248695489 buy 2.00 EURUSD at 1.08752 closed due stop-loss at price 1.08751
0	18:08:58.972	'66686155': order #248695508 buy 2.00 EURUSD at 1.08752 closed due stop-loss at price 1.08751
0	18:08:58.972	'66686155': order #248695515 buy 2.00 EURUSD at 1.08753 closed due stop-loss at price 1.08751
0	18:08:58.972	'66686155': order #248695516 buy 2.00 EURUSD at 1.08754 closed due stop-loss at price 1.08751
0	18:08:58.972	'66686155': order #248695517 buy 2.00 EURUSD at 1.08753 closed due stop-loss at price 1.08751
0	18:08:58.972	'66686155': order #248695520 buy 2.00 EURUSD at 1.08752 closed due stop-loss at price 1.08751
0	18:08:58.972	'66686155': order #248695522 buy 2.00 EURUSD at 1.08752 closed due stop-loss at price 1.08751
0	18:08:58.972	'66686155': order #248695523 buy 2.00 EURUSD at 1.08752 closed due stop-loss at price 1.08751
0	18:08:59.347	'66686155': order #248695527 buy 2.00 EURUSD at 1.08752 closed due stop-loss at price 1.08751
0	18:09:00.613	'66686155': order #248695528 buy 2.00 EURUSD at 1.08751 closed due stop-loss at price 1.08751
0	18:09:00.613	'66686155': order #248695529 buy 2.00 EURUSD at 1.08752 closed due stop-loss at price 1.08751
0	18:09:01.363	'66686155': order #248695531 buy 2.00 EURUSD at 1.08751 closed due stop-loss at price 1.08751
0	18:10:29.560	'66686155': order #248695577 buy 2.00 EURUSD at 1.08753 closed due stop-loss at price 1.08751
0	18:10:29.560	'66686155': order #248695582 buy 2.00 EURUSD at 1.08754 closed due stop-loss at price 1.08751
0	18:10:29.560	'66686155': order #248695583 buy 2.00 EURUSD at 1.08754 closed due stop-loss at price 1.08751
0	18:10:29.560	'66686155': order #248695584 buy 2.00 EURUSD at 1.08754 closed due stop-loss at price 1.08751
0	18:10:29.560	'66686155': order #248695596 buy 2.00 EURUSD at 1.08754 closed due stop-loss at price 1.08751
0	18:10:29.560	'66686155': order #248695597 buy 2.00 EURUSD at 1.08754 closed due stop-loss at price 1.08751
0	18:10:29.560	'66686155': order #248695599 buy 2.00 EURUSD at 1.08754 closed due stop-loss at price 1.08751
0	18:10:29.560	'66686155': order #248695601 buy 2.00 EURUSD at 1.08754 closed due stop-loss at price 1.08751
0	18:10:29.560	'66686155': order #248695602 buy 2.00 EURUSD at 1.08756 closed due stop-loss at price 1.08751
0	18:10:29.560	'66686155': order #248695603 buy 2.00 EURUSD at 1.08756 closed due stop-loss at price 1.08751
0	18:10:29.560	'66686155': order #248695605 buy 2.00 EURUSD at 1.08756 closed due stop-loss at price 1.08751
0	18:10:29.560	'66686155': order #248695607 buy 2.00 EURUSD at 1.08758 closed due stop-loss at price 1.08751
0	18:10:29.560	'66686155': order #248695608 buy 2.00 EURUSD at 1.08758 closed due stop-loss at price 1.08751
0	18:10:29.560	'66686155': order #248695613 buy 2.00 EURUSD at 1.08759 closed due stop-loss at price 1.08751
0	18:10:29.560	'66686155': order #248695614 buy 2.00 EURUSD at 1.08758 closed due stop-loss at price 1.08751
0	18:10:29.560	'66686155': order #248695615 buy 2.00 EURUSD at 1.08758 closed due stop-loss at price 1.08751
0	18:10:29.560	'66686155': order #248695664 buy 2.00 EURUSD at 1.08758 closed due stop-loss at price 1.08751
0	18:10:29.560	'66686155': order #248695673 buy 2.00 EURUSD at 1.08758 closed due stop-loss at price 1.08751
0	18:10:29.560	'66686155': order #248695698 buy 2.00 EURUSD at 1.08757 closed due stop-loss at price 1.08751
0	18:10:29.560	'66686155': order #248695700 buy 2.00 EURUSD at 1.08758 closed due stop-loss at price 1.08751
0	18:10:29.560	'66686155': order #248695706 buy 2.00 EURUSD at 1.08759 closed due stop-loss at price 1.08751
0	18:10:29.560	'66686155': order #248695709 buy 2.00 EURUSD at 1.08759 closed due stop-loss at price 1.08751
0	18:10:29.560	'66686155': order #248695713 buy 2.00 EURUSD at 1.08759 closed due stop-loss at price 1.08751
0	18:10:29.560	'66686155': order #248695715 buy 2.00 EURUSD at 1.08758 closed due stop-loss at price 1.08751
0	18:10:29.560	'66686155': order #248695719 buy 2.00 EURUSD at 1.08758 closed due stop-loss at price 1.08751
0	18:10:29.560	'66686155': order #248695725 buy 2.00 EURUSD at 1.08758 closed due stop-loss at price 1.08751
0	18:10:29.560	'66686155': order #248695727 buy 2.00 EURUSD at 1.08759 closed due stop-loss at price 1.08751
0	18:10:29.560	'66686155': order #248695732 buy 2.00 EURUSD at 1.08758 closed due stop-loss at price 1.08751
0	18:10:29.560	'66686155': order #248695735 buy 2.00 EURUSD at 1.08759 closed due stop-loss at price 1.08751
0	18:10:29.560	'66686155': order #248695736 buy 2.00 EURUSD at 1.08758 closed due stop-loss at price 1.08751
0	18:10:29.560	'66686155': order #248695739 buy 2.00 EURUSD at 1.08758 closed due stop-loss at price 1.08751
0	18:10:29.560	'66686155': order #248695740 buy 2.00 EURUSD at 1.08759 closed due stop-loss at price 1.08751
0	18:10:36.410	'66686155': order #248695780 buy 2.00 EURUSD at 1.08751 closed due stop-loss at price 1.08751
0	18:10:39.173	'66686155': order #248695784 buy 2.00 EURUSD at 1.08752 closed due stop-loss at price 1.08751
0	18:10:39.173	'66686155': order #248695785 buy 2.00 EURUSD at 1.08752 closed due stop-loss at price 1.08751
0	18:10:43.940	'66686155': order #248695786 buy 2.00 EURUSD at 1.08751 closed due stop-loss at price 1.08751
0	18:10:43.940	'66686155': order #248695787 buy 2.00 EURUSD at 1.08752 closed due stop-loss at price 1.08751
0	18:10:46.992	'66686155': order #248695791 buy 2.00 EURUSD at 1.08752 closed due stop-loss at price 1.08751
0	18:10:46.992	'66686155': order #248695793 buy 2.00 EURUSD at 1.08752 closed due stop-loss at price 1.08751
0	18:10:47.362	'66686155': order #248695794 buy 2.00 EURUSD at 1.08752 closed due stop-loss at price 1.08751
0	18:10:48.412	'66686155': order #248695796 buy 2.00 EURUSD at 1.08752 closed due stop-loss at price 1.08751
0	18:10:48.412	'66686155': order #248695797 buy 2.00 EURUSD at 1.08753 closed due stop-loss at price 1.08751
0	18:11:00.176	'66686155': order #248695798 buy 2.00 EURUSD at 1.08752 closed due stop-loss at price 1.08751
0	18:11:00.176	'66686155': order #248695799 buy 2.00 EURUSD at 1.08752 closed due stop-loss at price 1.08751
0	18:11:00.176	'66686155': order #248695804 buy 2.00 EURUSD at 1.08753 closed due stop-loss at price 1.08751
0	18:11:00.176	'66686155': order #248695806 buy 2.00 EURUSD at 1.08755 closed due stop-loss at price 1.08751
0	18:11:00.176	'66686155': order #248695808 buy 2.00 EURUSD at 1.08754 closed due stop-loss at price 1.08751
0	18:11:00.176	'66686155': order #248695810 buy 2.00 EURUSD at 1.08753 closed due stop-loss at price 1.08751
0	18:11:00.176	'66686155': order #248695811 buy 2.00 EURUSD at 1.08752 closed due stop-loss at price 1.08751
0	18:11:02.504	'66686155': order #248695815 buy 2.00 EURUSD at 1.08752 closed due stop-loss at price 1.08751
0	18:11:02.504	'66686155': order #248695818 buy 2.00 EURUSD at 1.08752 closed due stop-loss at price 1.08751
0	18:11:05.614	'66686155': order #248695826 buy 2.00 EURUSD at 1.08751 closed due stop-loss at price 1.08751
0	18:11:05.614	'66686155': order #248695829 buy 2.00 EURUSD at 1.08752 closed due stop-loss at price 1.08751
0	18:11:06.176	'66686155': order #248695831 buy 2.00 EURUSD at 1.08752 closed due stop-loss at price 1.08751
0	18:11:18.603	'66686155': order #248695832 buy 2.00 EURUSD at 1.08751 closed due stop-loss at price 1.08751
0	18:11:18.603	'66686155': order #248695833 buy 2.00 EURUSD at 1.08752 closed due stop-loss at price 1.08751
0	18:11:18.603	'66686155': order #248695834 buy 2.00 EURUSD at 1.08752 closed due stop-loss at price 1.08751
0	18:11:18.603	'66686155': order #248695835 buy 2.00 EURUSD at 1.08753 closed due stop-loss at price 1.08751
0	18:11:18.603	'66686155': order #248695837 buy 2.00 EURUSD at 1.08753 closed due stop-loss at price 1.08751
0	18:11:18.603	'66686155': order #248695838 buy 2.00 EURUSD at 1.08753 closed due stop-loss at price 1.08751
0	18:11:18.603	'66686155': order #248695840 buy 2.00 EURUSD at 1.08752 closed due stop-loss at price 1.08751
1	21:13:19.609	'66686155': ping failed
1	21:13:21.355	MQL5.community: authorization failed
1	21:13:23.761	'66686155': connect failed [No connection]
