0	10:41:49.779	IC Markets (SC) MT4 build 1420 started (Raw Trading Ltd)
0	10:41:49.779	Windows 10 Pro x64, UAC, 4 x Intel Core i5-5300U  @ 2.30GHz, Memory: 3784 / 8067 Mb, Disk: 2 / 53 Gb, GMT+5
0	10:41:49.779	Data Folder: C:\Users\shall\AppData\Roaming\MetaQuotes\Terminal\5D49F47D1EA1ECFC0DDC965B6D100AC5
2	10:41:53.010	Custom indicator Elliott_Waves EURUSD,H1: loaded successfully
0	10:41:58.025	'66686155': login on ICMarketsSC-Demo06 through NVir_DC_D05 (ping: 227.16 ms)
0	10:42:00.697	'66686155': login datacenter on ICMarketsSC-Demo06 through NVir_DC_D05 (ping: 227.16 ms)
0	10:42:01.719	'66686155': previous successful authorization performed from 103.213.202.61
0	10:42:09.931	'66686155': ping to current access point NVir_DC_D05 is 229.03 ms
0	10:49:29.191	Sources recompilation started
2	10:52:37.796	Expert shallufvg EURUSD,H1: loaded successfully
2	10:55:58.481	Expert shallufvg EURUSD,H1: removed
2	10:55:58.512	Expert shallufvg EURUSD,H1: loaded successfully
2	10:57:14.143	Expert shallufvg EURUSD,H1: removed
2	10:57:20.582	Custom indicator Elliott_Waves EURUSD,H1: removed
1	12:50:43.562	'66686155': ping failed
0	12:50:52.486	'66686155': login on ICMarketsSC-Demo06 through LD_DC_D06 (ping: 248.40 ms)
0	12:50:54.312	'66686155': login datacenter on ICMarketsSC-Demo06 through LD_DC_D06 (ping: 248.40 ms)
0	12:50:56.920	'66686155': previous successful authorization performed from 103.213.202.61
0	12:51:02.835	'66686155': ping to current access point LD_DC_D06 is 223.56 ms
1	13:29:00.546	'66686155': ping failed
0	13:29:03.585	'66686155': login on ICMarketsSC-Demo06 through NVir_DC_D05 (ping: 237.46 ms)
0	13:29:05.891	'66686155': login datacenter on ICMarketsSC-Demo06 through NVir_DC_D05 (ping: 237.46 ms)
0	13:29:11.611	'66686155': previous successful authorization performed from 103.213.202.61
1	14:05:31.562	'66686155': ping failed
0	14:05:42.062	'66686155': login on ICMarketsSC-Demo06 through FRK_DC_D06 (ping: 267.25 ms)
0	14:05:44.157	'66686155': login datacenter on ICMarketsSC-Demo06 through FRK_DC_D06 (ping: 267.25 ms)
0	14:05:46.229	'66686155': previous successful authorization performed from 103.213.202.61
0	14:05:52.828	'66686155': auto connecting to a better access point LD_DC_D06 (ping is 234.05 ms)
0	14:05:53.752	'66686155': login on ICMarketsSC-Demo06 through LD_DC_D06 (ping: 234.05 ms)
0	14:05:55.690	'66686155': login datacenter on ICMarketsSC-Demo06 through LD_DC_D06 (ping: 234.05 ms)
0	14:05:56.818	'66686155': previous successful authorization performed from 103.213.202.61
0	18:59:03.182	IC Markets (SC) MT4 build 1420 stopped
0	20:43:38.153	IC Markets (SC) MT4 build 1420 started (Raw Trading Ltd)
0	20:43:38.153	Windows 10 Pro x64, UAC, 4 x Intel Core i5-5300U  @ 2.30GHz, Memory: 4909 / 8067 Mb, Disk: 1 / 53 Gb, GMT+5
0	20:43:38.153	Data Folder: C:\Users\shall\AppData\Roaming\MetaQuotes\Terminal\5D49F47D1EA1ECFC0DDC965B6D100AC5
0	20:43:40.606	Sources recompilation started
0	20:43:43.981	Sources recompilation finished (1 compiled in 3422 msec)
0	20:43:49.911	'66686155': login on ICMarketsSC-Demo06 through LD_DC_D06 (ping: 234.05 ms)
0	20:43:52.786	'66686155': login datacenter on ICMarketsSC-Demo06 through LD_DC_D06 (ping: 234.05 ms)
0	20:43:54.369	'66686155': previous successful authorization performed from 103.213.202.61
0	20:44:04.146	'66686155': ping to current access point LD_DC_D06 is 216.21 ms
0	21:01:48.836	Trades: use MetaTrader VPS Hosting Service to speed up the execution: 14.15 ms via 'MQL5 Ashburn DC2 01' instead of 216.21 ms
1	21:35:35.465	'66686155': ping failed
1	21:35:35.475	'66686155': datacenter connecting failed [6]
0	21:35:39.490	'66686155': login on ICMarketsSC-Demo06 through NVir_DC_D05 (ping: 239.39 ms)
0	21:35:59.190	'66686155': login datacenter on ICMarketsSC-Demo06 through NVir_DC_D05 (ping: 239.39 ms)
0	21:36:01.970	'66686155': previous successful authorization performed from 49.37.151.109
1	21:39:40.559	'66686155': ping failed
1	21:39:40.574	'66686155': datacenter connecting failed [6]
0	21:39:51.940	'66686155': login on ICMarketsSC-Demo06 through FRK_DC_D06 (ping: 273.41 ms)
1	21:41:13.925	'66686155': datacenter connecting failed [6]
0	21:41:21.925	'66686155': auto connecting to a better access point OH_DC_D06 (ping is 243.43 ms)
1	21:41:43.105	'66686155': connect failed [No connection]
0	21:42:46.544	'66686155': login on ICMarketsSC-Demo06 through OH_DC_D06 (ping: n/a)
0	21:42:48.719	'66686155': login datacenter on ICMarketsSC-Demo06 through OH_DC_D06 (ping: n/a)
0	21:42:50.134	'66686155': previous successful authorization performed from 27.7.53.12
0	21:43:15.375	'66686155': ping to current access point OH_DC_D06 is 235.58 ms
2	21:46:19.810	Custom indicator Heiken Ashi AUDUSD,H1: loaded successfully
2	22:36:09.669	Custom indicator Heiken Ashi AUDUSD,H1: removed
0	22:36:10.200	IC Markets (SC) MT4 build 1420 stopped
