0	09:39:41.996	'66686155': auto connecting to a better access point LD_DC_D06 (ping is 226.00 ms)
0	09:39:43.753	'66686155': login on ICMarketsSC-Demo06 through NVir_DC_D05 (ping: 234.17 ms)
0	09:39:45.605	'66686155': login datacenter on ICMarketsSC-Demo06 through NVir_DC_D05 (ping: 234.17 ms)
0	09:39:46.895	'66686155': previous successful authorization performed from 103.213.202.61
1	10:16:14.599	'66686155': datacenter connecting failed [6]
0	10:16:15.527	'66686155': login on ICMarketsSC-Demo06 through NVir_DC_D05 (ping: 234.17 ms)
0	10:16:17.610	'66686155': login datacenter on ICMarketsSC-Demo06 through NVir_DC_D05 (ping: 234.17 ms)
0	10:16:18.702	'66686155': previous successful authorization performed from 103.213.202.61
2	10:16:24.389	Expert HFX4 EURUSD,H1: removed
2	10:16:34.717	Expert HFX4 EURUSD,H1: removed
1	11:41:31.574	'66686155': datacenter connecting failed [6]
0	11:41:32.389	'66686155': login on ICMarketsSC-Demo06 through NVir_DC_D05 (ping: 234.17 ms)
0	11:41:34.559	'66686155': login datacenter on ICMarketsSC-Demo06 through NVir_DC_D05 (ping: 234.17 ms)
0	11:41:35.945	'66686155': previous successful authorization performed from 103.213.202.61
0	11:41:42.454	'66686155': auto connecting to a better access point LD_DC_D06 (ping is 219.92 ms)
0	11:41:43.306	'66686155': login on ICMarketsSC-Demo06 through LD_DC_D06 (ping: 219.92 ms)
0	11:41:45.337	'66686155': login datacenter on ICMarketsSC-Demo06 through LD_DC_D06 (ping: 219.92 ms)
0	11:41:47.076	'66686155': previous successful authorization performed from 103.213.202.61
1	11:59:26.380	'66686155': ping failed
1	11:59:26.380	'66686155': datacenter connecting failed [6]
1	11:59:27.035	'66686155': connect failed [No connection]
0	12:00:23.321	'66686155': login on ICMarketsSC-Demo06 through HK_DC_D06 (ping: n/a)
0	12:00:26.395	'66686155': login datacenter on ICMarketsSC-Demo06 through HK_DC_D06 (ping: n/a)
0	12:00:27.376	'66686155': previous successful authorization performed from 103.213.202.61
0	12:00:38.726	'66686155': ping to current access point HK_DC_D06 is 359.11 ms
0	12:08:22.727	'66686155': login on ICMarketsSC-Demo06 through HK_DC_D06 (ping: 359.11 ms)
0	12:08:24.945	'66686155': login datacenter on ICMarketsSC-Demo06 through HK_DC_D06 (ping: 359.11 ms)
0	12:08:25.840	'66686155': previous successful authorization performed from 103.213.202.61
1	12:39:11.562	'66686155': ping failed
0	12:39:15.456	'66686155': login on ICMarketsSC-Demo06 through LD_DC_D06 (ping: 225.30 ms)
0	12:39:17.391	'66686155': login datacenter on ICMarketsSC-Demo06 through LD_DC_D06 (ping: 225.30 ms)
0	12:39:18.295	'66686155': previous successful authorization performed from 103.213.202.61
0	12:44:08.188	IC Markets (SC) MT4 build 1420 stopped
0	15:03:02.259	IC Markets (SC) MT4 build 1420 started (Raw Trading Ltd)
0	15:03:02.259	Windows 10 Pro x64, UAC, 4 x Intel Core i5-5300U  @ 2.30GHz, Memory: 3543 / 8067 Mb, Disk: 5 / 53 Gb, GMT+5
0	15:03:02.259	Data Folder: C:\Users\shall\AppData\Roaming\MetaQuotes\Terminal\5D49F47D1EA1ECFC0DDC965B6D100AC5
0	15:03:06.103	'66686155': login on ICMarketsSC-Demo06 through LD_DC_D06 (ping: 225.30 ms)
0	15:03:08.165	'66686155': login datacenter on ICMarketsSC-Demo06 through LD_DC_D06 (ping: 225.30 ms)
0	15:03:09.082	'66686155': previous successful authorization performed from 103.213.202.61
0	15:03:15.927	'66686155': ping to current access point LD_DC_D06 is 226.00 ms
0	17:34:43.817	IC Markets (SC) MT4 build 1420 stopped
