0	11:25:16.243	IC Markets (SC) MT4 build 1420 started (Raw Trading Ltd)
0	11:25:16.243	Windows 10 Pro x64, UAC, 4 x Intel Core i5-5300U  @ 2.30GHz, Memory: 3671 / 8067 Mb, Disk: 2 / 53 Gb, GMT+5
0	11:25:16.243	Data Folder: C:\Users\shall\AppData\Roaming\MetaQuotes\Terminal\5D49F47D1EA1ECFC0DDC965B6D100AC5
0	11:25:21.236	'66686155': login on ICMarketsSC-Demo06 through LD_DC_D06 (ping: 220.83 ms)
0	11:25:23.395	'66686155': login datacenter on ICMarketsSC-Demo06 through LD_DC_D06 (ping: 220.83 ms)
0	11:25:24.369	'66686155': previous successful authorization performed from 103.213.202.61
0	11:25:31.120	'66686155': ping to current access point LD_DC_D06 is 224.06 ms
2	11:31:27.310	Expert Harmonix EURUSD,H1: loaded successfully
2	11:34:46.188	Expert Harmonix EURUSD,H1: removed
1	13:45:36.500	'66686155': ping failed
1	13:45:36.578	'66686155': ping failed
1	13:45:36.609	'66686155': datacenter connecting failed [6]
0	13:45:38.730	'66686155': login on ICMarketsSC-Demo06 through NVir_DC_D05 (ping: 236.73 ms)
0	13:45:41.439	'66686155': login datacenter on ICMarketsSC-Demo06 through NVir_DC_D05 (ping: 236.73 ms)
0	13:45:43.491	'66686155': previous successful authorization performed from 103.213.202.61
0	13:45:58.724	'66686155': ping to current access point NVir_DC_D05 is 234.39 ms
1	14:29:54.562	'66686155': ping failed
0	14:30:24.374	'66686155': login on ICMarketsSC-Demo06 through OH_DC_D06 (ping: 272.30 ms)
0	14:30:26.707	'66686155': login datacenter on ICMarketsSC-Demo06 through OH_DC_D06 (ping: 272.30 ms)
0	14:30:28.475	'66686155': previous successful authorization performed from 103.213.202.61
1	14:32:15.563	'66686155': connect failed [No connection]
0	14:33:23.422	'66686155': login on ICMarketsSC-Demo06 through OH_DC_D06 (ping: 272.30 ms)
0	14:33:25.797	'66686155': login datacenter on ICMarketsSC-Demo06 through OH_DC_D06 (ping: 272.30 ms)
0	14:33:27.229	'66686155': previous successful authorization performed from 103.213.202.61
1	17:01:15.197	'66686155': ping failed
1	17:01:15.244	'66686155': datacenter connecting failed [6]
1	17:01:15.635	'66686155': connect failed [No connection]
0	17:01:21.746	'66686155': login on ICMarketsSC-Demo06 through HK_DC_D06 (ping: n/a)
0	17:01:24.434	'66686155': login datacenter on ICMarketsSC-Demo06 through HK_DC_D06 (ping: n/a)
0	17:01:26.360	'66686155': previous successful authorization performed from 103.213.202.61
0	17:01:33.312	'66686155': auto connecting to a better access point FRK_DC_D06 (ping is 266.26 ms)
0	17:01:34.190	'66686155': login on ICMarketsSC-Demo06 through FRK_DC_D06 (ping: 266.26 ms)
0	17:01:36.282	'66686155': login datacenter on ICMarketsSC-Demo06 through FRK_DC_D06 (ping: 266.26 ms)
0	17:01:37.182	'66686155': previous successful authorization performed from 103.213.202.61
1	17:10:19.546	'66686155': ping failed
0	17:10:23.385	'66686155': login on ICMarketsSC-Demo06 through NVir_DC_D05 (ping: 233.44 ms)
0	17:10:25.303	'66686155': login datacenter on ICMarketsSC-Demo06 through NVir_DC_D05 (ping: 233.44 ms)
0	17:10:26.181	'66686155': previous successful authorization performed from 103.213.202.61
1	18:23:26.577	'66686155': ping failed
0	18:23:28.531	'66686155': login on ICMarketsSC-Demo06 through LD_DC_D06 (ping: 237.14 ms)
0	18:23:31.381	'66686155': login datacenter on ICMarketsSC-Demo06 through LD_DC_D06 (ping: 237.14 ms)
0	18:23:37.188	'66686155': previous successful authorization performed from 103.213.202.61
0	18:23:39.463	'66686155': auto connecting to a better access point FRK_DC_D06 (ping is 245.85 ms)
0	18:23:41.132	'66686155': login on ICMarketsSC-Demo06 through FRK_DC_D06 (ping: 245.85 ms)
0	18:23:44.126	'66686155': login datacenter on ICMarketsSC-Demo06 through FRK_DC_D06 (ping: 245.85 ms)
0	18:23:47.332	'66686155': previous successful authorization performed from 103.213.202.61
0	18:24:15.360	IC Markets (SC) MT4 build 1420 stopped
