1	00:19:00.562	'66686155': ping failed
1	10:26:08.530	'66686155': connect failed [No connection]
1	10:26:09.381	MQL5.community: authorization failed
0	10:26:14.568	'66686155': login on ICMarketsSC-Demo06 through HK_DC_D06 (ping: n/a)
0	10:26:17.206	'66686155': login datacenter on ICMarketsSC-Demo06 through HK_DC_D06 (ping: n/a)
0	10:26:18.319	'66686155': previous successful authorization performed from 49.37.147.99
0	10:26:24.859	'66686155': auto connecting to a better access point LD_DC_D06 (ping is 218.55 ms)
0	10:26:25.547	'66686155': login on ICMarketsSC-Demo06 through LD_DC_D06 (ping: 218.55 ms)
0	10:26:27.824	'66686155': login datacenter on ICMarketsSC-Demo06 through LD_DC_D06 (ping: 218.55 ms)
0	10:26:28.855	'66686155': previous successful authorization performed from 103.213.202.61
0	13:05:39.865	'66686155': order #250271924 sell 0.10 EURUSD at 1.07036 closed due take-profit at price 1.07036
0	13:05:43.271	'66686155': order #250271928 sell 0.10 EURUSD at 1.07036 closed due take-profit at price 1.07036
0	13:05:54.320	'66686155': order #250271935 sell 0.10 EURUSD at 1.07036 closed due take-profit at price 1.07036
0	13:05:55.529	'66686155': order #250271936 sell 0.10 EURUSD at 1.07036 closed due take-profit at price 1.07036
0	13:06:18.590	'66686155': order #250271970 sell 0.10 EURUSD at 1.07037 closed due take-profit at price 1.07036
0	13:06:20.157	'66686155': order #250271972 sell 0.10 EURUSD at 1.07036 closed due take-profit at price 1.07036
0	13:06:23.515	'66686155': order #250271973 sell 0.10 EURUSD at 1.07037 closed due take-profit at price 1.07036
0	13:06:26.113	'66686155': order #250271974 sell 0.10 EURUSD at 1.07036 closed due take-profit at price 1.07036
0	13:06:50.717	'66686155': order #250271978 sell 0.10 EURUSD at 1.07037 closed due take-profit at price 1.07036
0	13:07:01.313	'66686155': order #250271986 sell 0.10 EURUSD at 1.07036 closed due take-profit at price 1.07036
0	13:07:05.885	'66686155': order #250271998 sell 0.10 EURUSD at 1.07036 closed due take-profit at price 1.07036
0	13:07:07.456	'66686155': order #250272008 sell 0.10 EURUSD at 1.07036 closed due take-profit at price 1.07036
1	14:23:31.562	'66686155': ping failed
0	14:23:33.527	'66686155': login on ICMarketsSC-Demo06 through NVir_DC_D05 (ping: 230.91 ms)
0	14:23:36.596	'66686155': login datacenter on ICMarketsSC-Demo06 through NVir_DC_D05 (ping: 230.91 ms)
0	14:23:38.137	'66686155': previous successful authorization performed from 103.213.202.61
0	14:23:44.565	'66686155': auto connecting to a better access point LD_DC_D06 (ping is 228.47 ms)
0	14:23:45.515	'66686155': login on ICMarketsSC-Demo06 through LD_DC_D06 (ping: 228.47 ms)
0	14:23:47.798	'66686155': login datacenter on ICMarketsSC-Demo06 through LD_DC_D06 (ping: 228.47 ms)
0	14:23:48.781	'66686155': previous successful authorization performed from 103.213.202.61
2	14:59:38.756	Custom indicator ATR EURUSD,H1: removed
2	14:59:38.756	Custom indicator Stochastic EURUSD,H1: removed
2	14:59:38.772	Expert StochR AUDCHF,H1: removed
0	14:59:39.553	IC Markets (SC) MT4 build 1420 stopped
