0	10:41:46.040	Custom indicator Zillerman’s Gann EURUSD,H1: loaded successfully
0	10:41:50.653	Zillerman’s Gann EURUSD,H1: initialized
0	10:41:50.653	Zillerman’s Gann EURUSD,H1: Error creating object: GannBox0
0	10:41:50.653	Zillerman’s Gann EURUSD,H1: Error creating object: GannLabel0
0	10:41:50.653	Zillerman’s Gann EURUSD,H1: Error creating object: GannBox1
0	10:41:50.653	Zillerman’s Gann EURUSD,H1: Error creating object: GannLabel1
0	10:41:50.653	Zillerman’s Gann EURUSD,H1: Error creating object: GannBox2
0	10:41:50.653	Zillerman’s Gann EURUSD,H1: Error creating object: GannLabel2
0	10:41:50.653	Zillerman’s Gann EURUSD,H1: Error creating object: GannBox3
0	10:41:50.653	Zillerman’s Gann EURUSD,H1: Error creating object: GannLabel3
0	10:41:50.653	Zillerman’s Gann EURUSD,H1: Error creating object: GannBox4
0	10:41:50.653	Zillerman’s Gann EURUSD,H1: Error creating object: GannLabel4
0	10:41:50.653	Zillerman’s Gann EURUSD,H1: Error creating object: GannBox5
0	10:41:50.653	Zillerman’s Gann EURUSD,H1: Error creating object: GannLabel5
0	10:41:54.883	Zillerman’s Gann EURUSD,H1: Error creating object: GannBox0
0	10:41:54.883	Zillerman’s Gann EURUSD,H1: Error creating object: GannLabel0
0	10:41:54.883	Zillerman’s Gann EURUSD,H1: Error creating object: GannBox1
0	10:41:54.883	Zillerman’s Gann EURUSD,H1: Error creating object: GannLabel1
0	10:41:54.883	Zillerman’s Gann EURUSD,H1: Error creating object: GannBox2
0	10:41:54.883	Zillerman’s Gann EURUSD,H1: Error creating object: GannLabel2
0	10:41:54.883	Zillerman’s Gann EURUSD,H1: Error creating object: GannBox3
0	10:41:54.883	Zillerman’s Gann EURUSD,H1: Error creating object: GannLabel3
0	10:41:54.883	Zillerman’s Gann EURUSD,H1: Error creating object: GannBox4
0	10:41:54.883	Zillerman’s Gann EURUSD,H1: Error creating object: GannLabel4
0	10:41:54.883	Zillerman’s Gann EURUSD,H1: Error creating object: GannBox5
0	10:41:54.883	Zillerman’s Gann EURUSD,H1: Error creating object: GannLabel5
0	10:41:54.883	Zillerman’s Gann EURUSD,H1: Error creating object: GannBox0
0	10:41:54.883	Zillerman’s Gann EURUSD,H1: Error creating object: GannLabel0
0	10:41:54.883	Zillerman’s Gann EURUSD,H1: Error creating object: GannBox1
0	10:41:54.883	Zillerman’s Gann EURUSD,H1: Error creating object: GannLabel1
0	10:41:54.883	Zillerman’s Gann EURUSD,H1: Error creating object: GannBox2
0	10:41:54.883	Zillerman’s Gann EURUSD,H1: Error creating object: GannLabel2
0	10:41:54.883	Zillerman’s Gann EURUSD,H1: Error creating object: GannBox3
0	10:41:54.883	Zillerman’s Gann EURUSD,H1: Error creating object: GannLabel3
0	10:41:54.883	Zillerman’s Gann EURUSD,H1: Error creating object: GannBox4
0	10:41:54.883	Zillerman’s Gann EURUSD,H1: Error creating object: GannLabel4
0	10:41:54.883	Zillerman’s Gann EURUSD,H1: Error creating object: GannBox5
0	10:41:54.883	Zillerman’s Gann EURUSD,H1: Error creating object: GannLabel5
0	10:41:56.469	Zillerman’s Gann EURUSD,H1: Error creating object: GannBox0
0	10:41:56.469	Zillerman’s Gann EURUSD,H1: Error creating object: GannLabel0
0	10:41:56.469	Zillerman’s Gann EURUSD,H1: Error creating object: GannBox1
0	10:41:56.469	Zillerman’s Gann EURUSD,H1: Error creating object: GannLabel1
0	10:41:56.469	Zillerman’s Gann EURUSD,H1: Error creating object: GannBox2
0	10:41:56.469	Zillerman’s Gann EURUSD,H1: Error creating object: GannLabel2
0	10:41:56.469	Zillerman’s Gann EURUSD,H1: Error creating object: GannBox3
0	10:41:56.469	Zillerman’s Gann EURUSD,H1: Error creating object: GannLabel3
0	10:41:56.469	Zillerman’s Gann EURUSD,H1: Error creating object: GannBox4
0	10:41:56.469	Zillerman’s Gann EURUSD,H1: Error creating object: GannLabel4
0	10:41:56.469	Zillerman’s Gann EURUSD,H1: Error creating object: GannBox5
0	10:41:56.469	Zillerman’s Gann EURUSD,H1: Error creating object: GannLabel5
0	10:41:56.885	Zillerman’s Gann EURUSD,H1: Error creating object: GannBox0
0	10:41:56.885	Zillerman’s Gann EURUSD,H1: Error creating object: GannLabel0
0	10:41:56.885	Zillerman’s Gann EURUSD,H1: Error creating object: GannBox1
0	10:41:56.885	Zillerman’s Gann EURUSD,H1: Error creating object: GannLabel1
0	10:41:56.885	Zillerman’s Gann EURUSD,H1: Error creating object: GannBox2
0	10:41:56.885	Zillerman’s Gann EURUSD,H1: Error creating object: GannLabel2
0	10:41:56.885	Zillerman’s Gann EURUSD,H1: Error creating object: GannBox3
0	10:41:56.885	Zillerman’s Gann EURUSD,H1: Error creating object: GannLabel3
0	10:41:56.885	Zillerman’s Gann EURUSD,H1: Error creating object: GannBox4
0	10:41:56.885	Zillerman’s Gann EURUSD,H1: Error creating object: GannLabel4
0	10:41:56.885	Zillerman’s Gann EURUSD,H1: Error creating object: GannBox5
0	10:41:56.885	Zillerman’s Gann EURUSD,H1: Error creating object: GannLabel5
0	10:41:59.171	Zillerman’s Gann EURUSD,H1: Error creating object: GannBox0
0	10:41:59.171	Zillerman’s Gann EURUSD,H1: Error creating object: GannLabel0
0	10:41:59.171	Zillerman’s Gann EURUSD,H1: Error creating object: GannBox1
0	10:41:59.171	Zillerman’s Gann EURUSD,H1: Error creating object: GannLabel1
0	10:41:59.171	Zillerman’s Gann EURUSD,H1: Error creating object: GannBox2
0	10:41:59.171	Zillerman’s Gann EURUSD,H1: Error creating object: GannLabel2
0	10:41:59.171	Zillerman’s Gann EURUSD,H1: Error creating object: GannBox3
0	10:41:59.171	Zillerman’s Gann EURUSD,H1: Error creating object: GannLabel3
0	10:41:59.171	Zillerman’s Gann EURUSD,H1: Error creating object: GannBox4
0	10:41:59.171	Zillerman’s Gann EURUSD,H1: Error creating object: GannLabel4
0	10:41:59.171	Zillerman’s Gann EURUSD,H1: Error creating object: GannBox5
0	10:41:59.171	Zillerman’s Gann EURUSD,H1: Error creating object: GannLabel5
0	10:42:03.769	Zillerman’s Gann EURUSD,H1: Error creating object: GannBox0
0	10:42:03.769	Zillerman’s Gann EURUSD,H1: Error creating object: GannLabel0
0	10:42:03.769	Zillerman’s Gann EURUSD,H1: Error creating object: GannBox1
0	10:42:03.769	Zillerman’s Gann EURUSD,H1: Error creating object: GannLabel1
0	10:42:03.769	Zillerman’s Gann EURUSD,H1: Error creating object: GannBox2
0	10:42:03.769	Zillerman’s Gann EURUSD,H1: Error creating object: GannLabel2
0	10:42:03.769	Zillerman’s Gann EURUSD,H1: Error creating object: GannBox3
0	10:42:03.769	Zillerman’s Gann EURUSD,H1: Error creating object: GannLabel3
0	10:42:03.769	Zillerman’s Gann EURUSD,H1: Error creating object: GannBox4
0	10:42:03.769	Zillerman’s Gann EURUSD,H1: Error creating object: GannLabel4
0	10:42:03.769	Zillerman’s Gann EURUSD,H1: Error creating object: GannBox5
0	10:42:03.769	Zillerman’s Gann EURUSD,H1: Error creating object: GannLabel5
0	10:42:04.384	Zillerman’s Gann EURUSD,H1: Error creating object: GannBox0
0	10:42:04.384	Zillerman’s Gann EURUSD,H1: Error creating object: GannLabel0
0	10:42:04.384	Zillerman’s Gann EURUSD,H1: Error creating object: GannBox1
0	10:42:04.384	Zillerman’s Gann EURUSD,H1: Error creating object: GannLabel1
0	10:42:04.384	Zillerman’s Gann EURUSD,H1: Error creating object: GannBox2
0	10:42:04.384	Zillerman’s Gann EURUSD,H1: Error creating object: GannLabel2
0	10:42:04.384	Zillerman’s Gann EURUSD,H1: Error creating object: GannBox3
0	10:42:04.384	Zillerman’s Gann EURUSD,H1: Error creating object: GannLabel3
0	10:42:04.384	Zillerman’s Gann EURUSD,H1: Error creating object: GannBox4
0	10:42:04.384	Zillerman’s Gann EURUSD,H1: Error creating object: GannLabel4
0	10:42:04.384	Zillerman’s Gann EURUSD,H1: Error creating object: GannBox5
0	10:42:04.384	Zillerman’s Gann EURUSD,H1: Error creating object: GannLabel5
0	10:42:04.569	Zillerman’s Gann EURUSD,H1: Error creating object: GannBox0
0	10:42:04.569	Zillerman’s Gann EURUSD,H1: Error creating object: GannLabel0
0	10:42:04.569	Zillerman’s Gann EURUSD,H1: Error creating object: GannBox1
0	10:42:04.569	Zillerman’s Gann EURUSD,H1: Error creating object: GannLabel1
0	10:42:04.569	Zillerman’s Gann EURUSD,H1: Error creating object: GannBox2
0	10:42:04.569	Zillerman’s Gann EURUSD,H1: Error creating object: GannLabel2
0	10:42:04.569	Zillerman’s Gann EURUSD,H1: Error creating object: GannBox3
0	10:42:04.569	Zillerman’s Gann EURUSD,H1: Error creating object: GannLabel3
0	10:42:04.569	Zillerman’s Gann EURUSD,H1: Error creating object: GannBox4
0	10:42:04.569	Zillerman’s Gann EURUSD,H1: Error creating object: GannLabel4
0	10:42:04.569	Zillerman’s Gann EURUSD,H1: Error creating object: GannBox5
0	10:42:04.569	Zillerman’s Gann EURUSD,H1: Error creating object: GannLabel5
0	10:42:04.976	Zillerman’s Gann EURUSD,H1: Error creating object: GannBox0
0	10:42:04.976	Zillerman’s Gann EURUSD,H1: Error creating object: GannLabel0
0	10:42:04.976	Zillerman’s Gann EURUSD,H1: Error creating object: GannBox1
0	10:42:04.976	Zillerman’s Gann EURUSD,H1: Error creating object: GannLabel1
0	10:42:04.976	Zillerman’s Gann EURUSD,H1: Error creating object: GannBox2
0	10:42:04.976	Zillerman’s Gann EURUSD,H1: Error creating object: GannLabel2
0	10:42:04.976	Zillerman’s Gann EURUSD,H1: Error creating object: GannBox3
0	10:42:04.976	Zillerman’s Gann EURUSD,H1: Error creating object: GannLabel3
0	10:42:04.976	Zillerman’s Gann EURUSD,H1: Error creating object: GannBox4
0	10:42:04.976	Zillerman’s Gann EURUSD,H1: Error creating object: GannLabel4
0	10:42:04.976	Zillerman’s Gann EURUSD,H1: Error creating object: GannBox5
0	10:42:04.976	Zillerman’s Gann EURUSD,H1: Error creating object: GannLabel5
0	10:42:06.391	Zillerman’s Gann EURUSD,H1: Error creating object: GannBox0
0	10:42:06.391	Zillerman’s Gann EURUSD,H1: Error creating object: GannLabel0
0	10:42:06.391	Zillerman’s Gann EURUSD,H1: Error creating object: GannBox1
0	10:42:06.391	Zillerman’s Gann EURUSD,H1: Error creating object: GannLabel1
0	10:42:06.391	Zillerman’s Gann EURUSD,H1: Error creating object: GannBox2
0	10:42:06.391	Zillerman’s Gann EURUSD,H1: Error creating object: GannLabel2
0	10:42:06.391	Zillerman’s Gann EURUSD,H1: Error creating object: GannBox3
0	10:42:06.391	Zillerman’s Gann EURUSD,H1: Error creating object: GannLabel3
0	10:42:06.391	Zillerman’s Gann EURUSD,H1: Error creating object: GannBox4
0	10:42:06.391	Zillerman’s Gann EURUSD,H1: Error creating object: GannLabel4
0	10:42:06.391	Zillerman’s Gann EURUSD,H1: Error creating object: GannBox5
0	10:42:06.391	Zillerman’s Gann EURUSD,H1: Error creating object: GannLabel5
0	10:42:06.987	Zillerman’s Gann EURUSD,H1: Error creating object: GannBox0
0	10:42:06.987	Zillerman’s Gann EURUSD,H1: Error creating object: GannLabel0
0	10:42:06.987	Zillerman’s Gann EURUSD,H1: Error creating object: GannBox1
0	10:42:06.987	Zillerman’s Gann EURUSD,H1: Error creating object: GannLabel1
0	10:42:06.987	Zillerman’s Gann EURUSD,H1: Error creating object: GannBox2
0	10:42:06.987	Zillerman’s Gann EURUSD,H1: Error creating object: GannLabel2
0	10:42:06.987	Zillerman’s Gann EURUSD,H1: Error creating object: GannBox3
0	10:42:06.987	Zillerman’s Gann EURUSD,H1: Error creating object: GannLabel3
0	10:42:06.987	Zillerman’s Gann EURUSD,H1: Error creating object: GannBox4
0	10:42:06.987	Zillerman’s Gann EURUSD,H1: Error creating object: GannLabel4
0	10:42:06.987	Zillerman’s Gann EURUSD,H1: Error creating object: GannBox5
0	10:42:06.987	Zillerman’s Gann EURUSD,H1: Error creating object: GannLabel5
0	10:42:07.275	Zillerman’s Gann EURUSD,H1: Error creating object: GannBox0
0	10:42:07.275	Zillerman’s Gann EURUSD,H1: Error creating object: GannLabel0
0	10:42:07.275	Zillerman’s Gann EURUSD,H1: Error creating object: GannBox1
0	10:42:07.275	Zillerman’s Gann EURUSD,H1: Error creating object: GannLabel1
0	10:42:07.275	Zillerman’s Gann EURUSD,H1: Error creating object: GannBox2
0	10:42:07.275	Zillerman’s Gann EURUSD,H1: Error creating object: GannLabel2
0	10:42:07.275	Zillerman’s Gann EURUSD,H1: Error creating object: GannBox3
0	10:42:07.275	Zillerman’s Gann EURUSD,H1: Error creating object: GannLabel3
0	10:42:07.275	Zillerman’s Gann EURUSD,H1: Error creating object: GannBox4
0	10:42:07.275	Zillerman’s Gann EURUSD,H1: Error creating object: GannLabel4
0	10:42:07.275	Zillerman’s Gann EURUSD,H1: Error creating object: GannBox5
0	10:42:07.275	Zillerman’s Gann EURUSD,H1: Error creating object: GannLabel5
0	10:42:07.401	Zillerman’s Gann EURUSD,H1: Error creating object: GannBox0
0	10:42:07.401	Zillerman’s Gann EURUSD,H1: Error creating object: GannLabel0
0	10:42:07.401	Zillerman’s Gann EURUSD,H1: Error creating object: GannBox1
0	10:42:07.401	Zillerman’s Gann EURUSD,H1: Error creating object: GannLabel1
0	10:42:07.401	Zillerman’s Gann EURUSD,H1: Error creating object: GannBox2
0	10:42:07.401	Zillerman’s Gann EURUSD,H1: Error creating object: GannLabel2
0	10:42:07.401	Zillerman’s Gann EURUSD,H1: Error creating object: GannBox3
0	10:42:07.401	Zillerman’s Gann EURUSD,H1: Error creating object: GannLabel3
0	10:42:07.401	Zillerman’s Gann EURUSD,H1: Error creating object: GannBox4
0	10:42:07.401	Zillerman’s Gann EURUSD,H1: Error creating object: GannLabel4
0	10:42:07.401	Zillerman’s Gann EURUSD,H1: Error creating object: GannBox5
0	10:42:07.401	Zillerman’s Gann EURUSD,H1: Error creating object: GannLabel5
0	10:42:07.992	Zillerman’s Gann EURUSD,H1: Error creating object: GannBox0
0	10:42:07.992	Zillerman’s Gann EURUSD,H1: Error creating object: GannLabel0
0	10:42:07.992	Zillerman’s Gann EURUSD,H1: Error creating object: GannBox1
0	10:42:07.992	Zillerman’s Gann EURUSD,H1: Error creating object: GannLabel1
0	10:42:07.992	Zillerman’s Gann EURUSD,H1: Error creating object: GannBox2
0	10:42:07.992	Zillerman’s Gann EURUSD,H1: Error creating object: GannLabel2
0	10:42:07.992	Zillerman’s Gann EURUSD,H1: Error creating object: GannBox3
0	10:42:07.992	Zillerman’s Gann EURUSD,H1: Error creating object: GannLabel3
0	10:42:07.992	Zillerman’s Gann EURUSD,H1: Error creating object: GannBox4
0	10:42:07.992	Zillerman’s Gann EURUSD,H1: Error creating object: GannLabel4
0	10:42:07.992	Zillerman’s Gann EURUSD,H1: Error creating object: GannBox5
0	10:42:07.992	Zillerman’s Gann EURUSD,H1: Error creating object: GannLabel5
0	10:42:08.405	Zillerman’s Gann EURUSD,H1: Error creating object: GannBox0
0	10:42:08.405	Zillerman’s Gann EURUSD,H1: Error creating object: GannLabel0
0	10:42:08.405	Zillerman’s Gann EURUSD,H1: Error creating object: GannBox1
0	10:42:08.405	Zillerman’s Gann EURUSD,H1: Error creating object: GannLabel1
0	10:42:08.405	Zillerman’s Gann EURUSD,H1: Error creating object: GannBox2
0	10:42:08.405	Zillerman’s Gann EURUSD,H1: Error creating object: GannLabel2
0	10:42:08.405	Zillerman’s Gann EURUSD,H1: Error creating object: GannBox3
0	10:42:08.405	Zillerman’s Gann EURUSD,H1: Error creating object: GannLabel3
0	10:42:08.405	Zillerman’s Gann EURUSD,H1: Error creating object: GannBox4
0	10:42:08.405	Zillerman’s Gann EURUSD,H1: Error creating object: GannLabel4
0	10:42:08.405	Zillerman’s Gann EURUSD,H1: Error creating object: GannBox5
0	10:42:08.405	Zillerman’s Gann EURUSD,H1: Error creating object: GannLabel5
0	10:42:10.568	Zillerman’s Gann EURUSD,H1: Error creating object: GannBox0
0	10:42:10.568	Zillerman’s Gann EURUSD,H1: Error creating object: GannLabel0
0	10:42:10.568	Zillerman’s Gann EURUSD,H1: Error creating object: GannBox1
0	10:42:10.568	Zillerman’s Gann EURUSD,H1: Error creating object: GannLabel1
0	10:42:10.568	Zillerman’s Gann EURUSD,H1: Error creating object: GannBox2
0	10:42:10.568	Zillerman’s Gann EURUSD,H1: Error creating object: GannLabel2
0	10:42:10.568	Zillerman’s Gann EURUSD,H1: Error creating object: GannBox3
0	10:42:10.568	Zillerman’s Gann EURUSD,H1: Error creating object: GannLabel3
0	10:42:10.568	Zillerman’s Gann EURUSD,H1: Error creating object: GannBox4
0	10:42:10.568	Zillerman’s Gann EURUSD,H1: Error creating object: GannLabel4
0	10:42:10.568	Zillerman’s Gann EURUSD,H1: Error creating object: GannBox5
0	10:42:10.568	Zillerman’s Gann EURUSD,H1: Error creating object: GannLabel5
0	10:42:11.575	Zillerman’s Gann EURUSD,H1: Error creating object: GannBox0
0	10:42:11.575	Zillerman’s Gann EURUSD,H1: Error creating object: GannLabel0
0	10:42:11.575	Zillerman’s Gann EURUSD,H1: Error creating object: GannBox1
0	10:42:11.575	Zillerman’s Gann EURUSD,H1: Error creating object: GannLabel1
0	10:42:11.575	Zillerman’s Gann EURUSD,H1: Error creating object: GannBox2
0	10:42:11.575	Zillerman’s Gann EURUSD,H1: Error creating object: GannLabel2
0	10:42:11.575	Zillerman’s Gann EURUSD,H1: Error creating object: GannBox3
0	10:42:11.575	Zillerman’s Gann EURUSD,H1: Error creating object: GannLabel3
0	10:42:11.575	Zillerman’s Gann EURUSD,H1: Error creating object: GannBox4
0	10:42:11.575	Zillerman’s Gann EURUSD,H1: Error creating object: GannLabel4
0	10:42:11.575	Zillerman’s Gann EURUSD,H1: Error creating object: GannBox5
0	10:42:11.575	Zillerman’s Gann EURUSD,H1: Error creating object: GannLabel5
0	10:42:12.639	Zillerman’s Gann EURUSD,H1: uninit reason 4
0	10:42:12.655	Custom indicator Zillerman’s Gann EURUSD,H1: removed
0	14:26:07.420	Custom indicator LevelAlerts EURUSD,H1: loaded successfully
0	14:26:14.731	LevelAlerts EURUSD,H1: initialized
0	14:27:11.112	LevelAlerts EURUSD,H1: uninit reason 1
0	14:27:11.115	Custom indicator LevelAlerts EURUSD,H1: removed
0	14:27:20.918	Custom indicator LevelAlerts EURUSD,H1: loaded successfully
0	14:27:26.509	LevelAlerts EURUSD,H1: initialized
0	14:30:20.338	LevelAlerts EURUSD,H1: uninit reason 2
0	14:30:20.338	Custom indicator LevelAlerts EURUSD,H1: removed
0	14:30:20.353	Custom indicator LevelAlerts EURUSD,H1: loaded successfully
0	14:30:20.369	LevelAlerts EURUSD,H1: initialized
0	14:30:42.539	LevelAlerts EURUSD,H1: uninit reason 4
0	14:30:42.543	Custom indicator LevelAlerts EURUSD,H1: removed
0	14:30:55.060	Custom indicator LevelAlerts EURUSD,H1: loaded successfully
0	14:31:00.962	LevelAlerts EURUSD,H1: initialized
0	14:32:33.529	LevelAlerts EURUSD,H1: uninit reason 5
0	14:32:33.546	LevelAlerts EURUSD,H1: initialized
0	14:33:08.650	LevelAlerts EURUSD,H1: uninit reason 2
0	14:33:08.650	Custom indicator LevelAlerts EURUSD,H1: removed
0	14:33:08.666	Custom indicator LevelAlerts EURUSD,H1: loaded successfully
0	14:33:08.681	LevelAlerts EURUSD,H1: initialized
0	14:33:24.260	LevelAlerts EURUSD,H1: uninit reason 2
0	14:33:24.260	Custom indicator LevelAlerts EURUSD,H1: removed
0	14:33:24.275	Custom indicator LevelAlerts EURUSD,H1: loaded successfully
0	14:33:24.291	LevelAlerts EURUSD,H1: initialized
0	14:33:52.867	LevelAlerts EURUSD,H1: Alert Line already exists.
0	14:38:20.004	LevelAlerts EURUSD,H1: uninit reason 2
0	14:38:20.004	Custom indicator LevelAlerts EURUSD,H1: removed
0	14:38:20.019	Custom indicator LevelAlerts EURUSD,H1: loaded successfully
0	14:38:20.051	LevelAlerts EURUSD,H1: initialized
0	14:38:36.354	LevelAlerts EURUSD,H1: uninit reason 2
0	14:38:36.354	Custom indicator LevelAlerts EURUSD,H1: removed
0	14:38:36.369	Custom indicator LevelAlerts EURUSD,H1: loaded successfully
0	14:38:36.385	LevelAlerts EURUSD,H1: initialized
0	14:41:10.434	LevelAlerts EURUSD,H1: Alert Line already exists.
0	14:42:37.575	LevelAlerts EURUSD,H1: uninit reason 2
0	14:42:37.590	Custom indicator LevelAlerts EURUSD,H1: removed
0	14:42:37.598	Custom indicator LevelAlerts EURUSD,H1: loaded successfully
0	14:42:37.614	LevelAlerts EURUSD,H1: initialized
0	14:42:48.771	LevelAlerts EURUSD,H1: uninit reason 4
0	14:42:48.777	Custom indicator LevelAlerts EURUSD,H1: removed
0	14:43:03.200	Custom indicator LevelAlerts EURUSD,H1: loaded successfully
0	14:43:07.433	LevelAlerts EURUSD,H1: initialized
0	14:43:09.493	LevelAlerts EURUSD,H1: Alert Line created at price: 1.11422
0	14:43:13.480	LevelAlerts EURUSD,H1: Price has crossed your alert level: 1.11422
0	14:43:15.278	LevelAlerts EURUSD,H1: Price has crossed your alert level: 1.11422
0	14:43:20.361	LevelAlerts EURUSD,H1: Price has crossed your alert level: 1.11422
0	14:43:30.373	LevelAlerts EURUSD,H1: Price has crossed your alert level: 1.11422
0	14:45:00.096	LevelAlerts EURUSD,H1: Price has crossed your alert level: 1.11422
0	14:45:00.514	LevelAlerts EURUSD,H1: Price has crossed your alert level: 1.11422
0	14:46:12.401	LevelAlerts EURUSD,H1: Alert Line already exists.
0	14:46:59.255	LevelAlerts EURUSD,H1: uninit reason 2
0	14:46:59.255	Custom indicator LevelAlerts EURUSD,H1: removed
0	14:46:59.271	Custom indicator LevelAlerts EURUSD,H1: loaded successfully
0	14:46:59.287	LevelAlerts EURUSD,H1: initialized
0	14:47:18.451	LevelAlerts EURUSD,H1: uninit reason 4
0	14:47:18.455	Custom indicator LevelAlerts EURUSD,H1: removed
0	14:47:26.530	Custom indicator LevelAlerts EURUSD,H1: loaded successfully
0	14:47:30.191	LevelAlerts EURUSD,H1: initialized
0	14:47:33.003	LevelAlerts EURUSD,H1: Alert Line created at price: 1.11452
0	14:47:33.942	LevelAlerts EURUSD,H1: Alert: Price has crossed your alert level: 1.11452
0	14:47:33.942	LevelAlerts EURUSD,H1: Price has crossed your alert level: 1.11452
0	14:48:19.831	LevelAlerts EURUSD,H1: uninit reason 2
0	14:48:19.831	Custom indicator LevelAlerts EURUSD,H1: removed
0	14:48:19.846	Custom indicator LevelAlerts EURUSD,H1: loaded successfully
0	14:48:19.878	LevelAlerts EURUSD,H1: initialized
0	14:48:39.881	Custom indicator LevelAlerts EURUSD,H1: loaded successfully
0	14:48:45.047	Custom indicator LevelAlerts EURUSD,H1: removed
0	14:48:47.318	LevelAlerts EURUSD,H1: uninit reason 4
0	14:48:47.322	Custom indicator LevelAlerts EURUSD,H1: removed
0	14:48:56.222	Custom indicator LevelAlerts EURUSD,H1: loaded successfully
0	14:49:04.663	LevelAlerts EURUSD,H1: initialized
0	14:49:08.400	LevelAlerts EURUSD,H1: Alert Line created at price: 1.11428
0	14:49:08.422	LevelAlerts EURUSD,H1: Alert Line already exists.
0	14:49:12.752	LevelAlerts EURUSD,H1: Alert: Price has crossed your alert level: 1.11428
0	14:49:12.752	LevelAlerts EURUSD,H1: Price has crossed your alert level: 1.11428
0	14:49:40.386	LevelAlerts EURUSD,H1: uninit reason 2
0	14:49:40.386	Custom indicator LevelAlerts EURUSD,H1: removed
0	14:49:40.402	Custom indicator LevelAlerts EURUSD,H1: loaded successfully
0	14:49:40.418	LevelAlerts EURUSD,H1: initialized
0	14:50:59.214	LevelAlerts EURUSD,H1: uninit reason 2
0	14:50:59.230	Custom indicator LevelAlerts EURUSD,H1: removed
0	14:50:59.246	Custom indicator LevelAlerts EURUSD,H1: loaded successfully
0	14:50:59.261	LevelAlerts EURUSD,H1: initialized
0	15:00:02.295	LevelAlerts EURUSD,H1: Alert Line created at price: 1.11435
0	15:00:02.311	LevelAlerts EURUSD,H1: Alert: Price has crossed your alert level: 1.11435
0	15:00:02.311	LevelAlerts EURUSD,H1: Price has crossed your alert level: 1.11435
0	15:00:13.372	LevelAlerts EURUSD,H1: uninit reason 1
0	15:00:13.374	Custom indicator LevelAlerts EURUSD,H1: removed
0	15:09:11.765	Custom indicator LevelAlerts EURUSD,H1: loaded successfully
0	15:09:14.390	LevelAlerts EURUSD,H1: initialized
0	15:09:35.390	LevelAlerts EURUSD,H1: Alert Line created at price: 1.11434
0	15:09:37.073	LevelAlerts EURUSD,H1: Alert: Price has crossed your alert level: 1.11434
0	15:09:37.073	LevelAlerts EURUSD,H1: Price has crossed your alert level: 1.11434
0	15:09:37.483	LevelAlerts EURUSD,H1: Alert: Price has crossed your alert level: 1.11434
0	15:09:37.483	LevelAlerts EURUSD,H1: Price has crossed your alert level: 1.11434
0	15:09:38.218	LevelAlerts EURUSD,H1: Alert: Price has crossed your alert level: 1.11434
0	15:09:38.218	LevelAlerts EURUSD,H1: Price has crossed your alert level: 1.11434
0	15:09:39.943	LevelAlerts EURUSD,H1: Alert: Price has crossed your alert level: 1.11434
0	15:09:39.943	LevelAlerts EURUSD,H1: Price has crossed your alert level: 1.11434
0	15:09:40.728	LevelAlerts EURUSD,H1: Alert: Price has crossed your alert level: 1.11434
0	15:09:40.728	LevelAlerts EURUSD,H1: Price has crossed your alert level: 1.11434
0	15:09:45.507	LevelAlerts EURUSD,H1: Alert: Price has crossed your alert level: 1.11434
0	15:09:45.507	LevelAlerts EURUSD,H1: Price has crossed your alert level: 1.11434
0	15:09:45.907	LevelAlerts EURUSD,H1: Alert: Price has crossed your alert level: 1.11434
0	15:09:45.907	LevelAlerts EURUSD,H1: Price has crossed your alert level: 1.11434
0	15:09:47.485	LevelAlerts EURUSD,H1: Alert: Price has crossed your alert level: 1.11434
0	15:09:47.485	LevelAlerts EURUSD,H1: Price has crossed your alert level: 1.11434
0	15:10:06.692	LevelAlerts EURUSD,H1: Alert: Price has crossed your alert level: 1.11434
0	15:10:06.692	LevelAlerts EURUSD,H1: Price has crossed your alert level: 1.11434
0	15:10:07.305	LevelAlerts EURUSD,H1: Alert: Price has crossed your alert level: 1.11434
0	15:10:07.305	LevelAlerts EURUSD,H1: Price has crossed your alert level: 1.11434
0	15:11:20.531	LevelAlerts EURUSD,H1: uninit reason 5
0	15:11:20.548	LevelAlerts EURUSD,H1: initialized
0	15:12:34.070	LevelAlerts EURUSD,H1: uninit reason 4
0	15:12:34.097	Custom indicator LevelAlerts EURUSD,H1: removed
0	15:15:50.921	Custom indicator LevelAlerts EURUSD,H1: loaded successfully
0	15:16:00.222	LevelAlerts EURUSD,H1: initialized
0	15:16:02.317	LevelAlerts EURUSD,H1: Alert Line created at price: 1.11401
0	15:16:02.693	LevelAlerts EURUSD,H1: Alert: Price has crossed below your alert level: 1.11401
0	15:16:02.693	LevelAlerts EURUSD,H1: Price has crossed below your alert level: 1.11401
0	15:16:06.330	LevelAlerts EURUSD,H1: Alert: Price has crossed above your alert level: 1.11401
0	15:16:06.330	LevelAlerts EURUSD,H1: Price has crossed above your alert level: 1.11401
0	15:16:18.082	LevelAlerts EURUSD,H1: Alert: Price has crossed below your alert level: 1.11401
0	15:16:18.082	LevelAlerts EURUSD,H1: Price has crossed below your alert level: 1.11401
0	15:16:18.673	LevelAlerts EURUSD,H1: Alert: Price has crossed above your alert level: 1.11401
0	15:16:18.673	LevelAlerts EURUSD,H1: Price has crossed above your alert level: 1.11401
0	15:16:20.094	LevelAlerts EURUSD,H1: Alert: Price has crossed below your alert level: 1.11401
0	15:16:20.094	LevelAlerts EURUSD,H1: Price has crossed below your alert level: 1.11401
0	15:16:20.495	LevelAlerts EURUSD,H1: Alert: Price has crossed above your alert level: 1.11401
0	15:16:20.495	LevelAlerts EURUSD,H1: Price has crossed above your alert level: 1.11401
0	15:16:21.284	LevelAlerts EURUSD,H1: Alert: Price has crossed below your alert level: 1.11401
0	15:16:21.284	LevelAlerts EURUSD,H1: Price has crossed below your alert level: 1.11401
0	15:16:21.702	LevelAlerts EURUSD,H1: Alert: Price has crossed above your alert level: 1.11401
0	15:16:21.702	LevelAlerts EURUSD,H1: Price has crossed above your alert level: 1.11401
0	15:16:21.926	LevelAlerts EURUSD,H1: Alert: Price has crossed below your alert level: 1.11401
0	15:16:21.926	LevelAlerts EURUSD,H1: Price has crossed below your alert level: 1.11401
0	15:16:23.593	LevelAlerts EURUSD,H1: Alert: Price has crossed above your alert level: 1.11401
0	15:16:23.593	LevelAlerts EURUSD,H1: Price has crossed above your alert level: 1.11401
0	15:16:26.693	LevelAlerts EURUSD,H1: Alert: Price has crossed below your alert level: 1.11401
0	15:16:26.693	LevelAlerts EURUSD,H1: Price has crossed below your alert level: 1.11401
0	15:16:38.877	LevelAlerts EURUSD,H1: uninit reason 4
0	15:16:38.880	Custom indicator LevelAlerts EURUSD,H1: removed
0	15:20:45.988	Custom indicator LevelAlerts EURUSD,H1: loaded successfully
0	15:20:47.798	LevelAlerts EURUSD,H1: initialized
0	15:23:36.181	LevelAlerts EURUSD,H1: uninit reason 2
0	15:23:36.181	Custom indicator LevelAlerts EURUSD,H1: removed
0	15:23:36.197	Custom indicator LevelAlerts EURUSD,H1: loaded successfully
0	15:23:36.221	LevelAlerts EURUSD,H1: initialized
0	15:23:44.952	LevelAlerts EURUSD,H1: uninit reason 1
0	15:23:44.952	Custom indicator LevelAlerts EURUSD,H1: removed
0	15:23:55.618	Custom indicator LevelAlerts EURUSD,H1: loaded successfully
0	15:23:59.469	LevelAlerts EURUSD,H1: initialized
0	15:24:01.376	LevelAlerts EURUSD,H1: Alert Line created at price: 1.11337
0	15:24:01.508	LevelAlerts EURUSD,H1: Alert: Price has crossed above your alert level: 1.11337
0	15:24:01.508	LevelAlerts EURUSD,H1: Price has crossed above your alert level: 1.11337
0	15:24:02.288	LevelAlerts EURUSD,H1: Alert: Price has crossed below your alert level: 1.11337
0	15:24:02.288	LevelAlerts EURUSD,H1: Price has crossed below your alert level: 1.11337
0	15:24:09.312	LevelAlerts EURUSD,H1: Alert: Price has crossed above your alert level: 1.11337
0	15:24:09.312	LevelAlerts EURUSD,H1: Price has crossed above your alert level: 1.11337
0	15:24:11.698	LevelAlerts EURUSD,H1: Alert: Price has crossed below your alert level: 1.11337
0	15:24:11.698	LevelAlerts EURUSD,H1: Price has crossed below your alert level: 1.11337
0	15:24:14.273	LevelAlerts EURUSD,H1: Alert: Price has crossed above your alert level: 1.11337
0	15:24:14.273	LevelAlerts EURUSD,H1: Price has crossed above your alert level: 1.11337
0	15:33:02.874	LevelAlerts EURUSD,H1: Alert: Price has crossed below your alert level: 1.11337
0	15:33:02.874	LevelAlerts EURUSD,H1: Price has crossed below your alert level: 1.11337
0	15:33:09.707	LevelAlerts EURUSD,H1: Alert: Price has crossed above your alert level: 1.11337
0	15:33:09.708	LevelAlerts EURUSD,H1: Price has crossed above your alert level: 1.11337
0	15:33:28.725	LevelAlerts EURUSD,H1: Alert: Price has crossed below your alert level: 1.11337
0	15:33:28.725	LevelAlerts EURUSD,H1: Price has crossed below your alert level: 1.11337
0	15:33:54.728	LevelAlerts EURUSD,H1: Alert: Price has crossed above your alert level: 1.11337
0	15:33:54.728	LevelAlerts EURUSD,H1: Price has crossed above your alert level: 1.11337
0	15:34:30.969	LevelAlerts EURUSD,H1: Alert: Price has crossed below your alert level: 1.11337
0	15:34:30.970	LevelAlerts EURUSD,H1: Price has crossed below your alert level: 1.11337
0	15:41:49.286	LevelAlerts EURUSD,H1: uninit reason 2
0	15:41:49.286	Custom indicator LevelAlerts EURUSD,H1: removed
0	15:41:49.302	Custom indicator LevelAlerts EURUSD,H1: loaded successfully
0	15:41:49.333	LevelAlerts EURUSD,H1: initialized
0	15:41:51.121	LevelAlerts EURUSD,H1: uninit reason 2
0	15:41:51.121	Custom indicator LevelAlerts EURUSD,H1: removed
0	15:41:51.137	Custom indicator LevelAlerts EURUSD,H1: loaded successfully
0	15:41:51.152	LevelAlerts EURUSD,H1: initialized
0	15:41:51.329	Custom indicator LevelAlerts EURUSD,H1: loaded successfully
0	15:41:58.613	Custom indicator LevelAlerts EURUSD,H1: removed
0	15:41:58.688	LevelAlerts EURUSD,H1: uninit reason 4
0	15:41:58.692	Custom indicator LevelAlerts EURUSD,H1: removed
0	15:42:19.850	Custom indicator LevelAlerts EURUSD,H1: loaded successfully
0	15:42:32.011	LevelAlerts EURUSD,H1: initialized
0	15:42:33.948	LevelAlerts EURUSD,H1: Alert Line created at price: 1.11261
0	15:42:35.262	LevelAlerts EURUSD,H1: Alert: Price has crossed below your alert level: 1.11261
0	15:42:35.262	LevelAlerts EURUSD,H1: Price has crossed below your alert level: 1.11261
0	15:42:35.484	LevelAlerts EURUSD,H1: Alert: Price has crossed above your alert level: 1.11261
0	15:42:35.484	LevelAlerts EURUSD,H1: Price has crossed above your alert level: 1.11261
0	15:46:28.905	LevelAlerts EURUSD,H1: Alert: Price has crossed below your alert level: 1.11261
0	15:46:28.905	LevelAlerts EURUSD,H1: Price has crossed below your alert level: 1.11261
0	15:46:29.085	LevelAlerts EURUSD,H1: Alert: Price has crossed above your alert level: 1.11261
0	15:46:29.085	LevelAlerts EURUSD,H1: Price has crossed above your alert level: 1.11261
0	15:46:31.612	LevelAlerts EURUSD,H1: Alert: Price has crossed below your alert level: 1.11261
0	15:46:31.612	LevelAlerts EURUSD,H1: Price has crossed below your alert level: 1.11261
0	15:46:31.675	LevelAlerts EURUSD,H1: Alert: Price has crossed above your alert level: 1.11261
0	15:46:31.675	LevelAlerts EURUSD,H1: Price has crossed above your alert level: 1.11261
0	15:46:41.102	LevelAlerts EURUSD,H1: Alert: Price has crossed below your alert level: 1.11261
0	15:46:41.102	LevelAlerts EURUSD,H1: Price has crossed below your alert level: 1.11261
0	15:47:32.682	LevelAlerts EURUSD,H1: Alert: Price has crossed above your alert level: 1.11261
0	15:47:32.682	LevelAlerts EURUSD,H1: Price has crossed above your alert level: 1.11261
0	15:48:37.868	LevelAlerts EURUSD,H1: Alert: Price has crossed below your alert level: 1.11261
0	15:48:37.868	LevelAlerts EURUSD,H1: Price has crossed below your alert level: 1.11261
0	15:48:38.688	LevelAlerts EURUSD,H1: Alert: Price has crossed above your alert level: 1.11261
0	15:48:38.688	LevelAlerts EURUSD,H1: Price has crossed above your alert level: 1.11261
0	15:48:41.283	LevelAlerts EURUSD,H1: Alert: Price has crossed below your alert level: 1.11261
0	15:48:41.283	LevelAlerts EURUSD,H1: Price has crossed below your alert level: 1.11261
0	15:48:41.720	LevelAlerts EURUSD,H1: Alert: Price has crossed above your alert level: 1.11261
0	15:48:41.720	LevelAlerts EURUSD,H1: Price has crossed above your alert level: 1.11261
0	15:48:43.457	LevelAlerts EURUSD,H1: Alert: Price has crossed below your alert level: 1.11261
0	15:48:43.457	LevelAlerts EURUSD,H1: Price has crossed below your alert level: 1.11261
0	15:49:01.688	LevelAlerts EURUSD,H1: Alert: Price has crossed above your alert level: 1.11261
0	15:49:01.688	LevelAlerts EURUSD,H1: Price has crossed above your alert level: 1.11261
0	15:49:09.107	LevelAlerts EURUSD,H1: Alert: Price has crossed below your alert level: 1.11261
0	15:49:09.107	LevelAlerts EURUSD,H1: Price has crossed below your alert level: 1.11261
0	15:51:10.675	LevelAlerts EURUSD,H1: Alert: Price has crossed above your alert level: 1.11261
0	15:51:10.676	LevelAlerts EURUSD,H1: Price has crossed above your alert level: 1.11261
0	15:51:10.941	LevelAlerts EURUSD,H1: Alert: Price has crossed below your alert level: 1.11261
0	15:51:10.941	LevelAlerts EURUSD,H1: Price has crossed below your alert level: 1.11261
0	15:51:22.491	LevelAlerts EURUSD,H1: Alert: Price has crossed above your alert level: 1.11261
0	15:51:22.491	LevelAlerts EURUSD,H1: Price has crossed above your alert level: 1.11261
0	15:51:47.123	LevelAlerts EURUSD,H1: Alert: Price has crossed below your alert level: 1.11261
0	15:51:47.124	LevelAlerts EURUSD,H1: Price has crossed below your alert level: 1.11261
0	15:51:49.671	LevelAlerts EURUSD,H1: Alert: Price has crossed above your alert level: 1.11261
0	15:51:49.671	LevelAlerts EURUSD,H1: Price has crossed above your alert level: 1.11261
0	15:51:50.687	LevelAlerts EURUSD,H1: Alert: Price has crossed below your alert level: 1.11261
0	15:51:50.688	LevelAlerts EURUSD,H1: Price has crossed below your alert level: 1.11261
0	15:52:20.694	LevelAlerts EURUSD,H1: Alert: Price has crossed above your alert level: 1.11261
0	15:52:20.694	LevelAlerts EURUSD,H1: Price has crossed above your alert level: 1.11261
0	15:52:20.895	LevelAlerts EURUSD,H1: Alert: Price has crossed below your alert level: 1.11261
0	15:52:20.895	LevelAlerts EURUSD,H1: Price has crossed below your alert level: 1.11261
0	15:52:20.954	LevelAlerts EURUSD,H1: Alert: Price has crossed above your alert level: 1.11261
0	15:52:20.954	LevelAlerts EURUSD,H1: Price has crossed above your alert level: 1.11261
0	15:52:23.650	LevelAlerts EURUSD,H1: Alert: Price has crossed below your alert level: 1.11261
0	15:52:23.651	LevelAlerts EURUSD,H1: Price has crossed below your alert level: 1.11261
0	15:52:29.973	LevelAlerts EURUSD,H1: Alert: Price has crossed above your alert level: 1.11261
0	15:52:29.973	LevelAlerts EURUSD,H1: Price has crossed above your alert level: 1.11261
0	15:52:30.493	LevelAlerts EURUSD,H1: Alert: Price has crossed below your alert level: 1.11261
0	15:52:30.493	LevelAlerts EURUSD,H1: Price has crossed below your alert level: 1.11261
0	15:52:31.491	LevelAlerts EURUSD,H1: Alert: Price has crossed above your alert level: 1.11261
0	15:52:31.491	LevelAlerts EURUSD,H1: Price has crossed above your alert level: 1.11261
0	15:52:31.703	LevelAlerts EURUSD,H1: Alert: Price has crossed below your alert level: 1.11261
0	15:52:31.703	LevelAlerts EURUSD,H1: Price has crossed below your alert level: 1.11261
0	15:52:32.910	LevelAlerts EURUSD,H1: Alert: Price has crossed above your alert level: 1.11261
0	15:52:32.910	LevelAlerts EURUSD,H1: Price has crossed above your alert level: 1.11261
0	15:52:33.693	LevelAlerts EURUSD,H1: Alert: Price has crossed below your alert level: 1.11261
0	15:52:33.693	LevelAlerts EURUSD,H1: Price has crossed below your alert level: 1.11261
0	15:52:35.689	LevelAlerts EURUSD,H1: Alert: Price has crossed above your alert level: 1.11261
0	15:52:35.689	LevelAlerts EURUSD,H1: Price has crossed above your alert level: 1.11261
0	15:52:35.910	LevelAlerts EURUSD,H1: Alert: Price has crossed below your alert level: 1.11261
0	15:52:35.910	LevelAlerts EURUSD,H1: Price has crossed below your alert level: 1.11261
0	15:52:36.707	LevelAlerts EURUSD,H1: Alert: Price has crossed above your alert level: 1.11261
0	15:52:36.707	LevelAlerts EURUSD,H1: Price has crossed above your alert level: 1.11261
0	15:53:01.518	LevelAlerts EURUSD,H1: uninit reason 5
0	15:53:01.534	LevelAlerts EURUSD,H1: initialized
0	15:53:27.501	LevelAlerts EURUSD,H1: uninit reason 2
0	15:53:27.517	Custom indicator LevelAlerts EURUSD,H1: removed
0	15:53:27.532	Custom indicator LevelAlerts EURUSD,H1: loaded successfully
0	15:53:27.548	LevelAlerts EURUSD,H1: initialized
0	15:53:51.990	LevelAlerts EURUSD,H1: uninit reason 4
0	15:53:51.995	Custom indicator LevelAlerts EURUSD,H1: removed
0	15:54:03.374	Custom indicator LevelAlerts EURUSD,H1: loaded successfully
0	15:54:19.023	LevelAlerts EURUSD,H1: initialized
0	15:54:20.788	LevelAlerts EURUSD,H1: Alert Line created at price: 1.11264
0	15:54:22.187	LevelAlerts EURUSD,H1: Price has crossed above your alert level: 1.11264
0	15:54:30.290	LevelAlerts EURUSD,H1: Price has crossed below your alert level: 1.11264
0	15:55:46.070	LevelAlerts EURUSD,H1: Price has crossed above your alert level: 1.11264
0	15:55:49.670	LevelAlerts EURUSD,H1: Price has crossed below your alert level: 1.11264
0	15:56:29.833	LevelAlerts EURUSD,H1: Price has crossed above your alert level: 1.11264
0	15:56:33.733	LevelAlerts EURUSD,H1: Price has crossed below your alert level: 1.11264
0	15:57:57.874	LevelAlerts EURUSD,H1: Price has crossed above your alert level: 1.11264
0	15:58:11.663	LevelAlerts EURUSD,H1: Price has crossed below your alert level: 1.11264
0	15:58:21.066	LevelAlerts EURUSD,H1: Price has crossed above your alert level: 1.11264
0	15:58:21.190	LevelAlerts EURUSD,H1: Price has crossed below your alert level: 1.11264
0	15:58:21.687	LevelAlerts EURUSD,H1: Price has crossed above your alert level: 1.11264
0	15:58:21.889	LevelAlerts EURUSD,H1: Price has crossed below your alert level: 1.11264
0	15:58:22.152	LevelAlerts EURUSD,H1: Price has crossed above your alert level: 1.11264
0	15:58:22.873	LevelAlerts EURUSD,H1: Price has crossed below your alert level: 1.11264
0	15:58:29.128	LevelAlerts EURUSD,H1: Price has crossed above your alert level: 1.11264
0	16:06:41.138	LevelAlerts EURUSD,H1: Price has crossed below your alert level: 1.11264
0	16:06:57.893	LevelAlerts EURUSD,H1: Price has crossed above your alert level: 1.11264
0	16:07:10.702	LevelAlerts EURUSD,H1: Price has crossed below your alert level: 1.11264
0	16:07:17.069	LevelAlerts EURUSD,H1: Price has crossed above your alert level: 1.11264
0	16:07:17.301	LevelAlerts EURUSD,H1: Price has crossed below your alert level: 1.11264
0	16:07:20.862	LevelAlerts EURUSD,H1: Price has crossed above your alert level: 1.11264
0	16:07:24.480	LevelAlerts EURUSD,H1: Price has crossed below your alert level: 1.11264
0	16:07:24.677	LevelAlerts EURUSD,H1: Price has crossed above your alert level: 1.11264
0	16:08:19.468	LevelAlerts EURUSD,H1: Price has crossed below your alert level: 1.11264
0	16:08:25.472	LevelAlerts EURUSD,H1: Price has crossed above your alert level: 1.11264
0	16:08:26.646	LevelAlerts EURUSD,H1: Price has crossed below your alert level: 1.11264
0	16:08:26.776	LevelAlerts EURUSD,H1: Price has crossed above your alert level: 1.11264
0	16:08:26.869	LevelAlerts EURUSD,H1: Price has crossed below your alert level: 1.11264
0	16:08:27.474	LevelAlerts EURUSD,H1: Price has crossed above your alert level: 1.11264
0	16:08:27.713	LevelAlerts EURUSD,H1: Price has crossed below your alert level: 1.11264
0	16:08:27.860	LevelAlerts EURUSD,H1: Price has crossed above your alert level: 1.11264
0	16:08:28.265	LevelAlerts EURUSD,H1: Price has crossed below your alert level: 1.11264
0	16:08:28.479	LevelAlerts EURUSD,H1: Price has crossed above your alert level: 1.11264
0	16:08:29.944	LevelAlerts EURUSD,H1: Price has crossed below your alert level: 1.11264
0	16:08:30.376	LevelAlerts EURUSD,H1: Price has crossed above your alert level: 1.11264
0	16:08:30.491	LevelAlerts EURUSD,H1: Price has crossed below your alert level: 1.11264
0	16:08:41.087	LevelAlerts EURUSD,H1: Price has crossed above your alert level: 1.11264
0	16:09:50.903	LevelAlerts EURUSD,H1: Price has crossed below your alert level: 1.11264
0	16:09:53.622	LevelAlerts EURUSD,H1: Price has crossed above your alert level: 1.11264
0	16:09:53.878	LevelAlerts EURUSD,H1: Price has crossed below your alert level: 1.11264
0	16:09:54.843	LevelAlerts EURUSD,H1: Price has crossed above your alert level: 1.11264
0	16:09:57.471	LevelAlerts EURUSD,H1: Price has crossed below your alert level: 1.11264
0	16:09:57.676	LevelAlerts EURUSD,H1: Price has crossed above your alert level: 1.11264
0	16:10:00.462	LevelAlerts EURUSD,H1: Price has crossed below your alert level: 1.11264
0	16:10:03.457	LevelAlerts EURUSD,H1: Price has crossed above your alert level: 1.11264
0	16:14:17.728	LevelAlerts EURUSD,H1: Price has crossed below your alert level: 1.11264
0	16:16:46.253	LevelAlerts EURUSD,H1: Price has crossed above your alert level: 1.11264
0	16:16:48.679	LevelAlerts EURUSD,H1: Price has crossed below your alert level: 1.11264
0	16:16:54.471	LevelAlerts EURUSD,H1: Price has crossed above your alert level: 1.11264
0	16:17:00.863	LevelAlerts EURUSD,H1: Price has crossed below your alert level: 1.11264
0	16:17:01.062	LevelAlerts EURUSD,H1: Price has crossed above your alert level: 1.11264
0	16:17:20.505	LevelAlerts EURUSD,H1: Price has crossed below your alert level: 1.11264
0	16:17:43.863	LevelAlerts EURUSD,H1: uninit reason 4
0	16:17:43.867	Custom indicator LevelAlerts EURUSD,H1: removed
0	16:20:08.442	Custom indicator LevelAlerts EURUSD,H1: loaded successfully
0	16:20:41.412	LevelAlerts EURUSD,H1: initialized
0	16:26:26.998	LevelAlerts EURUSD,H1: Alert Line created at price: 1.11244
0	16:26:27.019	LevelAlerts EURUSD,H1: Alert Line already exists.
0	16:26:36.793	LevelAlerts EURUSD,H1: Alert: Price has crossed above your alert level: 1.11244
0	16:26:36.793	LevelAlerts EURUSD,H1: Price has crossed above your alert level: 1.11244
0	16:57:22.647	LevelAlerts EURUSD,H1: Alert: Price has crossed below your alert level: 1.11244
0	16:57:22.647	LevelAlerts EURUSD,H1: Price has crossed below your alert level: 1.11244
0	16:58:44.489	LevelAlerts EURUSD,H1: Alert: Price has crossed above your alert level: 1.11244
0	16:58:44.489	LevelAlerts EURUSD,H1: Price has crossed above your alert level: 1.11244
0	17:06:41.599	LevelAlerts EURUSD,H1: uninit reason 1
0	17:06:41.602	Custom indicator LevelAlerts EURUSD,H1: removed
0	17:08:27.701	Custom indicator LevelAlerts EURUSD,H1: loaded successfully
0	17:08:49.357	LevelAlerts EURUSD,H1: initialized
0	17:08:51.966	LevelAlerts EURUSD,H1: Alert Line created at price: 1.11300
0	17:08:52.073	LevelAlerts EURUSD,H1: Alert: Price has crossed above your alert level: 1.11300
0	17:08:52.073	LevelAlerts EURUSD,H1: Price has crossed above your alert level: 1.11300
0	17:09:14.499	LevelAlerts EURUSD,H1: Alert: Price has crossed below your alert level: 1.11300
0	17:09:14.499	LevelAlerts EURUSD,H1: Price has crossed below your alert level: 1.11300
0	17:09:15.038	LevelAlerts EURUSD,H1: Alert: Price has crossed above your alert level: 1.11300
0	17:09:15.038	LevelAlerts EURUSD,H1: Price has crossed above your alert level: 1.11300
0	17:09:15.832	LevelAlerts EURUSD,H1: Alert: Price has crossed below your alert level: 1.11300
0	17:09:15.832	LevelAlerts EURUSD,H1: Price has crossed below your alert level: 1.11300
0	17:09:17.657	LevelAlerts EURUSD,H1: Alert: Price has crossed above your alert level: 1.11300
0	17:09:17.657	LevelAlerts EURUSD,H1: Price has crossed above your alert level: 1.11300
0	17:11:19.303	LevelAlerts EURUSD,H1: Alert: Price has crossed below your alert level: 1.11300
0	17:11:19.303	LevelAlerts EURUSD,H1: Price has crossed below your alert level: 1.11300
0	17:11:29.725	LevelAlerts EURUSD,H1: Alert: Price has crossed above your alert level: 1.11300
0	17:11:29.725	LevelAlerts EURUSD,H1: Price has crossed above your alert level: 1.11300
0	17:11:30.317	LevelAlerts EURUSD,H1: Alert: Price has crossed below your alert level: 1.11300
0	17:11:30.317	LevelAlerts EURUSD,H1: Price has crossed below your alert level: 1.11300
0	17:11:30.542	LevelAlerts EURUSD,H1: Alert: Price has crossed above your alert level: 1.11300
0	17:11:30.542	LevelAlerts EURUSD,H1: Price has crossed above your alert level: 1.11300
0	17:11:31.463	LevelAlerts EURUSD,H1: Alert: Price has crossed below your alert level: 1.11300
0	17:11:31.463	LevelAlerts EURUSD,H1: Price has crossed below your alert level: 1.11300
0	17:11:31.710	LevelAlerts EURUSD,H1: Alert: Price has crossed above your alert level: 1.11300
0	17:11:31.710	LevelAlerts EURUSD,H1: Price has crossed above your alert level: 1.11300
0	17:11:32.046	LevelAlerts EURUSD,H1: Alert: Price has crossed below your alert level: 1.11300
0	17:11:32.046	LevelAlerts EURUSD,H1: Price has crossed below your alert level: 1.11300
0	17:11:32.121	LevelAlerts EURUSD,H1: Alert: Price has crossed above your alert level: 1.11300
0	17:11:32.121	LevelAlerts EURUSD,H1: Price has crossed above your alert level: 1.11300
0	17:11:32.628	LevelAlerts EURUSD,H1: Alert: Price has crossed below your alert level: 1.11300
0	17:11:32.628	LevelAlerts EURUSD,H1: Price has crossed below your alert level: 1.11300
0	17:11:32.684	LevelAlerts EURUSD,H1: Alert: Price has crossed above your alert level: 1.11300
0	17:11:32.684	LevelAlerts EURUSD,H1: Price has crossed above your alert level: 1.11300
0	17:11:33.059	LevelAlerts EURUSD,H1: Alert: Price has crossed below your alert level: 1.11300
0	17:11:33.059	LevelAlerts EURUSD,H1: Price has crossed below your alert level: 1.11300
0	17:11:33.654	LevelAlerts EURUSD,H1: Alert: Price has crossed above your alert level: 1.11300
0	17:11:33.654	LevelAlerts EURUSD,H1: Price has crossed above your alert level: 1.11300
0	17:11:53.754	LevelAlerts EURUSD,H1: Alert: Price has crossed below your alert level: 1.11300
0	17:11:53.754	LevelAlerts EURUSD,H1: Price has crossed below your alert level: 1.11300
0	17:11:53.845	LevelAlerts EURUSD,H1: Alert: Price has crossed above your alert level: 1.11300
0	17:11:53.845	LevelAlerts EURUSD,H1: Price has crossed above your alert level: 1.11300
0	17:11:54.450	LevelAlerts EURUSD,H1: Alert: Price has crossed below your alert level: 1.11300
0	17:11:54.450	LevelAlerts EURUSD,H1: Price has crossed below your alert level: 1.11300
0	17:11:55.923	LevelAlerts EURUSD,H1: Alert: Price has crossed above your alert level: 1.11300
0	17:11:55.923	LevelAlerts EURUSD,H1: Price has crossed above your alert level: 1.11300
0	17:11:56.239	LevelAlerts EURUSD,H1: Alert: Price has crossed below your alert level: 1.11300
0	17:11:56.239	LevelAlerts EURUSD,H1: Price has crossed below your alert level: 1.11300
0	17:11:56.277	LevelAlerts EURUSD,H1: Alert: Price has crossed above your alert level: 1.11300
0	17:11:56.277	LevelAlerts EURUSD,H1: Price has crossed above your alert level: 1.11300
0	17:12:00.020	LevelAlerts EURUSD,H1: Alert: Price has crossed below your alert level: 1.11300
0	17:12:00.020	LevelAlerts EURUSD,H1: Price has crossed below your alert level: 1.11300
0	17:12:00.332	LevelAlerts EURUSD,H1: Alert: Price has crossed above your alert level: 1.11300
0	17:12:00.332	LevelAlerts EURUSD,H1: Price has crossed above your alert level: 1.11300
0	17:12:01.861	LevelAlerts EURUSD,H1: Alert: Price has crossed below your alert level: 1.11300
0	17:12:01.861	LevelAlerts EURUSD,H1: Price has crossed below your alert level: 1.11300
0	17:12:02.046	LevelAlerts EURUSD,H1: Alert: Price has crossed above your alert level: 1.11300
0	17:12:02.046	LevelAlerts EURUSD,H1: Price has crossed above your alert level: 1.11300
0	17:12:02.474	LevelAlerts EURUSD,H1: Alert: Price has crossed below your alert level: 1.11300
0	17:12:02.474	LevelAlerts EURUSD,H1: Price has crossed below your alert level: 1.11300
0	17:12:02.501	LevelAlerts EURUSD,H1: Alert: Price has crossed above your alert level: 1.11300
0	17:12:02.501	LevelAlerts EURUSD,H1: Price has crossed above your alert level: 1.11300
0	17:12:07.459	LevelAlerts EURUSD,H1: Alert: Price has crossed below your alert level: 1.11300
0	17:12:07.459	LevelAlerts EURUSD,H1: Price has crossed below your alert level: 1.11300
0	17:13:07.461	LevelAlerts EURUSD,H1: Alert: Price has crossed above your alert level: 1.11300
0	17:13:07.461	LevelAlerts EURUSD,H1: Price has crossed above your alert level: 1.11300
0	17:13:13.866	LevelAlerts EURUSD,H1: Alert: Price has crossed below your alert level: 1.11300
0	17:13:13.866	LevelAlerts EURUSD,H1: Price has crossed below your alert level: 1.11300
0	17:14:41.112	LevelAlerts EURUSD,H1: Alert: Price has crossed above your alert level: 1.11300
0	17:14:41.112	LevelAlerts EURUSD,H1: Price has crossed above your alert level: 1.11300
0	17:14:41.243	LevelAlerts EURUSD,H1: Alert: Price has crossed below your alert level: 1.11300
0	17:14:41.243	LevelAlerts EURUSD,H1: Price has crossed below your alert level: 1.11300
0	17:19:15.852	LevelAlerts EURUSD,H1: Alert: Price has crossed above your alert level: 1.11300
0	17:19:15.852	LevelAlerts EURUSD,H1: Price has crossed above your alert level: 1.11300
0	17:19:18.537	LevelAlerts EURUSD,H1: Alert: Price has crossed below your alert level: 1.11300
0	17:19:18.537	LevelAlerts EURUSD,H1: Price has crossed below your alert level: 1.11300
0	17:19:26.367	LevelAlerts EURUSD,H1: uninit reason 4
0	17:19:26.372	Custom indicator LevelAlerts EURUSD,H1: removed
